0 verbose cli /usr/local/bin/node /usr/local/bin/npm
1 info using npm@8.11.0
2 info using node@v16.16.0
3 timing npm:load:whichnode Completed in 0ms
4 timing config:load:defaults Completed in 3ms
5 timing config:load:file:/usr/local/lib/node_modules/npm/npmrc Completed in 1ms
6 timing config:load:builtin Completed in 1ms
7 warn config production Use `--omit=dev` instead.
8 timing config:load:cli Completed in 2ms
9 timing config:load:env Completed in 0ms
10 timing config:load:file:/data/.npmrc Completed in 0ms
11 timing config:load:project Completed in 2ms
12 timing config:load:file:/usr/src/node-red/.npmrc Completed in 0ms
13 timing config:load:user Completed in 0ms
14 timing config:load:file:/usr/local/etc/npmrc Completed in 1ms
15 timing config:load:global Completed in 2ms
16 timing config:load:validate Completed in 0ms
17 timing config:load:credentials Completed in 1ms
18 timing config:load:setEnvs Completed in 1ms
19 timing config:load Completed in 12ms
20 timing npm:load:configload Completed in 12ms
21 timing npm:load:mkdirpcache Completed in 4ms
22 timing npm:load:mkdirplogs Completed in 0ms
23 verbose title npm install node-red-contrib-stackhero-influxdb-v2@1.0.4
24 verbose argv "install" "--no-audit" "--no-update-notifier" "--no-fund" "--save" "--save-prefix" "~" "--production" "--engine-strict" "node-red-contrib-stackhero-influxdb-v2@1.0.4"
25 timing npm:load:setTitle Completed in 1ms
26 timing config:load:flatten Completed in 3ms
27 timing npm:load:display Completed in 5ms
28 verbose logfile logs-max:10 dir:/data/.npm/_logs
29 verbose logfile /data/.npm/_logs/2022-09-13T08_26_47_737Z-debug-0.log
30 timing npm:load:logFile Completed in 4ms
31 timing npm:load:timers Completed in 0ms
32 timing npm:load:configScope Completed in 0ms
33 timing npm:load Completed in 26ms
34 timing arborist:ctor Completed in 0ms
35 silly logfile start cleaning logs, removing 1 files
36 silly logfile done cleaning log files
37 timing arborist:ctor Completed in 0ms
38 timing arborist:ctor Completed in 0ms
39 timing arborist:ctor Completed in 0ms
40 timing idealTree:init Completed in 230ms
41 timing idealTree:userRequests Completed in 2ms
42 silly idealTree buildDeps
43 silly fetch manifest node-red-contrib-stackhero-influxdb-v2@1.0.4
44 http fetch GET 200 https://registry.npmjs.org/node-red-contrib-stackhero-influxdb-v2 1033ms (cache miss)
45 silly placeDep ROOT node-red-contrib-stackhero-influxdb-v2@1.0.4 OK for: node-red-project@0.0.1 want: 1.0.4
46 silly fetch manifest influxdb-v2@1.0.0
47 http fetch GET 200 https://registry.npmjs.org/influxdb-v2 776ms (cache miss)
48 timing idealTree:#root Completed in 1816ms
49 silly placeDep ROOT influxdb-v2@1.0.0 OK for: node-red-contrib-stackhero-influxdb-v2@1.0.4 want: 1.0.0
50 silly fetch manifest node-fetch@^2.6.1
51 http fetch GET 200 https://registry.npmjs.org/node-fetch 48ms (cache revalidated)
52 timing idealTree:node_modules/node-red-contrib-stackhero-influxdb-v2 Completed in 53ms
53 silly fetch manifest encoding@^0.1.0
54 http fetch GET 200 https://registry.npmjs.org/encoding 43ms (cache revalidated)
55 silly placeDep ROOT node-fetch@2.6.7 OK for: influxdb-v2@1.0.0 want: ^2.6.1
56 silly fetch manifest whatwg-url@^5.0.0
57 http fetch GET 200 https://registry.npmjs.org/whatwg-url 34ms (cache revalidated)
58 timing idealTree:node_modules/influxdb-v2 Completed in 79ms
59 silly placeDep ROOT whatwg-url@5.0.0 OK for: node-fetch@2.6.7 want: ^5.0.0
60 silly fetch manifest tr46@~0.0.3
61 silly fetch manifest webidl-conversions@^3.0.0
62 http fetch GET 200 https://registry.npmjs.org/webidl-conversions 40ms (cache revalidated)
63 http fetch GET 200 https://registry.npmjs.org/tr46 69ms (cache revalidated)
64 timing idealTree:node_modules/node-fetch Completed in 72ms
65 silly placeDep ROOT tr46@0.0.3 OK for: whatwg-url@5.0.0 want: ~0.0.3
66 silly placeDep ROOT webidl-conversions@3.0.1 OK for: whatwg-url@5.0.0 want: ^3.0.0
67 timing idealTree:node_modules/whatwg-url Completed in 2ms
68 timing idealTree:node_modules/tr46 Completed in 0ms
69 timing idealTree:node_modules/webidl-conversions Completed in 0ms
70 timing idealTree:buildDeps Completed in 2023ms
71 timing idealTree:fixDepFlags Completed in 2ms
72 timing idealTree Completed in 2261ms
73 timing reify:loadTrees Completed in 2261ms
74 timing reify:diffTrees Completed in 4ms
75 silly reify moves {}
76 timing reify:retireShallow Completed in 1ms
77 timing reify:createSparse Completed in 1ms
78 timing reify:trashOmits Completed in 0ms
79 timing reify:loadBundles Completed in 0ms
80 silly tarball no local data for influxdb-v2@https://registry.npmjs.org/influxdb-v2/-/influxdb-v2-1.0.0.tgz. Extracting by manifest.
81 silly tarball no local data for node-red-contrib-stackhero-influxdb-v2@https://registry.npmjs.org/node-red-contrib-stackhero-influxdb-v2/-/node-red-contrib-stackhero-influxdb-v2-1.0.4.tgz. Extracting by manifest.
82 timing reifyNode:node_modules/webidl-conversions Completed in 31ms
83 timing reifyNode:node_modules/whatwg-url Completed in 32ms
84 timing reifyNode:node_modules/node-fetch Completed in 32ms
85 timing reifyNode:node_modules/tr46 Completed in 33ms
86 http fetch GET 200 https://registry.npmjs.org/influxdb-v2/-/influxdb-v2-1.0.0.tgz 414ms (cache miss)
87 timing reifyNode:node_modules/influxdb-v2 Completed in 420ms
88 http fetch GET 200 https://registry.npmjs.org/node-red-contrib-stackhero-influxdb-v2/-/node-red-contrib-stackhero-influxdb-v2-1.0.4.tgz 936ms (cache miss)
89 timing reifyNode:node_modules/node-red-contrib-stackhero-influxdb-v2 Completed in 946ms
90 timing reify:unpack Completed in 947ms
91 timing reify:unretire Completed in 0ms
92 timing build:queue Completed in 0ms
93 timing build:deps Completed in 0ms
94 timing build Completed in 1ms
95 timing reify:build Completed in 1ms
96 timing reify:trash Completed in 0ms
97 timing reify:save Completed in 45ms
98 timing reify Completed in 3281ms
99 silly ADD node_modules/webidl-conversions
100 silly ADD node_modules/tr46
101 silly ADD node_modules/whatwg-url
102 silly ADD node_modules/node-fetch
103 silly ADD node_modules/influxdb-v2
104 silly ADD node_modules/node-red-contrib-stackhero-influxdb-v2
105 timing command:install Completed in 3284ms
106 verbose exit 0
107 timing npm Completed in 3387ms
108 info ok
