0 verbose cli /usr/local/bin/node /usr/local/bin/npm
1 info using npm@8.11.0
2 info using node@v16.16.0
3 timing npm:load:whichnode Completed in 1ms
4 timing config:load:defaults Completed in 3ms
5 timing config:load:file:/usr/local/lib/node_modules/npm/npmrc Completed in 1ms
6 timing config:load:builtin Completed in 1ms
7 warn config production Use `--omit=dev` instead.
8 timing config:load:cli Completed in 2ms
9 timing config:load:env Completed in 1ms
10 timing config:load:file:/data/uibuilder/.npmrc Completed in 0ms
11 timing config:load:project Completed in 4ms
12 timing config:load:file:/usr/src/node-red/.npmrc Completed in 2ms
13 timing config:load:user Completed in 2ms
14 timing config:load:file:/usr/local/etc/npmrc Completed in 1ms
15 timing config:load:global Completed in 1ms
16 timing config:load:validate Completed in 0ms
17 timing config:load:credentials Completed in 1ms
18 timing config:load:setEnvs Completed in 0ms
19 timing config:load Completed in 17ms
20 timing npm:load:configload Completed in 17ms
21 timing npm:load:mkdirpcache Completed in 1ms
22 timing npm:load:mkdirplogs Completed in 0ms
23 verbose title npm install vue
24 verbose argv "install" "--no-fund" "--no-audit" "--no-update-notifier" "--save" "--production" "--color" "false" "vue"
25 timing npm:load:setTitle Completed in 1ms
26 timing config:load:flatten Completed in 2ms
27 timing npm:load:display Completed in 5ms
28 verbose logfile logs-max:10 dir:/data/.npm/_logs
29 verbose logfile /data/.npm/_logs/2022-09-12T16_27_49_621Z-debug-0.log
30 timing npm:load:logFile Completed in 5ms
31 timing npm:load:timers Completed in 0ms
32 timing npm:load:configScope Completed in 0ms
33 timing npm:load Completed in 30ms
34 timing arborist:ctor Completed in 1ms
35 silly logfile done cleaning log files
36 timing arborist:ctor Completed in 0ms
37 timing idealTree:init Completed in 10ms
38 timing idealTree:userRequests Completed in 2ms
39 silly idealTree buildDeps
40 silly fetch manifest vue@*
41 http fetch GET 200 https://registry.npmjs.org/vue 1144ms (cache miss)
42 silly placeDep ROOT vue@3.2.39 OK for: uib_root@5.1.1 want: *
43 silly fetch manifest @vue/shared@3.2.39
44 silly fetch manifest @vue/compiler-dom@3.2.39
45 silly fetch manifest @vue/runtime-dom@3.2.39
46 silly fetch manifest @vue/compiler-sfc@3.2.39
47 silly fetch manifest @vue/server-renderer@3.2.39
48 http fetch GET 200 https://registry.npmjs.org/@vue%2fshared 152ms (cache miss)
49 http fetch GET 200 https://registry.npmjs.org/@vue%2fcompiler-dom 167ms (cache miss)
50 http fetch GET 200 https://registry.npmjs.org/@vue%2fruntime-dom 188ms (cache miss)
51 http fetch GET 200 https://registry.npmjs.org/@vue%2fserver-renderer 1732ms (cache miss)
52 http fetch GET 200 https://registry.npmjs.org/@vue%2fcompiler-sfc 1754ms (cache miss)
53 timing idealTree:#root Completed in 2915ms
54 silly fetch manifest vue@3.2.39
55 silly placeDep ROOT @vue/compiler-dom@3.2.39 OK for: vue@3.2.39 want: 3.2.39
56 silly placeDep ROOT @vue/compiler-sfc@3.2.39 OK for: vue@3.2.39 want: 3.2.39
57 silly placeDep ROOT @vue/runtime-dom@3.2.39 OK for: vue@3.2.39 want: 3.2.39
58 silly placeDep ROOT @vue/server-renderer@3.2.39 OK for: vue@3.2.39 want: 3.2.39
59 silly placeDep ROOT @vue/shared@3.2.39 OK for: vue@3.2.39 want: 3.2.39
60 silly fetch manifest @vue/compiler-core@3.2.39
61 silly fetch manifest @babel/parser@^7.16.4
62 silly fetch manifest @vue/compiler-ssr@3.2.39
63 silly fetch manifest @vue/reactivity-transform@3.2.39
64 silly fetch manifest estree-walker@^2.0.2
65 silly fetch manifest magic-string@^0.25.7
66 silly fetch manifest source-map@^0.6.1
67 silly fetch manifest postcss@^8.1.10
68 silly fetch manifest @vue/runtime-core@3.2.39
69 silly fetch manifest csstype@^2.6.8
70 http fetch GET 200 https://registry.npmjs.org/estree-walker 118ms (cache miss)
71 http fetch GET 200 https://registry.npmjs.org/magic-string 183ms (cache miss)
72 http fetch GET 200 https://registry.npmjs.org/@babel%2fparser 189ms (cache miss)
73 http fetch GET 200 https://registry.npmjs.org/source-map 208ms (cache revalidated)
74 http fetch GET 200 https://registry.npmjs.org/csstype 209ms (cache miss)
75 http fetch GET 200 https://registry.npmjs.org/@vue%2fcompiler-ssr 245ms (cache miss)
76 http fetch GET 200 https://registry.npmjs.org/@vue%2fcompiler-core 256ms (cache miss)
77 http fetch GET 200 https://registry.npmjs.org/@vue%2fruntime-core 264ms (cache miss)
78 http fetch GET 200 https://registry.npmjs.org/postcss 274ms (cache miss)
79 http fetch GET 200 https://registry.npmjs.org/@vue%2freactivity-transform 526ms (cache miss)
80 timing idealTree:node_modules/vue Completed in 540ms
81 silly placeDep ROOT @vue/compiler-core@3.2.39 OK for: @vue/compiler-dom@3.2.39 want: 3.2.39
82 timing idealTree:node_modules/@vue/compiler-dom Completed in 1ms
83 silly placeDep ROOT @babel/parser@7.19.0 OK for: @vue/compiler-core@3.2.39 want: ^7.16.4
84 silly placeDep ROOT estree-walker@2.0.2 OK for: @vue/compiler-core@3.2.39 want: ^2.0.2
85 silly placeDep ROOT source-map@0.6.1 OK for: @vue/compiler-core@3.2.39 want: ^0.6.1
86 timing idealTree:node_modules/@vue/compiler-core Completed in 4ms
87 timing idealTree:node_modules/@babel/parser Completed in 0ms
88 silly placeDep ROOT @vue/compiler-ssr@3.2.39 OK for: @vue/compiler-sfc@3.2.39 want: 3.2.39
89 silly placeDep ROOT @vue/reactivity-transform@3.2.39 OK for: @vue/compiler-sfc@3.2.39 want: 3.2.39
90 silly placeDep ROOT magic-string@0.25.9 OK for: @vue/compiler-sfc@3.2.39 want: ^0.25.7
91 silly placeDep ROOT postcss@8.4.16 OK for: @vue/compiler-sfc@3.2.39 want: ^8.1.10
92 silly fetch manifest sourcemap-codec@^1.4.8
93 silly fetch manifest nanoid@^3.3.4
94 silly fetch manifest picocolors@^1.0.0
95 silly fetch manifest source-map-js@^1.0.2
96 http fetch GET 200 https://registry.npmjs.org/nanoid 38ms (cache revalidated)
97 http fetch GET 200 https://registry.npmjs.org/source-map-js 46ms (cache miss)
98 http fetch GET 200 https://registry.npmjs.org/picocolors 53ms (cache miss)
99 http fetch GET 200 https://registry.npmjs.org/sourcemap-codec 66ms (cache miss)
100 timing idealTree:node_modules/@vue/compiler-sfc Completed in 70ms
101 timing idealTree:node_modules/@vue/compiler-ssr Completed in 0ms
102 timing idealTree:node_modules/@vue/reactivity-transform Completed in 0ms
103 silly placeDep ROOT @vue/runtime-core@3.2.39 OK for: @vue/runtime-dom@3.2.39 want: 3.2.39
104 silly placeDep ROOT csstype@2.6.20 OK for: @vue/runtime-dom@3.2.39 want: ^2.6.8
105 silly fetch manifest @vue/reactivity@3.2.39
106 http fetch GET 200 https://registry.npmjs.org/@vue%2freactivity 263ms (cache miss)
107 timing idealTree:node_modules/@vue/runtime-dom Completed in 266ms
108 silly placeDep ROOT @vue/reactivity@3.2.39 OK for: @vue/runtime-core@3.2.39 want: 3.2.39
109 timing idealTree:node_modules/@vue/runtime-core Completed in 1ms
110 timing idealTree:node_modules/@vue/reactivity Completed in 0ms
111 timing idealTree:node_modules/@vue/server-renderer Completed in 0ms
112 timing idealTree:node_modules/@vue/shared Completed in 0ms
113 timing idealTree:node_modules/csstype Completed in 0ms
114 timing idealTree:node_modules/estree-walker Completed in 0ms
115 silly placeDep ROOT sourcemap-codec@1.4.8 OK for: magic-string@0.25.9 want: ^1.4.8
116 timing idealTree:node_modules/magic-string Completed in 1ms
117 silly placeDep ROOT nanoid@3.3.4 OK for: postcss@8.4.16 want: ^3.3.4
118 silly placeDep ROOT picocolors@1.0.0 OK for: postcss@8.4.16 want: ^1.0.0
119 silly placeDep ROOT source-map-js@1.0.2 OK for: postcss@8.4.16 want: ^1.0.2
120 timing idealTree:node_modules/postcss Completed in 2ms
121 timing idealTree:node_modules/nanoid Completed in 0ms
122 timing idealTree:node_modules/picocolors Completed in 0ms
123 timing idealTree:node_modules/source-map Completed in 0ms
124 timing idealTree:node_modules/source-map-js Completed in 0ms
125 timing idealTree:node_modules/sourcemap-codec Completed in 0ms
126 timing idealTree:buildDeps Completed in 3804ms
127 timing idealTree:fixDepFlags Completed in 1ms
128 timing idealTree Completed in 3818ms
129 timing reify:loadTrees Completed in 3819ms
130 timing reify:diffTrees Completed in 1ms
131 silly reify moves {}
132 timing reify:retireShallow Completed in 1ms
133 timing reify:createSparse Completed in 3ms
134 timing reify:trashOmits Completed in 0ms
135 timing reify:loadBundles Completed in 0ms
136 silly tarball no local data for source-map-js@https://registry.npmjs.org/source-map-js/-/source-map-js-1.0.2.tgz. Extracting by manifest.
137 silly tarball no local data for picocolors@https://registry.npmjs.org/picocolors/-/picocolors-1.0.0.tgz. Extracting by manifest.
138 silly tarball no local data for sourcemap-codec@https://registry.npmjs.org/sourcemap-codec/-/sourcemap-codec-1.4.8.tgz. Extracting by manifest.
139 silly tarball no local data for @vue/reactivity@https://registry.npmjs.org/@vue/reactivity/-/reactivity-3.2.39.tgz. Extracting by manifest.
140 silly tarball no local data for csstype@https://registry.npmjs.org/csstype/-/csstype-2.6.20.tgz. Extracting by manifest.
141 silly tarball no local data for @vue/runtime-core@https://registry.npmjs.org/@vue/runtime-core/-/runtime-core-3.2.39.tgz. Extracting by manifest.
142 silly tarball no local data for postcss@https://registry.npmjs.org/postcss/-/postcss-8.4.16.tgz. Extracting by manifest.
143 silly tarball no local data for @vue/compiler-ssr@https://registry.npmjs.org/@vue/compiler-ssr/-/compiler-ssr-3.2.39.tgz. Extracting by manifest.
144 silly tarball no local data for magic-string@https://registry.npmjs.org/magic-string/-/magic-string-0.25.9.tgz. Extracting by manifest.
145 silly tarball no local data for @babel/parser@https://registry.npmjs.org/@babel/parser/-/parser-7.19.0.tgz. Extracting by manifest.
146 silly tarball no local data for @vue/compiler-core@https://registry.npmjs.org/@vue/compiler-core/-/compiler-core-3.2.39.tgz. Extracting by manifest.
147 silly tarball no local data for @vue/reactivity-transform@https://registry.npmjs.org/@vue/reactivity-transform/-/reactivity-transform-3.2.39.tgz. Extracting by manifest.
148 silly tarball no local data for @vue/shared@https://registry.npmjs.org/@vue/shared/-/shared-3.2.39.tgz. Extracting by manifest.
149 silly tarball no local data for @vue/compiler-sfc@https://registry.npmjs.org/@vue/compiler-sfc/-/compiler-sfc-3.2.39.tgz. Extracting by manifest.
150 silly tarball no local data for @vue/server-renderer@https://registry.npmjs.org/@vue/server-renderer/-/server-renderer-3.2.39.tgz. Extracting by manifest.
151 silly tarball no local data for @vue/runtime-dom@https://registry.npmjs.org/@vue/runtime-dom/-/runtime-dom-3.2.39.tgz. Extracting by manifest.
152 silly tarball no local data for @vue/compiler-dom@https://registry.npmjs.org/@vue/compiler-dom/-/compiler-dom-3.2.39.tgz. Extracting by manifest.
153 silly tarball no local data for vue@https://registry.npmjs.org/vue/-/vue-3.2.39.tgz. Extracting by manifest.
154 silly tarball no local data for estree-walker@https://registry.npmjs.org/estree-walker/-/estree-walker-2.0.2.tgz. Extracting by manifest.
155 http fetch GET 200 https://registry.npmjs.org/picocolors/-/picocolors-1.0.0.tgz 142ms (cache miss)
156 timing reifyNode:node_modules/picocolors Completed in 158ms
157 http fetch GET 200 https://registry.npmjs.org/sourcemap-codec/-/sourcemap-codec-1.4.8.tgz 142ms (cache miss)
158 timing reifyNode:node_modules/sourcemap-codec Completed in 167ms
159 timing reifyNode:node_modules/nanoid Completed in 179ms
160 http fetch GET 200 https://registry.npmjs.org/@vue/compiler-ssr/-/compiler-ssr-3.2.39.tgz 146ms (cache miss)
161 timing reifyNode:node_modules/@vue/compiler-ssr Completed in 184ms
162 timing reifyNode:node_modules/source-map Completed in 198ms
163 http fetch GET 200 https://registry.npmjs.org/@vue/reactivity/-/reactivity-3.2.39.tgz 192ms (cache miss)
164 timing reifyNode:node_modules/@vue/reactivity Completed in 216ms
165 http fetch GET 200 https://registry.npmjs.org/postcss/-/postcss-8.4.16.tgz 186ms (cache miss)
166 timing reifyNode:node_modules/postcss Completed in 221ms
167 http fetch GET 200 https://registry.npmjs.org/magic-string/-/magic-string-0.25.9.tgz 192ms (cache miss)
168 timing reifyNode:node_modules/magic-string Completed in 233ms
169 http fetch GET 200 https://registry.npmjs.org/@vue/shared/-/shared-3.2.39.tgz 184ms (cache miss)
170 timing reifyNode:node_modules/@vue/shared Completed in 241ms
171 http fetch GET 200 https://registry.npmjs.org/estree-walker/-/estree-walker-2.0.2.tgz 239ms (cache miss)
172 timing reifyNode:node_modules/estree-walker Completed in 321ms
173 http fetch GET 200 https://registry.npmjs.org/@vue/reactivity-transform/-/reactivity-transform-3.2.39.tgz 289ms (cache miss)
174 timing reifyNode:node_modules/@vue/reactivity-transform Completed in 343ms
175 http fetch GET 200 https://registry.npmjs.org/@vue/runtime-core/-/runtime-core-3.2.39.tgz 378ms (cache miss)
176 timing reifyNode:node_modules/@vue/runtime-core Completed in 406ms
177 http fetch GET 200 https://registry.npmjs.org/csstype/-/csstype-2.6.20.tgz 394ms (cache miss)
178 timing reifyNode:node_modules/csstype Completed in 419ms
179 http fetch GET 200 https://registry.npmjs.org/@vue/compiler-dom/-/compiler-dom-3.2.39.tgz 356ms (cache miss)
180 timing reifyNode:node_modules/@vue/compiler-dom Completed in 428ms
181 http fetch GET 200 https://registry.npmjs.org/@vue/compiler-core/-/compiler-core-3.2.39.tgz 384ms (cache miss)
182 timing reifyNode:node_modules/@vue/compiler-core Completed in 435ms
183 http fetch GET 200 https://registry.npmjs.org/@babel/parser/-/parser-7.19.0.tgz 428ms (cache miss)
184 timing reifyNode:node_modules/@babel/parser Completed in 477ms
185 http fetch GET 200 https://registry.npmjs.org/source-map-js/-/source-map-js-1.0.2.tgz 489ms (cache miss)
186 timing reifyNode:node_modules/source-map-js Completed in 502ms
187 http fetch GET 200 https://registry.npmjs.org/@vue/runtime-dom/-/runtime-dom-3.2.39.tgz 434ms (cache miss)
188 timing reifyNode:node_modules/@vue/runtime-dom Completed in 504ms
189 http fetch GET 200 https://registry.npmjs.org/@vue/server-renderer/-/server-renderer-3.2.39.tgz 533ms (cache miss)
190 timing reifyNode:node_modules/@vue/server-renderer Completed in 600ms
191 http fetch GET 200 https://registry.npmjs.org/vue/-/vue-3.2.39.tgz 556ms (cache miss)
192 timing reifyNode:node_modules/vue Completed in 636ms
193 http fetch GET 200 https://registry.npmjs.org/@vue/compiler-sfc/-/compiler-sfc-3.2.39.tgz 611ms (cache miss)
194 timing reifyNode:node_modules/@vue/compiler-sfc Completed in 670ms
195 timing reify:unpack Completed in 671ms
196 timing reify:unretire Completed in 0ms
197 timing build:queue Completed in 1ms
198 timing build:link:node_modules/nanoid Completed in 1ms
199 timing build:link:node_modules/@babel/parser Completed in 2ms
200 timing build:link Completed in 2ms
201 timing build:deps Completed in 3ms
202 timing build Completed in 3ms
203 timing reify:build Completed in 3ms
204 timing reify:trash Completed in 0ms
205 timing reify:save Completed in 8ms
206 timing reify Completed in 4516ms
207 silly ADD node_modules/source-map-js
208 silly ADD node_modules/picocolors
209 silly ADD node_modules/nanoid
210 silly ADD node_modules/sourcemap-codec
211 silly ADD node_modules/@vue/reactivity
212 silly ADD node_modules/csstype
213 silly ADD node_modules/@vue/runtime-core
214 silly ADD node_modules/postcss
215 silly ADD node_modules/magic-string
216 silly ADD node_modules/@vue/reactivity-transform
217 silly ADD node_modules/@vue/compiler-ssr
218 silly ADD node_modules/source-map
219 silly ADD node_modules/estree-walker
220 silly ADD node_modules/@babel/parser
221 silly ADD node_modules/@vue/compiler-core
222 silly ADD node_modules/@vue/shared
223 silly ADD node_modules/@vue/server-renderer
224 silly ADD node_modules/@vue/runtime-dom
225 silly ADD node_modules/@vue/compiler-sfc
226 silly ADD node_modules/@vue/compiler-dom
227 silly ADD node_modules/vue
228 timing command:install Completed in 4519ms
229 verbose exit 0
230 timing npm Completed in 4618ms
231 info ok
