0 verbose cli /usr/local/bin/node /usr/local/bin/npm
1 info using npm@8.11.0
2 info using node@v16.16.0
3 timing npm:load:whichnode Completed in 0ms
4 timing config:load:defaults Completed in 3ms
5 timing config:load:file:/usr/local/lib/node_modules/npm/npmrc Completed in 1ms
6 timing config:load:builtin Completed in 1ms
7 warn config production Use `--omit=dev` instead.
8 timing config:load:cli Completed in 2ms
9 timing config:load:env Completed in 1ms
10 timing config:load:file:/data/uibuilder/.npmrc Completed in 0ms
11 timing config:load:project Completed in 3ms
12 timing config:load:file:/usr/src/node-red/.npmrc Completed in 0ms
13 timing config:load:user Completed in 0ms
14 timing config:load:file:/usr/local/etc/npmrc Completed in 3ms
15 timing config:load:global Completed in 3ms
16 timing config:load:validate Completed in 0ms
17 timing config:load:credentials Completed in 1ms
18 timing config:load:setEnvs Completed in 1ms
19 timing config:load Completed in 16ms
20 timing npm:load:configload Completed in 17ms
21 timing npm:load:mkdirpcache Completed in 1ms
22 timing npm:load:mkdirplogs Completed in 1ms
23 verbose title npm install bootstrap-vue
24 verbose argv "install" "--no-fund" "--no-audit" "--no-update-notifier" "--save" "--production" "--color" "false" "bootstrap-vue"
25 timing npm:load:setTitle Completed in 1ms
26 timing config:load:flatten Completed in 3ms
27 timing npm:load:display Completed in 5ms
28 verbose logfile logs-max:10 dir:/data/.npm/_logs
29 verbose logfile /data/.npm/_logs/2022-09-12T16_28_20_038Z-debug-0.log
30 timing npm:load:logFile Completed in 4ms
31 timing npm:load:timers Completed in 0ms
32 timing npm:load:configScope Completed in 0ms
33 timing npm:load Completed in 29ms
34 timing arborist:ctor Completed in 0ms
35 silly logfile done cleaning log files
36 timing idealTree:init Completed in 32ms
37 timing idealTree:userRequests Completed in 1ms
38 silly idealTree buildDeps
39 silly fetch manifest bootstrap-vue@*
40 timing arborist:ctor Completed in 1ms
41 http fetch GET 200 https://registry.npmjs.org/bootstrap-vue 1027ms (cache miss)
42 silly placeDep ROOT bootstrap-vue@2.22.0 OK for: uib_root@5.1.1 want: *
43 silly fetch manifest @nuxt/opencollective@^0.3.2
44 silly fetch manifest bootstrap@^4.6.1
45 silly fetch manifest popper.js@^1.16.1
46 silly fetch manifest portal-vue@^2.1.7
47 silly fetch manifest vue-functional-data-merge@^3.1.0
48 http fetch GET 200 https://registry.npmjs.org/vue-functional-data-merge 81ms (cache miss)
49 http fetch GET 200 https://registry.npmjs.org/@nuxt%2fopencollective 88ms (cache miss)
50 http fetch GET 200 https://registry.npmjs.org/portal-vue 103ms (cache miss)
51 http fetch GET 200 https://registry.npmjs.org/popper.js 129ms (cache miss)
52 http fetch GET 200 https://registry.npmjs.org/bootstrap 134ms (cache miss)
53 timing idealTree:#root Completed in 1173ms
54 silly fetch manifest jquery@1.9.1 - 3
55 http fetch GET 200 https://registry.npmjs.org/jquery 64ms (cache revalidated)
56 silly fetch manifest vue@^2.5.18
57 http fetch GET 200 https://registry.npmjs.org/vue 4ms (cache hit)
58 silly placeDep ROOT @nuxt/opencollective@0.3.3 OK for: bootstrap-vue@2.22.0 want: ^0.3.2
59 silly placeDep ROOT bootstrap@4.6.2 OK for: bootstrap-vue@2.22.0 want: ^4.6.1
60 silly placeDep ROOT jquery@3.6.1 OK for: bootstrap@4.6.2 want: 1.9.1 - 3
61 silly placeDep ROOT popper.js@1.16.1 OK for: bootstrap@4.6.2 want: ^1.16.1
62 silly placeDep node_modules/bootstrap-vue portal-vue@2.1.7 OK for: bootstrap-vue@2.22.0 want: ^2.1.7
63 silly placeDep node_modules/bootstrap-vue vue@2.7.10 OK for: portal-vue@2.1.7 want: ^2.5.18
64 silly placeDep ROOT vue-functional-data-merge@3.1.0 OK for: bootstrap-vue@2.22.0 want: ^3.1.0
65 silly fetch manifest chalk@^4.1.0
66 silly fetch manifest consola@^2.15.0
67 silly fetch manifest node-fetch@^2.6.7
68 silly fetch manifest @vue/compiler-sfc@2.7.10
69 silly fetch manifest csstype@^3.1.0
70 http fetch GET 200 https://registry.npmjs.org/csstype 9ms (cache hit)
71 http fetch GET 200 https://registry.npmjs.org/@vue%2fcompiler-sfc 11ms (cache hit)
72 http fetch GET 200 https://registry.npmjs.org/chalk 38ms (cache revalidated)
73 http fetch GET 200 https://registry.npmjs.org/node-fetch 63ms (cache miss)
74 http fetch GET 200 https://registry.npmjs.org/consola 877ms (cache miss)
75 timing idealTree:node_modules/bootstrap-vue Completed in 967ms
76 silly fetch manifest encoding@^0.1.0
77 http fetch GET 200 https://registry.npmjs.org/encoding 41ms (cache miss)
78 silly placeDep ROOT chalk@4.1.2 OK for: @nuxt/opencollective@0.3.3 want: ^4.1.0
79 silly placeDep ROOT consola@2.15.3 OK for: @nuxt/opencollective@0.3.3 want: ^2.15.0
80 silly placeDep ROOT node-fetch@2.6.7 OK for: @nuxt/opencollective@0.3.3 want: ^2.6.7
81 silly fetch manifest ansi-styles@^4.1.0
82 silly fetch manifest supports-color@^7.1.0
83 silly fetch manifest whatwg-url@^5.0.0
84 http fetch GET 200 https://registry.npmjs.org/supports-color 37ms (cache revalidated)
85 http fetch GET 200 https://registry.npmjs.org/ansi-styles 43ms (cache revalidated)
86 http fetch GET 200 https://registry.npmjs.org/whatwg-url 47ms (cache miss)
87 timing idealTree:node_modules/@nuxt/opencollective Completed in 93ms
88 timing idealTree:node_modules/bootstrap Completed in 0ms
89 silly placeDep ROOT ansi-styles@4.3.0 OK for: chalk@4.1.2 want: ^4.1.0
90 silly placeDep ROOT supports-color@7.2.0 OK for: chalk@4.1.2 want: ^7.1.0
91 silly fetch manifest color-convert@^2.0.1
92 silly fetch manifest has-flag@^4.0.0
93 http fetch GET 200 https://registry.npmjs.org/color-convert 38ms (cache revalidated)
94 http fetch GET 200 https://registry.npmjs.org/has-flag 40ms (cache revalidated)
95 timing idealTree:node_modules/chalk Completed in 42ms
96 silly placeDep ROOT color-convert@2.0.1 OK for: ansi-styles@4.3.0 want: ^2.0.1
97 silly fetch manifest color-name@~1.1.4
98 http fetch GET 200 https://registry.npmjs.org/color-name 32ms (cache revalidated)
99 timing idealTree:node_modules/ansi-styles Completed in 35ms
100 silly placeDep ROOT color-name@1.1.4 OK for: color-convert@2.0.1 want: ~1.1.4
101 timing idealTree:node_modules/color-convert Completed in 1ms
102 timing idealTree:node_modules/color-name Completed in 0ms
103 timing idealTree:node_modules/consola Completed in 0ms
104 timing idealTree:node_modules/jquery Completed in 0ms
105 silly placeDep ROOT whatwg-url@5.0.0 OK for: node-fetch@2.6.7 want: ^5.0.0
106 silly fetch manifest tr46@~0.0.3
107 silly fetch manifest webidl-conversions@^3.0.0
108 http fetch GET 200 https://registry.npmjs.org/tr46 35ms (cache miss)
109 http fetch GET 200 https://registry.npmjs.org/webidl-conversions 49ms (cache miss)
110 timing idealTree:node_modules/node-fetch Completed in 51ms
111 timing idealTree:node_modules/popper.js Completed in 0ms
112 silly placeDep ROOT has-flag@4.0.0 OK for: supports-color@7.2.0 want: ^4.0.0
113 timing idealTree:node_modules/supports-color Completed in 1ms
114 timing idealTree:node_modules/has-flag Completed in 0ms
115 timing idealTree:node_modules/vue-functional-data-merge Completed in 0ms
116 silly placeDep ROOT tr46@0.0.3 OK for: whatwg-url@5.0.0 want: ~0.0.3
117 silly placeDep ROOT webidl-conversions@3.0.1 OK for: whatwg-url@5.0.0 want: ^3.0.0
118 timing idealTree:node_modules/whatwg-url Completed in 1ms
119 timing idealTree:node_modules/tr46 Completed in 0ms
120 timing idealTree:node_modules/webidl-conversions Completed in 0ms
121 timing idealTree:node_modules/bootstrap-vue/node_modules/portal-vue Completed in 0ms
122 silly placeDep node_modules/bootstrap-vue @vue/compiler-sfc@2.7.10 OK for: vue@2.7.10 want: 2.7.10
123 silly placeDep node_modules/bootstrap-vue csstype@3.1.0 OK for: vue@2.7.10 want: ^3.1.0
124 timing idealTree:node_modules/bootstrap-vue/node_modules/vue Completed in 2ms
125 timing idealTree:node_modules/bootstrap-vue/node_modules/@vue/compiler-sfc Completed in 0ms
126 timing idealTree:node_modules/bootstrap-vue/node_modules/csstype Completed in 0ms
127 timing idealTree:buildDeps Completed in 2368ms
128 timing idealTree:fixDepFlags Completed in 1ms
129 timing idealTree Completed in 2403ms
130 timing reify:loadTrees Completed in 2404ms
131 timing reify:diffTrees Completed in 3ms
132 silly reify moves {}
133 timing reify:retireShallow Completed in 1ms
134 timing reify:createSparse Completed in 2ms
135 timing reify:trashOmits Completed in 0ms
136 timing reify:loadBundles Completed in 0ms
137 silly tarball no local data for webidl-conversions@https://registry.npmjs.org/webidl-conversions/-/webidl-conversions-3.0.1.tgz. Extracting by manifest.
138 silly tarball no local data for tr46@https://registry.npmjs.org/tr46/-/tr46-0.0.3.tgz. Extracting by manifest.
139 silly tarball no local data for whatwg-url@https://registry.npmjs.org/whatwg-url/-/whatwg-url-5.0.0.tgz. Extracting by manifest.
140 silly tarball no local data for consola@https://registry.npmjs.org/consola/-/consola-2.15.3.tgz. Extracting by manifest.
141 silly tarball no local data for node-fetch@https://registry.npmjs.org/node-fetch/-/node-fetch-2.6.7.tgz. Extracting by manifest.
142 silly tarball no local data for vue-functional-data-merge@https://registry.npmjs.org/vue-functional-data-merge/-/vue-functional-data-merge-3.1.0.tgz. Extracting by manifest.
143 silly tarball no local data for @nuxt/opencollective@https://registry.npmjs.org/@nuxt/opencollective/-/opencollective-0.3.3.tgz. Extracting by manifest.
144 silly tarball no local data for popper.js@https://registry.npmjs.org/popper.js/-/popper.js-1.16.1.tgz. Extracting by manifest.
145 silly tarball no local data for bootstrap@https://registry.npmjs.org/bootstrap/-/bootstrap-4.6.2.tgz. Extracting by manifest.
146 silly tarball no local data for bootstrap-vue@https://registry.npmjs.org/bootstrap-vue/-/bootstrap-vue-2.22.0.tgz. Extracting by manifest.
147 silly tarball no local data for vue@https://registry.npmjs.org/vue/-/vue-2.7.10.tgz. Extracting by manifest.
148 silly tarball no local data for portal-vue@https://registry.npmjs.org/portal-vue/-/portal-vue-2.1.7.tgz. Extracting by manifest.
149 silly tarball no local data for csstype@https://registry.npmjs.org/csstype/-/csstype-3.1.0.tgz. Extracting by manifest.
150 silly tarball no local data for @vue/compiler-sfc@https://registry.npmjs.org/@vue/compiler-sfc/-/compiler-sfc-2.7.10.tgz. Extracting by manifest.
151 timing reifyNode:node_modules/color-name Completed in 136ms
152 timing reifyNode:node_modules/has-flag Completed in 138ms
153 timing reifyNode:node_modules/supports-color Completed in 137ms
154 timing reifyNode:node_modules/ansi-styles Completed in 138ms
155 timing reifyNode:node_modules/color-convert Completed in 139ms
156 timing reifyNode:node_modules/chalk Completed in 141ms
157 http fetch GET 200 https://registry.npmjs.org/whatwg-url/-/whatwg-url-5.0.0.tgz 127ms (cache miss)
158 timing reifyNode:node_modules/whatwg-url Completed in 146ms
159 http fetch GET 200 https://registry.npmjs.org/webidl-conversions/-/webidl-conversions-3.0.1.tgz 137ms (cache miss)
160 timing reifyNode:node_modules/webidl-conversions Completed in 150ms
161 http fetch GET 200 https://registry.npmjs.org/tr46/-/tr46-0.0.3.tgz 164ms (cache miss)
162 timing reifyNode:node_modules/tr46 Completed in 180ms
163 http fetch GET 200 https://registry.npmjs.org/consola/-/consola-2.15.3.tgz 161ms (cache miss)
164 http fetch GET 200 https://registry.npmjs.org/node-fetch/-/node-fetch-2.6.7.tgz 161ms (cache miss)
165 timing reifyNode:node_modules/node-fetch Completed in 185ms
166 timing reifyNode:node_modules/consola Completed in 188ms
167 http fetch GET 200 https://registry.npmjs.org/vue-functional-data-merge/-/vue-functional-data-merge-3.1.0.tgz 193ms (cache miss)
168 timing reifyNode:node_modules/vue-functional-data-merge Completed in 219ms
169 http fetch GET 200 https://registry.npmjs.org/@nuxt/opencollective/-/opencollective-0.3.3.tgz 205ms (cache miss)
170 timing reifyNode:node_modules/@nuxt/opencollective Completed in 235ms
171 http fetch GET 200 https://registry.npmjs.org/portal-vue/-/portal-vue-2.1.7.tgz 220ms (cache miss)
172 timing reifyNode:node_modules/bootstrap-vue/node_modules/portal-vue Completed in 274ms
173 timing reifyNode:node_modules/jquery Completed in 301ms
174 http fetch GET 200 https://registry.npmjs.org/csstype/-/csstype-3.1.0.tgz 314ms (cache miss)
175 timing reifyNode:node_modules/bootstrap-vue/node_modules/csstype Completed in 371ms
176 http fetch GET 200 https://registry.npmjs.org/@vue/compiler-sfc/-/compiler-sfc-2.7.10.tgz 330ms (cache miss)
177 timing reifyNode:node_modules/bootstrap-vue/node_modules/@vue/compiler-sfc Completed in 389ms
178 http fetch GET 200 https://registry.npmjs.org/popper.js/-/popper.js-1.16.1.tgz 558ms (cache miss)
179 warn deprecated popper.js@1.16.1: You can find the new Popper v2 at @popperjs/core, this package is dedicated to the legacy v1
180 timing reifyNode:node_modules/popper.js Completed in 595ms
181 http fetch GET 200 https://registry.npmjs.org/vue/-/vue-2.7.10.tgz 842ms (cache miss)
182 timing reifyNode:node_modules/bootstrap-vue/node_modules/vue Completed in 893ms
183 http fetch GET 200 https://registry.npmjs.org/bootstrap/-/bootstrap-4.6.2.tgz 860ms (cache miss)
184 timing reifyNode:node_modules/bootstrap Completed in 900ms
185 http fetch GET 200 https://registry.npmjs.org/bootstrap-vue/-/bootstrap-vue-2.22.0.tgz 2210ms (cache miss)
186 timing reifyNode:node_modules/bootstrap-vue Completed in 2258ms
187 timing reify:unpack Completed in 2259ms
188 timing reify:unretire Completed in 0ms
189 timing build:queue Completed in 2ms
190 timing build:link:node_modules/@nuxt/opencollective Completed in 2ms
191 timing build:link Completed in 2ms
192 info run bootstrap-vue@2.22.0 postinstall node_modules/bootstrap-vue opencollective || exit 0
193 info run bootstrap-vue@2.22.0 postinstall { code: 0, signal: null }
194 timing build:run:postinstall:node_modules/bootstrap-vue Completed in 85ms
195 timing build:run:postinstall Completed in 85ms
196 timing build:deps Completed in 89ms
197 timing build Completed in 89ms
198 timing reify:build Completed in 89ms
199 timing reify:trash Completed in 0ms
200 timing reify:save Completed in 11ms
201 timing reify Completed in 4780ms
202 silly ADD node_modules/webidl-conversions
203 silly ADD node_modules/tr46
204 silly ADD node_modules/has-flag
205 silly ADD node_modules/whatwg-url
206 silly ADD node_modules/color-name
207 silly ADD node_modules/color-convert
208 silly ADD node_modules/supports-color
209 silly ADD node_modules/ansi-styles
210 silly ADD node_modules/node-fetch
211 silly ADD node_modules/consola
212 silly ADD node_modules/chalk
213 silly ADD node_modules/vue-functional-data-merge
214 silly ADD node_modules/popper.js
215 silly ADD node_modules/jquery
216 silly ADD node_modules/bootstrap
217 silly ADD node_modules/@nuxt/opencollective
218 silly ADD node_modules/bootstrap-vue
219 silly ADD node_modules/bootstrap-vue/node_modules/csstype
220 silly ADD node_modules/bootstrap-vue/node_modules/@vue/compiler-sfc
221 silly ADD node_modules/bootstrap-vue/node_modules/vue
222 silly ADD node_modules/bootstrap-vue/node_modules/portal-vue
223 timing command:install Completed in 4783ms
224 verbose exit 0
225 timing npm Completed in 4880ms
226 info ok
