0 verbose cli /usr/local/bin/node /usr/local/bin/npm
1 info using npm@8.11.0
2 info using node@v16.16.0
3 timing npm:load:whichnode Completed in 1ms
4 timing config:load:defaults Completed in 2ms
5 timing config:load:file:/usr/local/lib/node_modules/npm/npmrc Completed in 0ms
6 timing config:load:builtin Completed in 0ms
7 warn config production Use `--omit=dev` instead.
8 timing config:load:cli Completed in 2ms
9 timing config:load:env Completed in 0ms
10 timing config:load:file:/data/.npmrc Completed in 0ms
11 timing config:load:project Completed in 1ms
12 timing config:load:file:/usr/src/node-red/.npmrc Completed in 1ms
13 timing config:load:user Completed in 1ms
14 timing config:load:file:/usr/local/etc/npmrc Completed in 1ms
15 timing config:load:global Completed in 1ms
16 timing config:load:validate Completed in 1ms
17 timing config:load:credentials Completed in 0ms
18 timing config:load:setEnvs Completed in 0ms
19 timing config:load Completed in 11ms
20 timing npm:load:configload Completed in 11ms
21 timing npm:load:mkdirpcache Completed in 3ms
22 timing npm:load:mkdirplogs Completed in 0ms
23 verbose title npm install node-red-contrib-ui-media@1.2.0
24 verbose argv "install" "--no-audit" "--no-update-notifier" "--no-fund" "--save" "--save-prefix" "~" "--production" "--engine-strict" "node-red-contrib-ui-media@1.2.0"
25 timing npm:load:setTitle Completed in 2ms
26 timing config:load:flatten Completed in 2ms
27 timing npm:load:display Completed in 4ms
28 verbose logfile logs-max:10 dir:/data/.npm/_logs
29 verbose logfile /data/.npm/_logs/2022-09-15T08_30_31_109Z-debug-0.log
30 timing npm:load:logFile Completed in 4ms
31 timing npm:load:timers Completed in 0ms
32 timing npm:load:configScope Completed in 0ms
33 timing npm:load Completed in 26ms
34 timing arborist:ctor Completed in 1ms
35 silly logfile start cleaning logs, removing 1 files
36 silly logfile done cleaning log files
37 timing idealTree:init Completed in 164ms
38 timing idealTree:userRequests Completed in 2ms
39 silly idealTree buildDeps
40 silly fetch manifest node-red-contrib-ui-media@1.2.0
41 timing arborist:ctor Completed in 0ms
42 http fetch GET 200 https://registry.npmjs.org/node-red-contrib-ui-media 1086ms (cache miss)
43 silly placeDep ROOT node-red-contrib-ui-media@1.2.0 OK for: node-red-project@0.0.1 want: 1.2.0
44 silly fetch manifest formidable@^1.2.1
45 silly fetch manifest mkdirp@^0.5.1
46 http fetch GET 200 https://registry.npmjs.org/formidable 59ms (cache miss)
47 http fetch GET 200 https://registry.npmjs.org/mkdirp 89ms (cache miss)
48 timing idealTree:#root Completed in 1185ms
49 silly placeDep ROOT formidable@1.2.6 OK for: node-red-contrib-ui-media@1.2.0 want: ^1.2.1
50 silly placeDep ROOT mkdirp@0.5.6 OK for: node-red-contrib-ui-media@1.2.0 want: ^0.5.1
51 timing idealTree:node_modules/node-red-contrib-ui-media Completed in 10ms
52 timing idealTree:node_modules/formidable Completed in 0ms
53 timing idealTree:node_modules/mkdirp Completed in 0ms
54 timing idealTree:buildDeps Completed in 1197ms
55 timing idealTree:fixDepFlags Completed in 11ms
56 timing idealTree Completed in 1381ms
57 timing reify:loadTrees Completed in 1381ms
58 timing reify:diffTrees Completed in 5ms
59 silly reify moves {}
60 timing reify:retireShallow Completed in 0ms
61 timing reify:createSparse Completed in 1ms
62 timing reify:trashOmits Completed in 1ms
63 timing reify:loadBundles Completed in 0ms
64 silly tarball no local data for formidable@https://registry.npmjs.org/formidable/-/formidable-1.2.6.tgz. Extracting by manifest.
65 silly tarball no local data for mkdirp@https://registry.npmjs.org/mkdirp/-/mkdirp-0.5.6.tgz. Extracting by manifest.
66 silly tarball no local data for node-red-contrib-ui-media@https://registry.npmjs.org/node-red-contrib-ui-media/-/node-red-contrib-ui-media-1.2.0.tgz. Extracting by manifest.
67 http fetch GET 200 https://registry.npmjs.org/formidable/-/formidable-1.2.6.tgz 56ms (cache miss)
68 warn deprecated formidable@1.2.6: Please upgrade to latest, formidable@v2 or formidable@v3! Check these notes: https://bit.ly/2ZEqIau
69 timing reifyNode:node_modules/formidable Completed in 61ms
70 http fetch GET 200 https://registry.npmjs.org/mkdirp/-/mkdirp-0.5.6.tgz 71ms (cache miss)
71 timing reifyNode:node_modules/mkdirp Completed in 79ms
72 http fetch GET 200 https://registry.npmjs.org/node-red-contrib-ui-media/-/node-red-contrib-ui-media-1.2.0.tgz 971ms (cache miss)
73 timing reifyNode:node_modules/node-red-contrib-ui-media Completed in 982ms
74 timing reify:unpack Completed in 983ms
75 timing reify:unretire Completed in 1ms
76 timing build:queue Completed in 1ms
77 timing build:link:node_modules/mkdirp Completed in 9ms
78 timing build:link Completed in 9ms
79 timing build:deps Completed in 10ms
80 timing build Completed in 10ms
81 timing reify:build Completed in 11ms
82 timing reify:trash Completed in 0ms
83 timing reify:save Completed in 52ms
84 timing reify Completed in 2461ms
85 silly ADD node_modules/mkdirp
86 silly ADD node_modules/formidable
87 silly ADD node_modules/node-red-contrib-ui-media
88 timing command:install Completed in 2465ms
89 verbose exit 0
90 timing npm Completed in 2560ms
91 info ok
