0 verbose cli /usr/local/bin/node /usr/local/bin/npm
1 info using npm@8.11.0
2 info using node@v16.16.0
3 timing npm:load:whichnode Completed in 1ms
4 timing config:load:defaults Completed in 11ms
5 timing config:load:file:/usr/local/lib/node_modules/npm/npmrc Completed in 1ms
6 timing config:load:builtin Completed in 1ms
7 warn config production Use `--omit=dev` instead.
8 timing config:load:cli Completed in 5ms
9 timing config:load:env Completed in 1ms
10 timing config:load:file:/data/.npmrc Completed in 1ms
11 timing config:load:project Completed in 10ms
12 timing config:load:file:/usr/src/node-red/.npmrc Completed in 1ms
13 timing config:load:user Completed in 1ms
14 timing config:load:file:/usr/local/etc/npmrc Completed in 11ms
15 timing config:load:global Completed in 11ms
16 timing config:load:validate Completed in 1ms
17 timing config:load:credentials Completed in 1ms
18 timing config:load:setEnvs Completed in 1ms
19 timing config:load Completed in 43ms
20 timing npm:load:configload Completed in 43ms
21 timing npm:load:mkdirpcache Completed in 1ms
22 timing npm:load:mkdirplogs Completed in 1ms
23 verbose title npm install node-red-node-ui-iframe@0.2.1
24 verbose argv "install" "--no-audit" "--no-update-notifier" "--no-fund" "--save" "--save-prefix" "~" "--production" "--engine-strict" "node-red-node-ui-iframe@0.2.1"
25 timing npm:load:setTitle Completed in 1ms
26 timing config:load:flatten Completed in 3ms
27 timing npm:load:display Completed in 4ms
28 verbose logfile logs-max:10 dir:/data/.npm/_logs
29 verbose logfile /data/.npm/_logs/2022-09-15T08_30_07_227Z-debug-0.log
30 timing npm:load:logFile Completed in 7ms
31 timing npm:load:timers Completed in 0ms
32 timing npm:load:configScope Completed in 0ms
33 timing npm:load Completed in 59ms
34 timing arborist:ctor Completed in 0ms
35 silly logfile start cleaning logs, removing 1 files
36 silly logfile done cleaning log files
37 timing idealTree:init Completed in 180ms
38 timing idealTree:userRequests Completed in 2ms
39 silly idealTree buildDeps
40 silly fetch manifest node-red-node-ui-iframe@0.2.1
41 timing arborist:ctor Completed in 0ms
42 http fetch GET 200 https://registry.npmjs.org/node-red-node-ui-iframe 402ms (cache miss)
43 silly fetch manifest node-red-dashboard@~3.2.0
44 http fetch GET 200 https://registry.npmjs.org/node-red-dashboard 909ms (cache revalidated)
45 silly placeDep ROOT node-red-node-ui-iframe@0.2.1 OK for: node-red-project@0.0.1 want: 0.2.1
46 timing idealTree:#root Completed in 1321ms
47 timing idealTree:node_modules/node-red-node-ui-iframe Completed in 0ms
48 timing idealTree:buildDeps Completed in 1323ms
49 timing idealTree:fixDepFlags Completed in 6ms
50 timing idealTree Completed in 1518ms
51 timing reify:loadTrees Completed in 1518ms
52 timing reify:diffTrees Completed in 5ms
53 silly reify moves {}
54 timing reify:retireShallow Completed in 1ms
55 timing reify:createSparse Completed in 1ms
56 timing reify:trashOmits Completed in 0ms
57 timing reify:loadBundles Completed in 0ms
58 silly tarball no local data for node-red-node-ui-iframe@https://registry.npmjs.org/node-red-node-ui-iframe/-/node-red-node-ui-iframe-0.2.1.tgz. Extracting by manifest.
59 http fetch GET 200 https://registry.npmjs.org/node-red-node-ui-iframe/-/node-red-node-ui-iframe-0.2.1.tgz 74ms (cache miss)
60 timing reifyNode:node_modules/node-red-node-ui-iframe Completed in 79ms
61 timing reify:unpack Completed in 79ms
62 timing reify:unretire Completed in 0ms
63 timing build:queue Completed in 0ms
64 timing build:deps Completed in 0ms
65 timing build Completed in 1ms
66 timing reify:build Completed in 1ms
67 timing reify:trash Completed in 0ms
68 timing reify:save Completed in 91ms
69 timing reify Completed in 1723ms
70 silly ADD node_modules/node-red-node-ui-iframe
71 timing command:install Completed in 1727ms
72 verbose exit 0
73 timing npm Completed in 1849ms
74 info ok
