0 verbose cli /usr/local/bin/node /usr/local/bin/npm
1 info using npm@8.11.0
2 info using node@v16.16.0
3 timing npm:load:whichnode Completed in 0ms
4 timing config:load:defaults Completed in 3ms
5 timing config:load:file:/usr/local/lib/node_modules/npm/npmrc Completed in 1ms
6 timing config:load:builtin Completed in 1ms
7 warn config production Use `--omit=dev` instead.
8 timing config:load:cli Completed in 3ms
9 timing config:load:env Completed in 1ms
10 timing config:load:file:/data/.npmrc Completed in 0ms
11 timing config:load:project Completed in 3ms
12 timing config:load:file:/usr/src/node-red/.npmrc Completed in 0ms
13 timing config:load:user Completed in 0ms
14 timing config:load:file:/usr/local/etc/npmrc Completed in 1ms
15 timing config:load:global Completed in 1ms
16 timing config:load:validate Completed in 1ms
17 timing config:load:credentials Completed in 0ms
18 timing config:load:setEnvs Completed in 1ms
19 timing config:load Completed in 15ms
20 timing npm:load:configload Completed in 15ms
21 timing npm:load:mkdirpcache Completed in 1ms
22 timing npm:load:mkdirplogs Completed in 1ms
23 verbose title npm install node-red-contrib-uibuilder@5.1.1
24 verbose argv "install" "--no-audit" "--no-update-notifier" "--no-fund" "--save" "--save-prefix" "~" "--production" "--engine-strict" "node-red-contrib-uibuilder@5.1.1"
25 timing npm:load:setTitle Completed in 1ms
26 timing config:load:flatten Completed in 3ms
27 timing npm:load:display Completed in 4ms
28 verbose logfile logs-max:10 dir:/data/.npm/_logs
29 verbose logfile /data/.npm/_logs/2022-09-12T16_02_19_657Z-debug-0.log
30 timing npm:load:logFile Completed in 6ms
31 timing npm:load:timers Completed in 0ms
32 timing npm:load:configScope Completed in 0ms
33 timing npm:load Completed in 28ms
34 timing arborist:ctor Completed in 0ms
35 silly logfile done cleaning log files
36 timing idealTree:init Completed in 83ms
37 timing idealTree:userRequests Completed in 1ms
38 silly idealTree buildDeps
39 silly fetch manifest node-red-contrib-uibuilder@5.1.1
40 timing arborist:ctor Completed in 0ms
41 http fetch GET 200 https://registry.npmjs.org/node-red-contrib-uibuilder 1008ms (cache miss)
42 silly placeDep ROOT node-red-contrib-uibuilder@5.1.1 OK for: node-red-project@0.0.1 want: 5.1.1
43 silly fetch manifest @totallyinformation/ti-common-event-handler@^1.0.0
44 silly fetch manifest degit@^2.8.4
45 silly fetch manifest ejs@^3.1.6
46 silly fetch manifest execa@^5
47 silly fetch manifest express@^4.17.1
48 silly fetch manifest express-validator@^6.13.0
49 silly fetch manifest fast-glob@^3.2.7
50 silly fetch manifest fs-extra@^10.0.0
51 silly fetch manifest nanoid@^3
52 silly fetch manifest serve-index@^1.9.1
53 silly fetch manifest socket.io-client@^4.4.1
54 http fetch GET 200 https://registry.npmjs.org/serve-index 142ms (cache miss)
55 http fetch GET 200 https://registry.npmjs.org/execa 150ms (cache miss)
56 http fetch GET 200 https://registry.npmjs.org/fast-glob 167ms (cache miss)
57 http fetch GET 200 https://registry.npmjs.org/fs-extra 169ms (cache miss)
58 http fetch GET 200 https://registry.npmjs.org/express-validator 192ms (cache miss)
59 http fetch GET 200 https://registry.npmjs.org/nanoid 207ms (cache miss)
60 http fetch GET 200 https://registry.npmjs.org/ejs 222ms (cache miss)
61 http fetch GET 200 https://registry.npmjs.org/socket.io-client 221ms (cache miss)
62 http fetch GET 200 https://registry.npmjs.org/express 286ms (cache miss)
63 http fetch GET 200 https://registry.npmjs.org/degit 894ms (cache miss)
64 http fetch GET 200 https://registry.npmjs.org/@totallyinformation%2fti-common-event-handler 1602ms (cache miss)
65 timing idealTree:#root Completed in 2617ms
66 silly placeDep ROOT @totallyinformation/ti-common-event-handler@1.0.0 OK for: node-red-contrib-uibuilder@5.1.1 want: ^1.0.0
67 silly placeDep ROOT degit@2.8.4 OK for: node-red-contrib-uibuilder@5.1.1 want: ^2.8.4
68 silly placeDep ROOT ejs@3.1.8 OK for: node-red-contrib-uibuilder@5.1.1 want: ^3.1.6
69 silly placeDep ROOT execa@5.1.1 OK for: node-red-contrib-uibuilder@5.1.1 want: ^5
70 silly placeDep ROOT express@4.18.1 OK for: node-red-contrib-uibuilder@5.1.1 want: ^4.17.1
71 silly placeDep ROOT express-validator@6.14.2 OK for: node-red-contrib-uibuilder@5.1.1 want: ^6.13.0
72 silly placeDep ROOT fast-glob@3.2.12 OK for: node-red-contrib-uibuilder@5.1.1 want: ^3.2.7
73 silly placeDep ROOT fs-extra@10.1.0 OK for: node-red-contrib-uibuilder@5.1.1 want: ^10.0.0
74 silly placeDep ROOT nanoid@3.3.4 OK for: node-red-contrib-uibuilder@5.1.1 want: ^3
75 silly placeDep ROOT serve-index@1.9.1 OK for: node-red-contrib-uibuilder@5.1.1 want: ^1.9.1
76 silly placeDep ROOT socket.io-client@4.5.2 OK for: node-red-contrib-uibuilder@5.1.1 want: ^4.4.1
77 silly fetch manifest eventemitter2@^6.4.4
78 silly fetch manifest jake@^10.8.5
79 silly fetch manifest cross-spawn@^7.0.3
80 silly fetch manifest get-stream@^6.0.0
81 silly fetch manifest human-signals@^2.1.0
82 silly fetch manifest is-stream@^2.0.0
83 silly fetch manifest merge-stream@^2.0.0
84 silly fetch manifest npm-run-path@^4.0.1
85 silly fetch manifest onetime@^5.1.2
86 silly fetch manifest signal-exit@^3.0.3
87 silly fetch manifest strip-final-newline@^2.0.0
88 silly fetch manifest array-flatten@1.1.1
89 silly fetch manifest body-parser@1.20.0
90 silly fetch manifest content-disposition@0.5.4
91 silly fetch manifest content-type@~1.0.4
92 silly fetch manifest cookie@0.5.0
93 silly fetch manifest cookie-signature@1.0.6
94 silly fetch manifest finalhandler@1.2.0
95 silly fetch manifest merge-descriptors@1.0.1
96 silly fetch manifest methods@~1.1.2
97 silly fetch manifest path-to-regexp@0.1.7
98 silly fetch manifest proxy-addr@~2.0.7
99 silly fetch manifest qs@6.10.3
100 silly fetch manifest safe-buffer@5.2.1
101 silly fetch manifest type-is@~1.6.18
102 silly fetch manifest utils-merge@1.0.1
103 silly fetch manifest lodash@^4.17.21
104 silly fetch manifest validator@^13.7.0
105 silly fetch manifest @nodelib/fs.stat@^2.0.2
106 silly fetch manifest @nodelib/fs.walk@^1.2.3
107 silly fetch manifest glob-parent@^5.1.2
108 silly fetch manifest merge2@^1.3.0
109 silly fetch manifest micromatch@^4.0.4
110 silly fetch manifest graceful-fs@^4.2.0
111 silly fetch manifest jsonfile@^6.0.1
112 silly fetch manifest universalify@^2.0.0
113 silly fetch manifest batch@0.6.1
114 silly fetch manifest http-errors@~1.6.2
115 silly fetch manifest debug@~4.3.2
116 silly fetch manifest engine.io-client@~6.2.1
117 http fetch GET 200 https://registry.npmjs.org/is-stream 73ms (cache miss)
118 http fetch GET 200 https://registry.npmjs.org/npm-run-path 74ms (cache miss)
119 http fetch GET 200 https://registry.npmjs.org/get-stream 79ms (cache miss)
120 http fetch GET 200 https://registry.npmjs.org/onetime 78ms (cache miss)
121 http fetch GET 200 https://registry.npmjs.org/human-signals 81ms (cache miss)
122 http fetch GET 200 https://registry.npmjs.org/eventemitter2 84ms (cache miss)
123 http fetch GET 200 https://registry.npmjs.org/strip-final-newline 82ms (cache miss)
124 http fetch GET 200 https://registry.npmjs.org/cross-spawn 88ms (cache miss)
125 http fetch GET 200 https://registry.npmjs.org/merge-stream 88ms (cache miss)
126 http fetch GET 200 https://registry.npmjs.org/array-flatten 107ms (cache miss)
127 http fetch GET 200 https://registry.npmjs.org/content-type 106ms (cache miss)
128 http fetch GET 200 https://registry.npmjs.org/content-disposition 108ms (cache miss)
129 http fetch GET 200 https://registry.npmjs.org/signal-exit 110ms (cache miss)
130 http fetch GET 200 https://registry.npmjs.org/merge-descriptors 106ms (cache miss)
131 http fetch GET 200 https://registry.npmjs.org/methods 111ms (cache miss)
132 http fetch GET 200 https://registry.npmjs.org/utils-merge 114ms (cache miss)
133 http fetch GET 200 https://registry.npmjs.org/finalhandler 119ms (cache miss)
134 http fetch GET 200 https://registry.npmjs.org/type-is 126ms (cache miss)
135 http fetch GET 200 https://registry.npmjs.org/proxy-addr 129ms (cache miss)
136 http fetch GET 200 https://registry.npmjs.org/glob-parent 135ms (cache miss)
137 http fetch GET 200 https://registry.npmjs.org/jake 175ms (cache miss)
138 http fetch GET 200 https://registry.npmjs.org/@nodelib%2ffs.stat 173ms (cache miss)
139 http fetch GET 200 https://registry.npmjs.org/@nodelib%2ffs.walk 180ms (cache miss)
140 http fetch GET 200 https://registry.npmjs.org/batch 182ms (cache miss)
141 http fetch GET 200 https://registry.npmjs.org/universalify 188ms (cache miss)
142 http fetch GET 200 https://registry.npmjs.org/lodash 196ms (cache miss)
143 http fetch GET 200 https://registry.npmjs.org/cookie-signature 205ms (cache miss)
144 http fetch GET 200 https://registry.npmjs.org/debug 200ms (cache revalidated)
145 http fetch GET 200 https://registry.npmjs.org/jsonfile 206ms (cache miss)
146 http fetch GET 200 https://registry.npmjs.org/qs 215ms (cache miss)
147 http fetch GET 200 https://registry.npmjs.org/http-errors 212ms (cache revalidated)
148 http fetch GET 200 https://registry.npmjs.org/graceful-fs 215ms (cache miss)
149 http fetch GET 200 https://registry.npmjs.org/path-to-regexp 227ms (cache miss)
150 http fetch GET 200 https://registry.npmjs.org/cookie 233ms (cache revalidated)
151 http fetch GET 200 https://registry.npmjs.org/micromatch 226ms (cache miss)
152 http fetch GET 200 https://registry.npmjs.org/safe-buffer 235ms (cache revalidated)
153 http fetch GET 200 https://registry.npmjs.org/validator 251ms (cache miss)
154 http fetch GET 200 https://registry.npmjs.org/body-parser 272ms (cache miss)
155 http fetch GET 200 https://registry.npmjs.org/merge2 271ms (cache miss)
156 http fetch GET 200 https://registry.npmjs.org/engine.io-client 287ms (cache miss)
157 timing idealTree:node_modules/node-red-contrib-uibuilder Completed in 323ms
158 silly placeDep ROOT eventemitter2@6.4.8 OK for: @totallyinformation/ti-common-event-handler@1.0.0 want: ^6.4.4
159 timing idealTree:node_modules/@totallyinformation/ti-common-event-handler Completed in 1ms
160 timing idealTree:node_modules/degit Completed in 0ms
161 silly placeDep ROOT jake@10.8.5 OK for: ejs@3.1.8 want: ^10.8.5
162 silly fetch manifest async@^3.2.3
163 silly fetch manifest chalk@^4.0.2
164 silly fetch manifest filelist@^1.0.1
165 silly fetch manifest minimatch@^3.0.4
166 http fetch GET 200 https://registry.npmjs.org/filelist 36ms (cache miss)
167 http fetch GET 200 https://registry.npmjs.org/minimatch 71ms (cache miss)
168 http fetch GET 200 https://registry.npmjs.org/chalk 74ms (cache miss)
169 http fetch GET 200 https://registry.npmjs.org/async 78ms (cache miss)
170 timing idealTree:node_modules/ejs Completed in 81ms
171 timing idealTree:node_modules/eventemitter2 Completed in 0ms
172 silly placeDep ROOT cross-spawn@7.0.3 OK for: execa@5.1.1 want: ^7.0.3
173 silly placeDep ROOT get-stream@6.0.1 OK for: execa@5.1.1 want: ^6.0.0
174 silly placeDep ROOT human-signals@2.1.0 OK for: execa@5.1.1 want: ^2.1.0
175 silly placeDep ROOT is-stream@2.0.1 OK for: execa@5.1.1 want: ^2.0.0
176 silly placeDep ROOT merge-stream@2.0.0 OK for: execa@5.1.1 want: ^2.0.0
177 silly placeDep ROOT npm-run-path@4.0.1 OK for: execa@5.1.1 want: ^4.0.1
178 silly placeDep ROOT onetime@5.1.2 OK for: execa@5.1.1 want: ^5.1.2
179 silly placeDep ROOT signal-exit@3.0.7 OK for: execa@5.1.1 want: ^3.0.3
180 silly placeDep ROOT strip-final-newline@2.0.0 OK for: execa@5.1.1 want: ^2.0.0
181 silly fetch manifest path-key@^3.1.0
182 silly fetch manifest shebang-command@^2.0.0
183 silly fetch manifest which@^2.0.1
184 silly fetch manifest path-key@^3.0.0
185 silly fetch manifest mimic-fn@^2.1.0
186 http fetch GET 200 https://registry.npmjs.org/shebang-command 40ms (cache miss)
187 http fetch GET 200 https://registry.npmjs.org/path-key 42ms (cache miss)
188 http fetch GET 200 https://registry.npmjs.org/path-key 40ms (cache miss)
189 http fetch GET 200 https://registry.npmjs.org/mimic-fn 45ms (cache miss)
190 http fetch GET 200 https://registry.npmjs.org/which 47ms (cache miss)
191 timing idealTree:node_modules/execa Completed in 53ms
192 silly placeDep ROOT path-key@3.1.1 OK for: cross-spawn@7.0.3 want: ^3.1.0
193 silly placeDep ROOT shebang-command@2.0.0 OK for: cross-spawn@7.0.3 want: ^2.0.0
194 silly placeDep ROOT which@2.0.2 OK for: cross-spawn@7.0.3 want: ^2.0.1
195 silly fetch manifest shebang-regex@^3.0.0
196 silly fetch manifest isexe@^2.0.0
197 http fetch GET 200 https://registry.npmjs.org/isexe 33ms (cache miss)
198 http fetch GET 200 https://registry.npmjs.org/shebang-regex 34ms (cache miss)
199 timing idealTree:node_modules/cross-spawn Completed in 37ms
200 silly placeDep ROOT array-flatten@1.1.1 OK for: express@4.18.1 want: 1.1.1
201 silly placeDep ROOT body-parser@1.20.0 OK for: express@4.18.1 want: 1.20.0
202 silly placeDep ROOT content-disposition@0.5.4 OK for: express@4.18.1 want: 0.5.4
203 silly placeDep ROOT content-type@1.0.4 OK for: express@4.18.1 want: ~1.0.4
204 silly placeDep node_modules/express cookie@0.5.0 OK for: express@4.18.1 want: 0.5.0
205 silly placeDep ROOT cookie-signature@1.0.6 OK for: express@4.18.1 want: 1.0.6
206 silly placeDep ROOT finalhandler@1.2.0 OK for: express@4.18.1 want: 1.2.0
207 silly placeDep ROOT merge-descriptors@1.0.1 OK for: express@4.18.1 want: 1.0.1
208 silly placeDep ROOT methods@1.1.2 OK for: express@4.18.1 want: ~1.1.2
209 silly placeDep ROOT path-to-regexp@0.1.7 OK for: express@4.18.1 want: 0.1.7
210 silly placeDep ROOT proxy-addr@2.0.7 OK for: express@4.18.1 want: ~2.0.7
211 silly placeDep ROOT qs@6.10.3 OK for: express@4.18.1 want: 6.10.3
212 silly placeDep node_modules/express safe-buffer@5.2.1 OK for: express@4.18.1 want: 5.2.1
213 silly placeDep ROOT type-is@1.6.18 OK for: express@4.18.1 want: ~1.6.18
214 silly placeDep ROOT utils-merge@1.0.1 OK for: express@4.18.1 want: 1.0.1
215 silly fetch manifest bytes@3.1.2
216 silly fetch manifest iconv-lite@0.4.24
217 silly fetch manifest raw-body@2.5.1
218 silly fetch manifest unpipe@1.0.0
219 silly fetch manifest unpipe@~1.0.0
220 silly fetch manifest forwarded@0.2.0
221 silly fetch manifest ipaddr.js@1.9.1
222 silly fetch manifest side-channel@^1.0.4
223 silly fetch manifest media-typer@0.3.0
224 http fetch GET 200 https://registry.npmjs.org/unpipe 40ms (cache miss)
225 http fetch GET 200 https://registry.npmjs.org/bytes 52ms (cache revalidated)
226 http fetch GET 200 https://registry.npmjs.org/iconv-lite 53ms (cache miss)
227 http fetch GET 200 https://registry.npmjs.org/forwarded 54ms (cache miss)
228 http fetch GET 200 https://registry.npmjs.org/unpipe 58ms (cache miss)
229 http fetch GET 200 https://registry.npmjs.org/media-typer 54ms (cache miss)
230 http fetch GET 200 https://registry.npmjs.org/raw-body 63ms (cache miss)
231 http fetch GET 200 https://registry.npmjs.org/ipaddr.js 109ms (cache miss)
232 http fetch GET 200 https://registry.npmjs.org/side-channel 170ms (cache miss)
233 timing idealTree:node_modules/express Completed in 193ms
234 timing idealTree:node_modules/array-flatten Completed in 0ms
235 silly placeDep node_modules/body-parser bytes@3.1.2 OK for: body-parser@1.20.0 want: 3.1.2
236 silly placeDep ROOT iconv-lite@0.4.24 OK for: body-parser@1.20.0 want: 0.4.24
237 silly placeDep ROOT raw-body@2.5.1 OK for: body-parser@1.20.0 want: 2.5.1
238 silly placeDep ROOT unpipe@1.0.0 OK for: body-parser@1.20.0 want: 1.0.0
239 silly fetch manifest safer-buffer@>= 2.1.2 < 3
240 http fetch GET 200 https://registry.npmjs.org/safer-buffer 37ms (cache miss)
241 timing idealTree:node_modules/body-parser Completed in 42ms
242 silly placeDep node_modules/content-disposition safe-buffer@5.2.1 OK for: content-disposition@0.5.4 want: 5.2.1
243 timing idealTree:node_modules/content-disposition Completed in 1ms
244 timing idealTree:node_modules/content-type Completed in 0ms
245 timing idealTree:node_modules/cookie-signature Completed in 0ms
246 silly placeDep ROOT lodash@4.17.21 OK for: express-validator@6.14.2 want: ^4.17.21
247 silly placeDep ROOT validator@13.7.0 OK for: express-validator@6.14.2 want: ^13.7.0
248 timing idealTree:node_modules/express-validator Completed in 1ms
249 silly placeDep ROOT @nodelib/fs.stat@2.0.5 OK for: fast-glob@3.2.12 want: ^2.0.2
250 silly placeDep ROOT @nodelib/fs.walk@1.2.8 OK for: fast-glob@3.2.12 want: ^1.2.3
251 silly placeDep ROOT glob-parent@5.1.2 OK for: fast-glob@3.2.12 want: ^5.1.2
252 silly placeDep ROOT merge2@1.4.1 OK for: fast-glob@3.2.12 want: ^1.3.0
253 silly placeDep ROOT micromatch@4.0.5 OK for: fast-glob@3.2.12 want: ^4.0.4
254 silly fetch manifest @nodelib/fs.scandir@2.1.5
255 silly fetch manifest fastq@^1.6.0
256 silly fetch manifest is-glob@^4.0.1
257 silly fetch manifest braces@^3.0.2
258 silly fetch manifest picomatch@^2.3.1
259 http fetch GET 200 https://registry.npmjs.org/is-glob 43ms (cache miss)
260 http fetch GET 200 https://registry.npmjs.org/braces 42ms (cache miss)
261 http fetch GET 200 https://registry.npmjs.org/fastq 45ms (cache miss)
262 http fetch GET 200 https://registry.npmjs.org/picomatch 53ms (cache miss)
263 http fetch GET 200 https://registry.npmjs.org/@nodelib%2ffs.scandir 82ms (cache miss)
264 timing idealTree:node_modules/fast-glob Completed in 85ms
265 timing idealTree:node_modules/@nodelib/fs.stat Completed in 0ms
266 silly placeDep ROOT @nodelib/fs.scandir@2.1.5 OK for: @nodelib/fs.walk@1.2.8 want: 2.1.5
267 silly placeDep ROOT fastq@1.13.0 OK for: @nodelib/fs.walk@1.2.8 want: ^1.6.0
268 silly fetch manifest run-parallel@^1.1.9
269 silly fetch manifest reusify@^1.0.4
270 http fetch GET 200 https://registry.npmjs.org/run-parallel 43ms (cache miss)
271 http fetch GET 200 https://registry.npmjs.org/reusify 44ms (cache miss)
272 timing idealTree:node_modules/@nodelib/fs.walk Completed in 47ms
273 silly placeDep ROOT run-parallel@1.2.0 OK for: @nodelib/fs.scandir@2.1.5 want: ^1.1.9
274 silly fetch manifest queue-microtask@^1.2.2
275 http fetch GET 200 https://registry.npmjs.org/queue-microtask 43ms (cache miss)
276 timing idealTree:node_modules/@nodelib/fs.scandir Completed in 44ms
277 silly placeDep ROOT reusify@1.0.4 OK for: fastq@1.13.0 want: ^1.0.4
278 timing idealTree:node_modules/fastq Completed in 0ms
279 timing idealTree:node_modules/finalhandler Completed in 0ms
280 silly placeDep ROOT graceful-fs@4.2.10 OK for: fs-extra@10.1.0 want: ^4.2.0
281 silly placeDep ROOT jsonfile@6.1.0 OK for: fs-extra@10.1.0 want: ^6.0.1
282 silly placeDep ROOT universalify@2.0.0 OK for: fs-extra@10.1.0 want: ^2.0.0
283 timing idealTree:node_modules/fs-extra Completed in 3ms
284 timing idealTree:node_modules/get-stream Completed in 0ms
285 silly placeDep ROOT is-glob@4.0.3 OK for: glob-parent@5.1.2 want: ^4.0.1
286 silly fetch manifest is-extglob@^2.1.1
287 http fetch GET 200 https://registry.npmjs.org/is-extglob 36ms (cache miss)
288 timing idealTree:node_modules/glob-parent Completed in 37ms
289 timing idealTree:node_modules/graceful-fs Completed in 0ms
290 timing idealTree:node_modules/human-signals Completed in 0ms
291 silly placeDep ROOT safer-buffer@2.1.2 OK for: iconv-lite@0.4.24 want: >= 2.1.2 < 3
292 timing idealTree:node_modules/iconv-lite Completed in 1ms
293 silly placeDep ROOT is-extglob@2.1.1 OK for: is-glob@4.0.3 want: ^2.1.1
294 timing idealTree:node_modules/is-glob Completed in 1ms
295 timing idealTree:node_modules/is-extglob Completed in 0ms
296 timing idealTree:node_modules/is-stream Completed in 0ms
297 silly placeDep ROOT async@3.2.4 OK for: jake@10.8.5 want: ^3.2.3
298 silly placeDep ROOT chalk@4.1.2 OK for: jake@10.8.5 want: ^4.0.2
299 silly placeDep ROOT filelist@1.0.4 OK for: jake@10.8.5 want: ^1.0.1
300 silly placeDep ROOT minimatch@3.1.2 OK for: jake@10.8.5 want: ^3.0.4
301 silly fetch manifest ansi-styles@^4.1.0
302 silly fetch manifest supports-color@^7.1.0
303 silly fetch manifest minimatch@^5.0.1
304 silly fetch manifest brace-expansion@^1.1.7
305 http fetch GET 200 https://registry.npmjs.org/brace-expansion 45ms (cache miss)
306 http fetch GET 200 https://registry.npmjs.org/ansi-styles 56ms (cache miss)
307 http fetch GET 200 https://registry.npmjs.org/supports-color 98ms (cache miss)
308 timing idealTree:node_modules/jake Completed in 102ms
309 timing idealTree:node_modules/async Completed in 0ms
310 silly placeDep ROOT ansi-styles@4.3.0 OK for: chalk@4.1.2 want: ^4.1.0
311 silly placeDep ROOT supports-color@7.2.0 OK for: chalk@4.1.2 want: ^7.1.0
312 silly fetch manifest color-convert@^2.0.1
313 silly fetch manifest has-flag@^4.0.0
314 http fetch GET 200 https://registry.npmjs.org/color-convert 44ms (cache miss)
315 http fetch GET 200 https://registry.npmjs.org/has-flag 49ms (cache miss)
316 timing idealTree:node_modules/chalk Completed in 51ms
317 silly placeDep ROOT color-convert@2.0.1 OK for: ansi-styles@4.3.0 want: ^2.0.1
318 silly fetch manifest color-name@~1.1.4
319 http fetch GET 200 https://registry.npmjs.org/color-name 40ms (cache miss)
320 timing idealTree:node_modules/ansi-styles Completed in 42ms
321 silly placeDep ROOT color-name@1.1.4 OK for: color-convert@2.0.1 want: ~1.1.4
322 timing idealTree:node_modules/color-convert Completed in 1ms
323 timing idealTree:node_modules/color-name Completed in 0ms
324 silly placeDep node_modules/filelist minimatch@5.1.0 OK for: filelist@1.0.4 want: ^5.0.1
325 silly fetch manifest brace-expansion@^2.0.1
326 timing idealTree:node_modules/filelist Completed in 1ms
327 timing idealTree:node_modules/jsonfile Completed in 0ms
328 timing idealTree:node_modules/lodash Completed in 0ms
329 timing idealTree:node_modules/merge-descriptors Completed in 0ms
330 timing idealTree:node_modules/merge-stream Completed in 0ms
331 timing idealTree:node_modules/merge2 Completed in 0ms
332 timing idealTree:node_modules/methods Completed in 0ms
333 silly placeDep ROOT braces@3.0.2 OK for: micromatch@4.0.5 want: ^3.0.2
334 silly placeDep ROOT picomatch@2.3.1 OK for: micromatch@4.0.5 want: ^2.3.1
335 silly fetch manifest fill-range@^7.0.1
336 http fetch GET 200 https://registry.npmjs.org/fill-range 40ms (cache miss)
337 timing idealTree:node_modules/micromatch Completed in 43ms
338 silly placeDep ROOT fill-range@7.0.1 OK for: braces@3.0.2 want: ^7.0.1
339 silly fetch manifest to-regex-range@^5.0.1
340 http fetch GET 200 https://registry.npmjs.org/to-regex-range 35ms (cache miss)
341 timing idealTree:node_modules/braces Completed in 37ms
342 silly placeDep ROOT to-regex-range@5.0.1 OK for: fill-range@7.0.1 want: ^5.0.1
343 silly fetch manifest is-number@^7.0.0
344 http fetch GET 200 https://registry.npmjs.org/is-number 36ms (cache miss)
345 timing idealTree:node_modules/fill-range Completed in 37ms
346 silly placeDep ROOT brace-expansion@1.1.11 OK for: minimatch@3.1.2 want: ^1.1.7
347 silly fetch manifest balanced-match@^1.0.0
348 silly fetch manifest concat-map@0.0.1
349 http fetch GET 200 https://registry.npmjs.org/concat-map 37ms (cache miss)
350 http fetch GET 200 https://registry.npmjs.org/balanced-match 44ms (cache miss)
351 timing idealTree:node_modules/minimatch Completed in 47ms
352 silly placeDep ROOT balanced-match@1.0.2 OK for: brace-expansion@1.1.11 want: ^1.0.0
353 silly placeDep ROOT concat-map@0.0.1 OK for: brace-expansion@1.1.11 want: 0.0.1
354 timing idealTree:node_modules/brace-expansion Completed in 1ms
355 timing idealTree:node_modules/balanced-match Completed in 0ms
356 timing idealTree:node_modules/concat-map Completed in 0ms
357 timing idealTree:node_modules/nanoid Completed in 0ms
358 timing idealTree:node_modules/npm-run-path Completed in 0ms
359 silly placeDep ROOT mimic-fn@2.1.0 OK for: onetime@5.1.2 want: ^2.1.0
360 timing idealTree:node_modules/onetime Completed in 0ms
361 timing idealTree:node_modules/mimic-fn Completed in 0ms
362 timing idealTree:node_modules/path-key Completed in 0ms
363 timing idealTree:node_modules/path-to-regexp Completed in 0ms
364 timing idealTree:node_modules/picomatch Completed in 0ms
365 silly placeDep ROOT forwarded@0.2.0 OK for: proxy-addr@2.0.7 want: 0.2.0
366 silly placeDep ROOT ipaddr.js@1.9.1 OK for: proxy-addr@2.0.7 want: 1.9.1
367 timing idealTree:node_modules/proxy-addr Completed in 0ms
368 timing idealTree:node_modules/forwarded Completed in 0ms
369 timing idealTree:node_modules/ipaddr.js Completed in 0ms
370 silly placeDep ROOT side-channel@1.0.4 OK for: qs@6.10.3 want: ^1.0.4
371 silly fetch manifest call-bind@^1.0.0
372 silly fetch manifest get-intrinsic@^1.0.2
373 silly fetch manifest object-inspect@^1.9.0
374 http fetch GET 200 https://registry.npmjs.org/call-bind 39ms (cache miss)
375 http fetch GET 200 https://registry.npmjs.org/get-intrinsic 44ms (cache miss)
376 http fetch GET 200 https://registry.npmjs.org/object-inspect 108ms (cache miss)
377 timing idealTree:node_modules/qs Completed in 111ms
378 silly placeDep node_modules/raw-body bytes@3.1.2 OK for: raw-body@2.5.1 want: 3.1.2
379 timing idealTree:node_modules/raw-body Completed in 1ms
380 timing idealTree:node_modules/reusify Completed in 0ms
381 silly placeDep ROOT queue-microtask@1.2.3 OK for: run-parallel@1.2.0 want: ^1.2.2
382 timing idealTree:node_modules/run-parallel Completed in 0ms
383 timing idealTree:node_modules/queue-microtask Completed in 0ms
384 timing idealTree:node_modules/safer-buffer Completed in 0ms
385 silly placeDep ROOT batch@0.6.1 OK for: serve-index@1.9.1 want: 0.6.1
386 silly placeDep node_modules/serve-index http-errors@1.6.3 OK for: serve-index@1.9.1 want: ~1.6.2
387 silly fetch manifest depd@~1.1.2
388 silly fetch manifest inherits@2.0.3
389 silly fetch manifest setprototypeof@1.1.0
390 silly fetch manifest statuses@>= 1.4.0 < 2
391 http fetch GET 200 https://registry.npmjs.org/depd 40ms (cache revalidated)
392 http fetch GET 200 https://registry.npmjs.org/statuses 45ms (cache revalidated)
393 http fetch GET 200 https://registry.npmjs.org/setprototypeof 47ms (cache revalidated)
394 http fetch GET 200 https://registry.npmjs.org/inherits 49ms (cache revalidated)
395 timing idealTree:node_modules/serve-index Completed in 51ms
396 timing idealTree:node_modules/batch Completed in 0ms
397 silly placeDep ROOT shebang-regex@3.0.0 OK for: shebang-command@2.0.0 want: ^3.0.0
398 timing idealTree:node_modules/shebang-command Completed in 1ms
399 timing idealTree:node_modules/shebang-regex Completed in 0ms
400 silly placeDep ROOT call-bind@1.0.2 OK for: side-channel@1.0.4 want: ^1.0.0
401 silly placeDep ROOT get-intrinsic@1.1.2 OK for: side-channel@1.0.4 want: ^1.0.2
402 silly placeDep ROOT object-inspect@1.12.2 OK for: side-channel@1.0.4 want: ^1.9.0
403 silly fetch manifest function-bind@^1.1.1
404 silly fetch manifest has@^1.0.3
405 silly fetch manifest has-symbols@^1.0.3
406 http fetch GET 200 https://registry.npmjs.org/has 35ms (cache miss)
407 http fetch GET 200 https://registry.npmjs.org/has-symbols 35ms (cache miss)
408 http fetch GET 200 https://registry.npmjs.org/function-bind 38ms (cache miss)
409 timing idealTree:node_modules/side-channel Completed in 40ms
410 silly placeDep ROOT function-bind@1.1.1 OK for: call-bind@1.0.2 want: ^1.1.1
411 timing idealTree:node_modules/call-bind Completed in 1ms
412 timing idealTree:node_modules/function-bind Completed in 0ms
413 silly placeDep ROOT has@1.0.3 OK for: get-intrinsic@1.1.2 want: ^1.0.3
414 silly placeDep ROOT has-symbols@1.0.3 OK for: get-intrinsic@1.1.2 want: ^1.0.3
415 timing idealTree:node_modules/get-intrinsic Completed in 1ms
416 timing idealTree:node_modules/has Completed in 0ms
417 timing idealTree:node_modules/has-symbols Completed in 0ms
418 timing idealTree:node_modules/object-inspect Completed in 0ms
419 timing idealTree:node_modules/signal-exit Completed in 0ms
420 silly placeDep node_modules/socket.io-client debug@4.3.4 OK for: socket.io-client@4.5.2 want: ~4.3.2
421 silly placeDep ROOT engine.io-client@6.2.2 OK for: socket.io-client@4.5.2 want: ~6.2.1
422 silly fetch manifest ms@2.1.2
423 silly fetch manifest debug@~4.3.1
424 silly fetch manifest xmlhttprequest-ssl@~2.0.0
425 http fetch GET 200 https://registry.npmjs.org/ms 35ms (cache revalidated)
426 http fetch GET 200 https://registry.npmjs.org/xmlhttprequest-ssl 48ms (cache miss)
427 timing idealTree:node_modules/socket.io-client Completed in 52ms
428 silly placeDep node_modules/engine.io-client debug@4.3.4 OK for: engine.io-client@6.2.2 want: ~4.3.1
429 silly placeDep ROOT xmlhttprequest-ssl@2.0.0 OK for: engine.io-client@6.2.2 want: ~2.0.0
430 timing idealTree:node_modules/engine.io-client Completed in 1ms
431 timing idealTree:node_modules/strip-final-newline Completed in 0ms
432 silly placeDep ROOT has-flag@4.0.0 OK for: supports-color@7.2.0 want: ^4.0.0
433 timing idealTree:node_modules/supports-color Completed in 1ms
434 timing idealTree:node_modules/has-flag Completed in 0ms
435 silly placeDep ROOT is-number@7.0.0 OK for: to-regex-range@5.0.1 want: ^7.0.0
436 timing idealTree:node_modules/to-regex-range Completed in 2ms
437 timing idealTree:node_modules/is-number Completed in 0ms
438 silly placeDep ROOT media-typer@0.3.0 OK for: type-is@1.6.18 want: 0.3.0
439 timing idealTree:node_modules/type-is Completed in 1ms
440 timing idealTree:node_modules/media-typer Completed in 0ms
441 timing idealTree:node_modules/universalify Completed in 0ms
442 timing idealTree:node_modules/unpipe Completed in 0ms
443 timing idealTree:node_modules/utils-merge Completed in 0ms
444 timing idealTree:node_modules/validator Completed in 0ms
445 silly placeDep ROOT isexe@2.0.0 OK for: which@2.0.2 want: ^2.0.0
446 timing idealTree:node_modules/which Completed in 0ms
447 timing idealTree:node_modules/isexe Completed in 0ms
448 timing idealTree:node_modules/xmlhttprequest-ssl Completed in 0ms
449 timing idealTree:node_modules/body-parser/node_modules/bytes Completed in 0ms
450 timing idealTree:node_modules/content-disposition/node_modules/safe-buffer Completed in 0ms
451 silly placeDep node_modules/engine.io-client ms@2.1.2 OK for: debug@4.3.4 want: 2.1.2
452 timing idealTree:node_modules/engine.io-client/node_modules/debug Completed in 1ms
453 timing idealTree:node_modules/engine.io-client/node_modules/ms Completed in 0ms
454 timing idealTree:node_modules/express/node_modules/cookie Completed in 0ms
455 timing idealTree:node_modules/express/node_modules/safe-buffer Completed in 0ms
456 silly placeDep node_modules/filelist brace-expansion@2.0.1 OK for: minimatch@5.1.0 want: ^2.0.1
457 timing idealTree:node_modules/filelist/node_modules/minimatch Completed in 1ms
458 timing idealTree:node_modules/filelist/node_modules/brace-expansion Completed in 0ms
459 timing idealTree:node_modules/raw-body/node_modules/bytes Completed in 0ms
460 silly placeDep node_modules/serve-index depd@1.1.2 OK for: http-errors@1.6.3 want: ~1.1.2
461 silly placeDep node_modules/serve-index inherits@2.0.3 OK for: http-errors@1.6.3 want: 2.0.3
462 silly placeDep node_modules/serve-index setprototypeof@1.1.0 OK for: http-errors@1.6.3 want: 1.1.0
463 silly placeDep node_modules/serve-index statuses@1.5.0 OK for: http-errors@1.6.3 want: >= 1.4.0 < 2
464 timing idealTree:node_modules/serve-index/node_modules/http-errors Completed in 3ms
465 timing idealTree:node_modules/serve-index/node_modules/depd Completed in 0ms
466 timing idealTree:node_modules/serve-index/node_modules/inherits Completed in 0ms
467 timing idealTree:node_modules/serve-index/node_modules/setprototypeof Completed in 0ms
468 timing idealTree:node_modules/serve-index/node_modules/statuses Completed in 0ms
469 silly placeDep node_modules/socket.io-client ms@2.1.2 OK for: debug@4.3.4 want: 2.1.2
470 timing idealTree:node_modules/socket.io-client/node_modules/debug Completed in 1ms
471 timing idealTree:node_modules/socket.io-client/node_modules/ms Completed in 0ms
472 timing idealTree:buildDeps Completed in 4207ms
473 timing idealTree:fixDepFlags Completed in 3ms
474 timing idealTree Completed in 4298ms
475 timing reify:loadTrees Completed in 4299ms
476 timing reify:diffTrees Completed in 4ms
477 silly reify moves {}
478 timing reify:retireShallow Completed in 1ms
479 timing reify:createSparse Completed in 9ms
480 timing reify:trashOmits Completed in 1ms
481 timing reify:loadBundles Completed in 0ms
482 silly tarball no local data for isexe@https://registry.npmjs.org/isexe/-/isexe-2.0.0.tgz. Extracting by manifest.
483 silly tarball no local data for is-number@https://registry.npmjs.org/is-number/-/is-number-7.0.0.tgz. Extracting by manifest.
484 silly tarball no local data for xmlhttprequest-ssl@https://registry.npmjs.org/xmlhttprequest-ssl/-/xmlhttprequest-ssl-2.0.0.tgz. Extracting by manifest.
485 silly tarball no local data for media-typer@https://registry.npmjs.org/media-typer/-/media-typer-0.3.0.tgz. Extracting by manifest.
486 silly tarball no local data for has-flag@https://registry.npmjs.org/has-flag/-/has-flag-4.0.0.tgz. Extracting by manifest.
487 silly tarball no local data for has-symbols@https://registry.npmjs.org/has-symbols/-/has-symbols-1.0.3.tgz. Extracting by manifest.
488 silly tarball no local data for engine.io-client@https://registry.npmjs.org/engine.io-client/-/engine.io-client-6.2.2.tgz. Extracting by manifest.
489 silly tarball no local data for has@https://registry.npmjs.org/has/-/has-1.0.3.tgz. Extracting by manifest.
490 silly tarball no local data for object-inspect@https://registry.npmjs.org/object-inspect/-/object-inspect-1.12.2.tgz. Extracting by manifest.
491 silly tarball no local data for get-intrinsic@https://registry.npmjs.org/get-intrinsic/-/get-intrinsic-1.1.2.tgz. Extracting by manifest.
492 silly tarball no local data for call-bind@https://registry.npmjs.org/call-bind/-/call-bind-1.0.2.tgz. Extracting by manifest.
493 silly tarball no local data for batch@https://registry.npmjs.org/batch/-/batch-0.6.1.tgz. Extracting by manifest.
494 silly tarball no local data for function-bind@https://registry.npmjs.org/function-bind/-/function-bind-1.1.1.tgz. Extracting by manifest.
495 silly tarball no local data for shebang-regex@https://registry.npmjs.org/shebang-regex/-/shebang-regex-3.0.0.tgz. Extracting by manifest.
496 silly tarball no local data for queue-microtask@https://registry.npmjs.org/queue-microtask/-/queue-microtask-1.2.3.tgz. Extracting by manifest.
497 silly tarball no local data for concat-map@https://registry.npmjs.org/concat-map/-/concat-map-0.0.1.tgz. Extracting by manifest.
498 silly tarball no local data for mimic-fn@https://registry.npmjs.org/mimic-fn/-/mimic-fn-2.1.0.tgz. Extracting by manifest.
499 silly tarball no local data for side-channel@https://registry.npmjs.org/side-channel/-/side-channel-1.0.4.tgz. Extracting by manifest.
500 silly tarball no local data for brace-expansion@https://registry.npmjs.org/brace-expansion/-/brace-expansion-1.1.11.tgz. Extracting by manifest.
501 silly tarball no local data for forwarded@https://registry.npmjs.org/forwarded/-/forwarded-0.2.0.tgz. Extracting by manifest.
502 silly tarball no local data for ipaddr.js@https://registry.npmjs.org/ipaddr.js/-/ipaddr.js-1.9.1.tgz. Extracting by manifest.
503 silly tarball no local data for fill-range@https://registry.npmjs.org/fill-range/-/fill-range-7.0.1.tgz. Extracting by manifest.
504 silly tarball no local data for balanced-match@https://registry.npmjs.org/balanced-match/-/balanced-match-1.0.2.tgz. Extracting by manifest.
505 silly tarball no local data for picomatch@https://registry.npmjs.org/picomatch/-/picomatch-2.3.1.tgz. Extracting by manifest.
506 silly tarball no local data for to-regex-range@https://registry.npmjs.org/to-regex-range/-/to-regex-range-5.0.1.tgz. Extracting by manifest.
507 silly tarball no local data for color-name@https://registry.npmjs.org/color-name/-/color-name-1.1.4.tgz. Extracting by manifest.
508 silly tarball no local data for braces@https://registry.npmjs.org/braces/-/braces-3.0.2.tgz. Extracting by manifest.
509 silly tarball no local data for minimatch@https://registry.npmjs.org/minimatch/-/minimatch-3.1.2.tgz. Extracting by manifest.
510 silly tarball no local data for color-convert@https://registry.npmjs.org/color-convert/-/color-convert-2.0.1.tgz. Extracting by manifest.
511 silly tarball no local data for filelist@https://registry.npmjs.org/filelist/-/filelist-1.0.4.tgz. Extracting by manifest.
512 silly tarball no local data for chalk@https://registry.npmjs.org/chalk/-/chalk-4.1.2.tgz. Extracting by manifest.
513 silly tarball no local data for supports-color@https://registry.npmjs.org/supports-color/-/supports-color-7.2.0.tgz. Extracting by manifest.
514 silly tarball no local data for ansi-styles@https://registry.npmjs.org/ansi-styles/-/ansi-styles-4.3.0.tgz. Extracting by manifest.
515 silly tarball no local data for is-extglob@https://registry.npmjs.org/is-extglob/-/is-extglob-2.1.1.tgz. Extracting by manifest.
516 silly tarball no local data for safer-buffer@https://registry.npmjs.org/safer-buffer/-/safer-buffer-2.1.2.tgz. Extracting by manifest.
517 silly tarball no local data for async@https://registry.npmjs.org/async/-/async-3.2.4.tgz. Extracting by manifest.
518 silly tarball no local data for universalify@https://registry.npmjs.org/universalify/-/universalify-2.0.0.tgz. Extracting by manifest.
519 silly tarball no local data for jsonfile@https://registry.npmjs.org/jsonfile/-/jsonfile-6.1.0.tgz. Extracting by manifest.
520 silly tarball no local data for is-glob@https://registry.npmjs.org/is-glob/-/is-glob-4.0.3.tgz. Extracting by manifest.
521 silly tarball no local data for @nodelib/fs.scandir@https://registry.npmjs.org/@nodelib/fs.scandir/-/fs.scandir-2.1.5.tgz. Extracting by manifest.
522 silly tarball no local data for run-parallel@https://registry.npmjs.org/run-parallel/-/run-parallel-1.2.0.tgz. Extracting by manifest.
523 silly tarball no local data for graceful-fs@https://registry.npmjs.org/graceful-fs/-/graceful-fs-4.2.10.tgz. Extracting by manifest.
524 silly tarball no local data for reusify@https://registry.npmjs.org/reusify/-/reusify-1.0.4.tgz. Extracting by manifest.
525 silly tarball no local data for fastq@https://registry.npmjs.org/fastq/-/fastq-1.13.0.tgz. Extracting by manifest.
526 silly tarball no local data for merge2@https://registry.npmjs.org/merge2/-/merge2-1.4.1.tgz. Extracting by manifest.
527 silly tarball no local data for micromatch@https://registry.npmjs.org/micromatch/-/micromatch-4.0.5.tgz. Extracting by manifest.
528 silly tarball no local data for @nodelib/fs.walk@https://registry.npmjs.org/@nodelib/fs.walk/-/fs.walk-1.2.8.tgz. Extracting by manifest.
529 silly tarball no local data for @nodelib/fs.stat@https://registry.npmjs.org/@nodelib/fs.stat/-/fs.stat-2.0.5.tgz. Extracting by manifest.
530 silly tarball no local data for glob-parent@https://registry.npmjs.org/glob-parent/-/glob-parent-5.1.2.tgz. Extracting by manifest.
531 silly tarball no local data for validator@https://registry.npmjs.org/validator/-/validator-13.7.0.tgz. Extracting by manifest.
532 silly tarball no local data for lodash@https://registry.npmjs.org/lodash/-/lodash-4.17.21.tgz. Extracting by manifest.
533 silly tarball no local data for unpipe@https://registry.npmjs.org/unpipe/-/unpipe-1.0.0.tgz. Extracting by manifest.
534 silly tarball no local data for raw-body@https://registry.npmjs.org/raw-body/-/raw-body-2.5.1.tgz. Extracting by manifest.
535 silly tarball no local data for iconv-lite@https://registry.npmjs.org/iconv-lite/-/iconv-lite-0.4.24.tgz. Extracting by manifest.
536 silly tarball no local data for utils-merge@https://registry.npmjs.org/utils-merge/-/utils-merge-1.0.1.tgz. Extracting by manifest.
537 silly tarball no local data for qs@https://registry.npmjs.org/qs/-/qs-6.10.3.tgz. Extracting by manifest.
538 silly tarball no local data for proxy-addr@https://registry.npmjs.org/proxy-addr/-/proxy-addr-2.0.7.tgz. Extracting by manifest.
539 silly tarball no local data for path-to-regexp@https://registry.npmjs.org/path-to-regexp/-/path-to-regexp-0.1.7.tgz. Extracting by manifest.
540 silly tarball no local data for type-is@https://registry.npmjs.org/type-is/-/type-is-1.6.18.tgz. Extracting by manifest.
541 silly tarball no local data for merge-descriptors@https://registry.npmjs.org/merge-descriptors/-/merge-descriptors-1.0.1.tgz. Extracting by manifest.
542 silly tarball no local data for cookie-signature@https://registry.npmjs.org/cookie-signature/-/cookie-signature-1.0.6.tgz. Extracting by manifest.
543 silly tarball no local data for content-type@https://registry.npmjs.org/content-type/-/content-type-1.0.4.tgz. Extracting by manifest.
544 silly tarball no local data for methods@https://registry.npmjs.org/methods/-/methods-1.1.2.tgz. Extracting by manifest.
545 silly tarball no local data for finalhandler@https://registry.npmjs.org/finalhandler/-/finalhandler-1.2.0.tgz. Extracting by manifest.
546 silly tarball no local data for content-disposition@https://registry.npmjs.org/content-disposition/-/content-disposition-0.5.4.tgz. Extracting by manifest.
547 silly tarball no local data for body-parser@https://registry.npmjs.org/body-parser/-/body-parser-1.20.0.tgz. Extracting by manifest.
548 silly tarball no local data for array-flatten@https://registry.npmjs.org/array-flatten/-/array-flatten-1.1.1.tgz. Extracting by manifest.
549 silly tarball no local data for path-key@https://registry.npmjs.org/path-key/-/path-key-3.1.1.tgz. Extracting by manifest.
550 silly tarball no local data for which@https://registry.npmjs.org/which/-/which-2.0.2.tgz. Extracting by manifest.
551 silly tarball no local data for strip-final-newline@https://registry.npmjs.org/strip-final-newline/-/strip-final-newline-2.0.0.tgz. Extracting by manifest.
552 silly tarball no local data for signal-exit@https://registry.npmjs.org/signal-exit/-/signal-exit-3.0.7.tgz. Extracting by manifest.
553 silly tarball no local data for npm-run-path@https://registry.npmjs.org/npm-run-path/-/npm-run-path-4.0.1.tgz. Extracting by manifest.
554 silly tarball no local data for onetime@https://registry.npmjs.org/onetime/-/onetime-5.1.2.tgz. Extracting by manifest.
555 silly tarball no local data for merge-stream@https://registry.npmjs.org/merge-stream/-/merge-stream-2.0.0.tgz. Extracting by manifest.
556 silly tarball no local data for human-signals@https://registry.npmjs.org/human-signals/-/human-signals-2.1.0.tgz. Extracting by manifest.
557 silly tarball no local data for is-stream@https://registry.npmjs.org/is-stream/-/is-stream-2.0.1.tgz. Extracting by manifest.
558 silly tarball no local data for shebang-command@https://registry.npmjs.org/shebang-command/-/shebang-command-2.0.0.tgz. Extracting by manifest.
559 silly tarball no local data for cross-spawn@https://registry.npmjs.org/cross-spawn/-/cross-spawn-7.0.3.tgz. Extracting by manifest.
560 silly tarball no local data for get-stream@https://registry.npmjs.org/get-stream/-/get-stream-6.0.1.tgz. Extracting by manifest.
561 silly tarball no local data for socket.io-client@https://registry.npmjs.org/socket.io-client/-/socket.io-client-4.5.2.tgz. Extracting by manifest.
562 silly tarball no local data for jake@https://registry.npmjs.org/jake/-/jake-10.8.5.tgz. Extracting by manifest.
563 silly tarball no local data for eventemitter2@https://registry.npmjs.org/eventemitter2/-/eventemitter2-6.4.8.tgz. Extracting by manifest.
564 silly tarball no local data for fast-glob@https://registry.npmjs.org/fast-glob/-/fast-glob-3.2.12.tgz. Extracting by manifest.
565 silly tarball no local data for express-validator@https://registry.npmjs.org/express-validator/-/express-validator-6.14.2.tgz. Extracting by manifest.
566 silly tarball no local data for nanoid@https://registry.npmjs.org/nanoid/-/nanoid-3.3.4.tgz. Extracting by manifest.
567 silly tarball no local data for serve-index@https://registry.npmjs.org/serve-index/-/serve-index-1.9.1.tgz. Extracting by manifest.
568 silly tarball no local data for express@https://registry.npmjs.org/express/-/express-4.18.1.tgz. Extracting by manifest.
569 silly tarball no local data for ejs@https://registry.npmjs.org/ejs/-/ejs-3.1.8.tgz. Extracting by manifest.
570 silly tarball no local data for degit@https://registry.npmjs.org/degit/-/degit-2.8.4.tgz. Extracting by manifest.
571 silly tarball no local data for execa@https://registry.npmjs.org/execa/-/execa-5.1.1.tgz. Extracting by manifest.
572 silly tarball no local data for @totallyinformation/ti-common-event-handler@https://registry.npmjs.org/@totallyinformation/ti-common-event-handler/-/ti-common-event-handler-1.0.0.tgz. Extracting by manifest.
573 silly tarball no local data for fs-extra@https://registry.npmjs.org/fs-extra/-/fs-extra-10.1.0.tgz. Extracting by manifest.
574 silly tarball no local data for node-red-contrib-uibuilder@https://registry.npmjs.org/node-red-contrib-uibuilder/-/node-red-contrib-uibuilder-5.1.1.tgz. Extracting by manifest.
575 silly tarball no local data for brace-expansion@https://registry.npmjs.org/brace-expansion/-/brace-expansion-2.0.1.tgz. Extracting by manifest.
576 silly tarball no local data for bytes@https://registry.npmjs.org/bytes/-/bytes-3.1.2.tgz. Extracting by manifest.
577 silly tarball no local data for bytes@https://registry.npmjs.org/bytes/-/bytes-3.1.2.tgz. Extracting by manifest.
578 silly tarball no local data for setprototypeof@https://registry.npmjs.org/setprototypeof/-/setprototypeof-1.1.0.tgz. Extracting by manifest.
579 silly tarball no local data for inherits@https://registry.npmjs.org/inherits/-/inherits-2.0.3.tgz. Extracting by manifest.
580 silly tarball no local data for minimatch@https://registry.npmjs.org/minimatch/-/minimatch-5.1.0.tgz. Extracting by manifest.
581 silly tarball no local data for statuses@https://registry.npmjs.org/statuses/-/statuses-1.5.0.tgz. Extracting by manifest.
582 silly tarball no local data for http-errors@https://registry.npmjs.org/http-errors/-/http-errors-1.6.3.tgz. Extracting by manifest.
583 silly tarball no local data for depd@https://registry.npmjs.org/depd/-/depd-1.1.2.tgz. Extracting by manifest.
584 silly tarball no local data for cookie@https://registry.npmjs.org/cookie/-/cookie-0.5.0.tgz. Extracting by manifest.
585 timing reifyNode:node_modules/engine.io-client/node_modules/ms Completed in 548ms
586 timing reifyNode:node_modules/socket.io-client/node_modules/ms Completed in 545ms
587 timing reifyNode:node_modules/content-disposition/node_modules/safe-buffer Completed in 585ms
588 timing reifyNode:node_modules/express/node_modules/safe-buffer Completed in 582ms
589 timing reifyNode:node_modules/engine.io-client/node_modules/debug Completed in 594ms
590 timing reifyNode:node_modules/socket.io-client/node_modules/debug Completed in 596ms
591 http fetch GET 200 https://registry.npmjs.org/xmlhttprequest-ssl/-/xmlhttprequest-ssl-2.0.0.tgz 636ms (cache miss)
592 http fetch GET 200 https://registry.npmjs.org/has-symbols/-/has-symbols-1.0.3.tgz 642ms (cache miss)
593 http fetch GET 200 https://registry.npmjs.org/has-flag/-/has-flag-4.0.0.tgz 665ms (cache miss)
594 timing reifyNode:node_modules/has-flag Completed in 711ms
595 http fetch GET 200 https://registry.npmjs.org/batch/-/batch-0.6.1.tgz 642ms (cache miss)
596 timing reifyNode:node_modules/batch Completed in 714ms
597 http fetch GET 200 https://registry.npmjs.org/has/-/has-1.0.3.tgz 659ms (cache miss)
598 timing reifyNode:node_modules/has Completed in 716ms
599 http fetch GET 200 https://registry.npmjs.org/queue-microtask/-/queue-microtask-1.2.3.tgz 639ms (cache miss)
600 timing reifyNode:node_modules/queue-microtask Completed in 719ms
601 http fetch GET 200 https://registry.npmjs.org/call-bind/-/call-bind-1.0.2.tgz 652ms (cache miss)
602 http fetch GET 200 https://registry.npmjs.org/function-bind/-/function-bind-1.1.1.tgz 668ms (cache miss)
603 http fetch GET 200 https://registry.npmjs.org/concat-map/-/concat-map-0.0.1.tgz 661ms (cache miss)
604 timing reifyNode:node_modules/concat-map Completed in 748ms
605 http fetch GET 200 https://registry.npmjs.org/shebang-regex/-/shebang-regex-3.0.0.tgz 687ms (cache miss)
606 timing reifyNode:node_modules/shebang-regex Completed in 765ms
607 timing reifyNode:node_modules/function-bind Completed in 766ms
608 http fetch GET 200 https://registry.npmjs.org/isexe/-/isexe-2.0.0.tgz 738ms (cache miss)
609 timing reifyNode:node_modules/isexe Completed in 774ms
610 http fetch GET 200 https://registry.npmjs.org/media-typer/-/media-typer-0.3.0.tgz 736ms (cache miss)
611 timing reifyNode:node_modules/media-typer Completed in 779ms
612 http fetch GET 200 https://registry.npmjs.org/mimic-fn/-/mimic-fn-2.1.0.tgz 692ms (cache miss)
613 timing reifyNode:node_modules/mimic-fn Completed in 782ms
614 timing reifyNode:node_modules/call-bind Completed in 782ms
615 http fetch GET 200 https://registry.npmjs.org/side-channel/-/side-channel-1.0.4.tgz 692ms (cache miss)
616 http fetch GET 200 https://registry.npmjs.org/forwarded/-/forwarded-0.2.0.tgz 688ms (cache miss)
617 timing reifyNode:node_modules/forwarded Completed in 794ms
618 http fetch GET 200 https://registry.npmjs.org/brace-expansion/-/brace-expansion-1.1.11.tgz 695ms (cache miss)
619 timing reifyNode:node_modules/brace-expansion Completed in 797ms
620 http fetch GET 200 https://registry.npmjs.org/ipaddr.js/-/ipaddr.js-1.9.1.tgz 689ms (cache miss)
621 timing reifyNode:node_modules/ipaddr.js Completed in 799ms
622 http fetch GET 200 https://registry.npmjs.org/fill-range/-/fill-range-7.0.1.tgz 711ms (cache miss)
623 timing reifyNode:node_modules/fill-range Completed in 824ms
624 http fetch GET 200 https://registry.npmjs.org/to-regex-range/-/to-regex-range-5.0.1.tgz 698ms (cache miss)
625 timing reifyNode:node_modules/to-regex-range Completed in 827ms
626 timing reifyNode:node_modules/side-channel Completed in 839ms
627 http fetch GET 200 https://registry.npmjs.org/color-convert/-/color-convert-2.0.1.tgz 692ms (cache miss)
628 timing reifyNode:node_modules/color-convert Completed in 840ms
629 http fetch GET 200 https://registry.npmjs.org/filelist/-/filelist-1.0.4.tgz 695ms (cache miss)
630 timing reifyNode:node_modules/filelist Completed in 847ms
631 http fetch GET 200 https://registry.npmjs.org/color-name/-/color-name-1.1.4.tgz 723ms (cache miss)
632 timing reifyNode:node_modules/color-name Completed in 855ms
633 http fetch GET 200 https://registry.npmjs.org/supports-color/-/supports-color-7.2.0.tgz 696ms (cache miss)
634 timing reifyNode:node_modules/supports-color Completed in 859ms
635 timing reifyNode:node_modules/xmlhttprequest-ssl Completed in 862ms
636 timing reifyNode:node_modules/has-symbols Completed in 862ms
637 http fetch GET 200 https://registry.npmjs.org/ansi-styles/-/ansi-styles-4.3.0.tgz 705ms (cache miss)
638 timing reifyNode:node_modules/ansi-styles Completed in 870ms
639 http fetch GET 200 https://registry.npmjs.org/universalify/-/universalify-2.0.0.tgz 702ms (cache miss)
640 timing reifyNode:node_modules/universalify Completed in 877ms
641 http fetch GET 200 https://registry.npmjs.org/balanced-match/-/balanced-match-1.0.2.tgz 772ms (cache miss)
642 timing reifyNode:node_modules/balanced-match Completed in 891ms
643 http fetch GET 200 https://registry.npmjs.org/minimatch/-/minimatch-3.1.2.tgz 760ms (cache miss)
644 timing reifyNode:node_modules/minimatch Completed in 904ms
645 http fetch GET 200 https://registry.npmjs.org/safer-buffer/-/safer-buffer-2.1.2.tgz 737ms (cache miss)
646 timing reifyNode:node_modules/safer-buffer Completed in 907ms
647 http fetch GET 200 https://registry.npmjs.org/graceful-fs/-/graceful-fs-4.2.10.tgz 713ms (cache miss)
648 timing reifyNode:node_modules/graceful-fs Completed in 909ms
649 http fetch GET 200 https://registry.npmjs.org/chalk/-/chalk-4.1.2.tgz 758ms (cache miss)
650 timing reifyNode:node_modules/chalk Completed in 918ms
651 http fetch GET 200 https://registry.npmjs.org/is-extglob/-/is-extglob-2.1.1.tgz 757ms (cache miss)
652 timing reifyNode:node_modules/is-extglob Completed in 925ms
653 http fetch GET 200 https://registry.npmjs.org/is-number/-/is-number-7.0.0.tgz 890ms (cache miss)
654 timing reifyNode:node_modules/is-number Completed in 928ms
655 http fetch GET 200 https://registry.npmjs.org/jsonfile/-/jsonfile-6.1.0.tgz 761ms (cache miss)
656 timing reifyNode:node_modules/jsonfile Completed in 939ms
657 http fetch GET 200 https://registry.npmjs.org/merge2/-/merge2-1.4.1.tgz 742ms (cache miss)
658 timing reifyNode:node_modules/merge2 Completed in 945ms
659 http fetch GET 200 https://registry.npmjs.org/micromatch/-/micromatch-4.0.5.tgz 755ms (cache miss)
660 timing reifyNode:node_modules/micromatch Completed in 961ms
661 http fetch GET 200 https://registry.npmjs.org/utils-merge/-/utils-merge-1.0.1.tgz 725ms (cache miss)
662 timing reifyNode:node_modules/utils-merge Completed in 964ms
663 http fetch GET 200 https://registry.npmjs.org/@nodelib/fs.walk/-/fs.walk-1.2.8.tgz 754ms (cache miss)
664 http fetch GET 200 https://registry.npmjs.org/type-is/-/type-is-1.6.18.tgz 720ms (cache miss)
665 timing reifyNode:node_modules/type-is Completed in 973ms
666 http fetch GET 200 https://registry.npmjs.org/is-glob/-/is-glob-4.0.3.tgz 796ms (cache miss)
667 timing reifyNode:node_modules/is-glob Completed in 980ms
668 http fetch GET 200 https://registry.npmjs.org/raw-body/-/raw-body-2.5.1.tgz 753ms (cache miss)
669 timing reifyNode:node_modules/raw-body Completed in 983ms
670 http fetch GET 200 https://registry.npmjs.org/cookie-signature/-/cookie-signature-1.0.6.tgz 734ms (cache miss)
671 timing reifyNode:node_modules/cookie-signature Completed in 993ms
672 http fetch GET 200 https://registry.npmjs.org/methods/-/methods-1.1.2.tgz 728ms (cache miss)
673 timing reifyNode:node_modules/methods Completed in 995ms
674 http fetch GET 200 https://registry.npmjs.org/content-disposition/-/content-disposition-0.5.4.tgz 725ms (cache miss)
675 timing reifyNode:node_modules/content-disposition Completed in 998ms
676 http fetch GET 200 https://registry.npmjs.org/content-type/-/content-type-1.0.4.tgz 740ms (cache miss)
677 timing reifyNode:node_modules/content-type Completed in 1001ms
678 http fetch GET 200 https://registry.npmjs.org/merge-descriptors/-/merge-descriptors-1.0.1.tgz 748ms (cache miss)
679 timing reifyNode:node_modules/merge-descriptors Completed in 1003ms
680 http fetch GET 200 https://registry.npmjs.org/reusify/-/reusify-1.0.4.tgz 815ms (cache miss)
681 timing reifyNode:node_modules/reusify Completed in 1014ms
682 http fetch GET 200 https://registry.npmjs.org/unpipe/-/unpipe-1.0.0.tgz 788ms (cache miss)
683 timing reifyNode:node_modules/unpipe Completed in 1017ms
684 http fetch GET 200 https://registry.npmjs.org/proxy-addr/-/proxy-addr-2.0.7.tgz 775ms (cache miss)
685 timing reifyNode:node_modules/proxy-addr Completed in 1020ms
686 http fetch GET 200 https://registry.npmjs.org/array-flatten/-/array-flatten-1.1.1.tgz 743ms (cache miss)
687 timing reifyNode:node_modules/array-flatten Completed in 1025ms
688 http fetch GET 200 https://registry.npmjs.org/path-key/-/path-key-3.1.1.tgz 744ms (cache miss)
689 timing reifyNode:node_modules/path-key Completed in 1028ms
690 http fetch GET 200 https://registry.npmjs.org/get-intrinsic/-/get-intrinsic-1.1.2.tgz 971ms (cache miss)
691 timing reifyNode:node_modules/get-intrinsic Completed in 1038ms
692 http fetch GET 200 https://registry.npmjs.org/npm-run-path/-/npm-run-path-4.0.1.tgz 741ms (cache miss)
693 timing reifyNode:node_modules/npm-run-path Completed in 1039ms
694 http fetch GET 200 https://registry.npmjs.org/strip-final-newline/-/strip-final-newline-2.0.0.tgz 752ms (cache miss)
695 timing reifyNode:node_modules/strip-final-newline Completed in 1042ms
696 http fetch GET 200 https://registry.npmjs.org/merge-stream/-/merge-stream-2.0.0.tgz 745ms (cache miss)
697 timing reifyNode:node_modules/merge-stream Completed in 1047ms
698 http fetch GET 200 https://registry.npmjs.org/signal-exit/-/signal-exit-3.0.7.tgz 763ms (cache miss)
699 timing reifyNode:node_modules/signal-exit Completed in 1055ms
700 http fetch GET 200 https://registry.npmjs.org/which/-/which-2.0.2.tgz 771ms (cache miss)
701 timing reifyNode:node_modules/which Completed in 1058ms
702 http fetch GET 200 https://registry.npmjs.org/fastq/-/fastq-1.13.0.tgz 866ms (cache miss)
703 http fetch GET 200 https://registry.npmjs.org/path-to-regexp/-/path-to-regexp-0.1.7.tgz 819ms (cache miss)
704 timing reifyNode:node_modules/path-to-regexp Completed in 1070ms
705 http fetch GET 200 https://registry.npmjs.org/finalhandler/-/finalhandler-1.2.0.tgz 803ms (cache miss)
706 timing reifyNode:node_modules/finalhandler Completed in 1072ms
707 http fetch GET 200 https://registry.npmjs.org/human-signals/-/human-signals-2.1.0.tgz 773ms (cache miss)
708 http fetch GET 200 https://registry.npmjs.org/is-stream/-/is-stream-2.0.1.tgz 774ms (cache miss)
709 timing reifyNode:node_modules/is-stream Completed in 1086ms
710 http fetch GET 200 https://registry.npmjs.org/shebang-command/-/shebang-command-2.0.0.tgz 780ms (cache miss)
711 timing reifyNode:node_modules/shebang-command Completed in 1095ms
712 http fetch GET 200 https://registry.npmjs.org/cross-spawn/-/cross-spawn-7.0.3.tgz 781ms (cache miss)
713 timing reifyNode:node_modules/cross-spawn Completed in 1098ms
714 timing reifyNode:node_modules/fastq Completed in 1114ms
715 http fetch GET 200 https://registry.npmjs.org/body-parser/-/body-parser-1.20.0.tgz 841ms (cache miss)
716 http fetch GET 200 https://registry.npmjs.org/@nodelib/fs.stat/-/fs.stat-2.0.5.tgz 908ms (cache miss)
717 http fetch GET 200 https://registry.npmjs.org/onetime/-/onetime-5.1.2.tgz 823ms (cache miss)
718 timing reifyNode:node_modules/onetime Completed in 1124ms
719 http fetch GET 200 https://registry.npmjs.org/get-stream/-/get-stream-6.0.1.tgz 806ms (cache miss)
720 timing reifyNode:node_modules/get-stream Completed in 1126ms
721 http fetch GET 200 https://registry.npmjs.org/picomatch/-/picomatch-2.3.1.tgz 1006ms (cache miss)
722 timing reifyNode:node_modules/picomatch Completed in 1132ms
723 http fetch GET 200 https://registry.npmjs.org/eventemitter2/-/eventemitter2-6.4.8.tgz 802ms (cache miss)
724 timing reifyNode:node_modules/eventemitter2 Completed in 1133ms
725 timing reifyNode:node_modules/body-parser Completed in 1136ms
726 http fetch GET 200 https://registry.npmjs.org/setprototypeof/-/setprototypeof-1.1.0.tgz 752ms (cache miss)
727 timing reifyNode:node_modules/serve-index/node_modules/setprototypeof Completed in 1138ms
728 timing reifyNode:node_modules/@nodelib/fs.stat Completed in 1144ms
729 timing reifyNode:node_modules/human-signals Completed in 1143ms
730 http fetch GET 200 https://registry.npmjs.org/inherits/-/inherits-2.0.3.tgz 757ms (cache miss)
731 timing reifyNode:node_modules/serve-index/node_modules/inherits Completed in 1146ms
732 http fetch GET 200 https://registry.npmjs.org/execa/-/execa-5.1.1.tgz 795ms (cache miss)
733 http fetch GET 200 https://registry.npmjs.org/minimatch/-/minimatch-5.1.0.tgz 767ms (cache miss)
734 timing reifyNode:node_modules/filelist/node_modules/minimatch Completed in 1160ms
735 http fetch GET 200 https://registry.npmjs.org/statuses/-/statuses-1.5.0.tgz 766ms (cache miss)
736 timing reifyNode:node_modules/serve-index/node_modules/statuses Completed in 1160ms
737 http fetch GET 200 https://registry.npmjs.org/braces/-/braces-3.0.2.tgz 1029ms (cache miss)
738 timing reifyNode:node_modules/braces Completed in 1165ms
739 http fetch GET 200 https://registry.npmjs.org/@nodelib/fs.scandir/-/fs.scandir-2.1.5.tgz 977ms (cache miss)
740 http fetch GET 200 https://registry.npmjs.org/cookie/-/cookie-0.5.0.tgz 763ms (cache miss)
741 timing reifyNode:node_modules/express/node_modules/cookie Completed in 1167ms
742 http fetch GET 200 https://registry.npmjs.org/depd/-/depd-1.1.2.tgz 772ms (cache miss)
743 http fetch GET 200 https://registry.npmjs.org/run-parallel/-/run-parallel-1.2.0.tgz 986ms (cache miss)
744 timing reifyNode:node_modules/run-parallel Completed in 1179ms
745 http fetch GET 200 https://registry.npmjs.org/brace-expansion/-/brace-expansion-2.0.1.tgz 810ms (cache miss)
746 timing reifyNode:node_modules/filelist/node_modules/brace-expansion Completed in 1187ms
747 http fetch GET 200 https://registry.npmjs.org/glob-parent/-/glob-parent-5.1.2.tgz 970ms (cache miss)
748 timing reifyNode:node_modules/glob-parent Completed in 1190ms
749 http fetch GET 200 https://registry.npmjs.org/object-inspect/-/object-inspect-1.12.2.tgz 1133ms (cache miss)
750 timing reifyNode:node_modules/execa Completed in 1190ms
751 http fetch GET 200 https://registry.npmjs.org/bytes/-/bytes-3.1.2.tgz 817ms (cache miss)
752 timing reifyNode:node_modules/body-parser/node_modules/bytes Completed in 1195ms
753 timing reifyNode:node_modules/@nodelib/fs.scandir Completed in 1197ms
754 http fetch GET 200 https://registry.npmjs.org/ejs/-/ejs-3.1.8.tgz 847ms (cache miss)
755 http fetch GET 200 https://registry.npmjs.org/bytes/-/bytes-3.1.2.tgz 820ms (cache miss)
756 timing reifyNode:node_modules/raw-body/node_modules/bytes Completed in 1202ms
757 http fetch GET 200 https://registry.npmjs.org/http-errors/-/http-errors-1.6.3.tgz 806ms (cache miss)
758 timing reifyNode:node_modules/serve-index/node_modules/http-errors Completed in 1206ms
759 timing reifyNode:node_modules/object-inspect Completed in 1210ms
760 timing reifyNode:node_modules/ejs Completed in 1207ms
761 timing reifyNode:node_modules/serve-index/node_modules/depd Completed in 1210ms
762 http fetch GET 200 https://registry.npmjs.org/nanoid/-/nanoid-3.3.4.tgz 872ms (cache miss)
763 timing reifyNode:node_modules/@nodelib/fs.walk Completed in 1222ms
764 timing reifyNode:node_modules/nanoid Completed in 1221ms
765 http fetch GET 200 https://registry.npmjs.org/express/-/express-4.18.1.tgz 882ms (cache miss)
766 timing reifyNode:node_modules/express Completed in 1233ms
767 http fetch GET 200 https://registry.npmjs.org/qs/-/qs-6.10.3.tgz 1008ms (cache miss)
768 timing reifyNode:node_modules/qs Completed in 1249ms
769 http fetch GET 200 https://registry.npmjs.org/fs-extra/-/fs-extra-10.1.0.tgz 894ms (cache miss)
770 timing reifyNode:node_modules/fs-extra Completed in 1265ms
771 http fetch GET 200 https://registry.npmjs.org/iconv-lite/-/iconv-lite-0.4.24.tgz 1037ms (cache miss)
772 timing reifyNode:node_modules/iconv-lite Completed in 1270ms
773 http fetch GET 200 https://registry.npmjs.org/jake/-/jake-10.8.5.tgz 946ms (cache miss)
774 timing reifyNode:node_modules/jake Completed in 1276ms
775 http fetch GET 200 https://registry.npmjs.org/fast-glob/-/fast-glob-3.2.12.tgz 951ms (cache miss)
776 timing reifyNode:node_modules/fast-glob Completed in 1288ms
777 http fetch GET 200 https://registry.npmjs.org/serve-index/-/serve-index-1.9.1.tgz 958ms (cache miss)
778 http fetch GET 200 https://registry.npmjs.org/express-validator/-/express-validator-6.14.2.tgz 965ms (cache miss)
779 timing reifyNode:node_modules/serve-index Completed in 1307ms
780 timing reifyNode:node_modules/express-validator Completed in 1305ms
781 http fetch GET 200 https://registry.npmjs.org/degit/-/degit-2.8.4.tgz 971ms (cache miss)
782 timing reifyNode:node_modules/degit Completed in 1327ms
783 http fetch GET 200 https://registry.npmjs.org/socket.io-client/-/socket.io-client-4.5.2.tgz 1012ms (cache miss)
784 timing reifyNode:node_modules/socket.io-client Completed in 1339ms
785 http fetch GET 200 https://registry.npmjs.org/engine.io-client/-/engine.io-client-6.2.2.tgz 1298ms (cache miss)
786 timing reifyNode:node_modules/engine.io-client Completed in 1355ms
787 http fetch GET 200 https://registry.npmjs.org/@totallyinformation/ti-common-event-handler/-/ti-common-event-handler-1.0.0.tgz 1001ms (cache miss)
788 timing reifyNode:node_modules/@totallyinformation/ti-common-event-handler Completed in 1362ms
789 http fetch GET 200 https://registry.npmjs.org/async/-/async-3.2.4.tgz 1199ms (cache miss)
790 timing reifyNode:node_modules/async Completed in 1372ms
791 http fetch GET 200 https://registry.npmjs.org/validator/-/validator-13.7.0.tgz 1159ms (cache miss)
792 timing reifyNode:node_modules/validator Completed in 1382ms
793 http fetch GET 200 https://registry.npmjs.org/lodash/-/lodash-4.17.21.tgz 1251ms (cache miss)
794 timing reifyNode:node_modules/lodash Completed in 1476ms
795 http fetch GET 200 https://registry.npmjs.org/node-red-contrib-uibuilder/-/node-red-contrib-uibuilder-5.1.1.tgz 1749ms (cache miss)
796 timing reifyNode:node_modules/node-red-contrib-uibuilder Completed in 2120ms
797 timing reify:unpack Completed in 2126ms
798 timing reify:unretire Completed in 0ms
799 timing build:queue Completed in 3ms
800 info run node-red-contrib-uibuilder@5.1.1 preinstall node_modules/node-red-contrib-uibuilder node ./bin/uibpreinstalljs
801 info run node-red-contrib-uibuilder@5.1.1 preinstall { code: 0, signal: null }
802 timing build:run:preinstall:node_modules/node-red-contrib-uibuilder Completed in 63ms
803 timing build:run:preinstall Completed in 63ms
804 timing build:link:node_modules/degit Completed in 3ms
805 timing build:link:node_modules/ejs Completed in 2ms
806 timing build:link:node_modules/nanoid Completed in 2ms
807 timing build:link:node_modules/jake Completed in 2ms
808 timing build:link:node_modules/which Completed in 2ms
809 timing build:link Completed in 3ms
810 timing build:deps Completed in 69ms
811 timing build Completed in 69ms
812 timing reify:build Completed in 71ms
813 timing reify:trash Completed in 0ms
814 timing reify:save Completed in 47ms
815 timing reify Completed in 6578ms
816 silly ADD node_modules/isexe
817 silly ADD node_modules/media-typer
818 silly ADD node_modules/is-number
819 silly ADD node_modules/has-flag
820 silly ADD node_modules/xmlhttprequest-ssl
821 silly ADD node_modules/engine.io-client
822 silly ADD node_modules/engine.io-client/node_modules/ms
823 silly ADD node_modules/engine.io-client/node_modules/debug
824 silly ADD node_modules/has-symbols
825 silly ADD node_modules/has
826 silly ADD node_modules/function-bind
827 silly ADD node_modules/object-inspect
828 silly ADD node_modules/get-intrinsic
829 silly ADD node_modules/call-bind
830 silly ADD node_modules/shebang-regex
831 silly ADD node_modules/batch
832 silly ADD node_modules/queue-microtask
833 silly ADD node_modules/side-channel
834 silly ADD node_modules/ipaddr.js
835 silly ADD node_modules/forwarded
836 silly ADD node_modules/mimic-fn
837 silly ADD node_modules/concat-map
838 silly ADD node_modules/balanced-match
839 silly ADD node_modules/brace-expansion
840 silly ADD node_modules/to-regex-range
841 silly ADD node_modules/fill-range
842 silly ADD node_modules/picomatch
843 silly ADD node_modules/braces
844 silly ADD node_modules/color-name
845 silly ADD node_modules/color-convert
846 silly ADD node_modules/supports-color
847 silly ADD node_modules/ansi-styles
848 silly ADD node_modules/minimatch
849 silly ADD node_modules/filelist
850 silly ADD node_modules/filelist/node_modules/brace-expansion
851 silly ADD node_modules/filelist/node_modules/minimatch
852 silly ADD node_modules/chalk
853 silly ADD node_modules/async
854 silly ADD node_modules/is-extglob
855 silly ADD node_modules/safer-buffer
856 silly ADD node_modules/is-glob
857 silly ADD node_modules/universalify
858 silly ADD node_modules/jsonfile
859 silly ADD node_modules/graceful-fs
860 silly ADD node_modules/reusify
861 silly ADD node_modules/run-parallel
862 silly ADD node_modules/fastq
863 silly ADD node_modules/@nodelib/fs.scandir
864 silly ADD node_modules/micromatch
865 silly ADD node_modules/merge2
866 silly ADD node_modules/glob-parent
867 silly ADD node_modules/@nodelib/fs.walk
868 silly ADD node_modules/@nodelib/fs.stat
869 silly ADD node_modules/validator
870 silly ADD node_modules/lodash
871 silly ADD node_modules/unpipe
872 silly ADD node_modules/raw-body
873 silly ADD node_modules/raw-body/node_modules/bytes
874 silly ADD node_modules/iconv-lite
875 silly ADD node_modules/utils-merge
876 silly ADD node_modules/type-is
877 silly ADD node_modules/qs
878 silly ADD node_modules/proxy-addr
879 silly ADD node_modules/path-to-regexp
880 silly ADD node_modules/methods
881 silly ADD node_modules/merge-descriptors
882 silly ADD node_modules/finalhandler
883 silly ADD node_modules/cookie-signature
884 silly ADD node_modules/content-type
885 silly ADD node_modules/content-disposition
886 silly ADD node_modules/content-disposition/node_modules/safe-buffer
887 silly ADD node_modules/body-parser
888 silly ADD node_modules/body-parser/node_modules/bytes
889 silly ADD node_modules/array-flatten
890 silly ADD node_modules/which
891 silly ADD node_modules/shebang-command
892 silly ADD node_modules/path-key
893 silly ADD node_modules/strip-final-newline
894 silly ADD node_modules/signal-exit
895 silly ADD node_modules/onetime
896 silly ADD node_modules/npm-run-path
897 silly ADD node_modules/merge-stream
898 silly ADD node_modules/is-stream
899 silly ADD node_modules/human-signals
900 silly ADD node_modules/get-stream
901 silly ADD node_modules/cross-spawn
902 silly ADD node_modules/jake
903 silly ADD node_modules/eventemitter2
904 silly ADD node_modules/socket.io-client
905 silly ADD node_modules/socket.io-client/node_modules/ms
906 silly ADD node_modules/socket.io-client/node_modules/debug
907 silly ADD node_modules/serve-index
908 silly ADD node_modules/serve-index/node_modules/statuses
909 silly ADD node_modules/serve-index/node_modules/setprototypeof
910 silly ADD node_modules/serve-index/node_modules/inherits
911 silly ADD node_modules/serve-index/node_modules/depd
912 silly ADD node_modules/serve-index/node_modules/http-errors
913 silly ADD node_modules/nanoid
914 silly ADD node_modules/fs-extra
915 silly ADD node_modules/fast-glob
916 silly ADD node_modules/express-validator
917 silly ADD node_modules/express
918 silly ADD node_modules/express/node_modules/safe-buffer
919 silly ADD node_modules/express/node_modules/cookie
920 silly ADD node_modules/execa
921 silly ADD node_modules/ejs
922 silly ADD node_modules/degit
923 silly ADD node_modules/@totallyinformation/ti-common-event-handler
924 silly ADD node_modules/node-red-contrib-uibuilder
925 timing command:install Completed in 6582ms
926 verbose exit 0
927 timing npm Completed in 6731ms
928 info ok
