0 verbose cli /usr/local/bin/node /usr/local/bin/npm
1 info using npm@8.11.0
2 info using node@v16.16.0
3 timing npm:load:whichnode Completed in 1ms
4 timing config:load:defaults Completed in 3ms
5 timing config:load:file:/usr/local/lib/node_modules/npm/npmrc Completed in 1ms
6 timing config:load:builtin Completed in 2ms
7 warn config production Use `--omit=dev` instead.
8 timing config:load:cli Completed in 2ms
9 timing config:load:env Completed in 0ms
10 timing config:load:file:/data/.npmrc Completed in 0ms
11 timing config:load:project Completed in 3ms
12 timing config:load:file:/usr/src/node-red/.npmrc Completed in 0ms
13 timing config:load:user Completed in 0ms
14 timing config:load:file:/usr/local/etc/npmrc Completed in 1ms
15 timing config:load:global Completed in 1ms
16 timing config:load:validate Completed in 0ms
17 timing config:load:credentials Completed in 1ms
18 timing config:load:setEnvs Completed in 1ms
19 timing config:load Completed in 15ms
20 timing npm:load:configload Completed in 15ms
21 timing npm:load:mkdirpcache Completed in 0ms
22 timing npm:load:mkdirplogs Completed in 0ms
23 verbose title npm install node-red-contrib-modbus@5.23.1
24 verbose argv "install" "--no-audit" "--no-update-notifier" "--no-fund" "--save" "--save-prefix" "~" "--production" "--engine-strict" "node-red-contrib-modbus@5.23.1"
25 timing npm:load:setTitle Completed in 1ms
26 timing config:load:flatten Completed in 3ms
27 timing npm:load:display Completed in 5ms
28 verbose logfile logs-max:10 dir:/data/.npm/_logs
29 verbose logfile /data/.npm/_logs/2022-09-12T08_55_54_167Z-debug-0.log
30 timing npm:load:logFile Completed in 4ms
31 timing npm:load:timers Completed in 1ms
32 timing npm:load:configScope Completed in 0ms
33 timing npm:load Completed in 28ms
34 timing arborist:ctor Completed in 1ms
35 silly logfile done cleaning log files
36 timing idealTree:init Completed in 47ms
37 timing idealTree:userRequests Completed in 2ms
38 silly idealTree buildDeps
39 silly fetch manifest node-red-contrib-modbus@5.23.1
40 timing arborist:ctor Completed in 0ms
41 http fetch GET 200 https://registry.npmjs.org/node-red-contrib-modbus 469ms (cache miss)
42 silly placeDep ROOT node-red-contrib-modbus@5.23.1 OK for: node-red-project@0.0.1 want: 5.23.1
43 silly fetch manifest @xstate/fsm@~1.6.5
44 silly fetch manifest bson@~4.6.4
45 silly fetch manifest debug@~4.3.4
46 silly fetch manifest jsmodbus@~4.0.6
47 silly fetch manifest line-by-line@~0.1.6
48 silly fetch manifest modbus-serial@~8.0.5
49 silly fetch manifest source-map-support@~0.5.21
50 silly fetch manifest vm2@~3.9.10
51 silly fetch manifest @serialport/list@~10.4.0
52 silly fetch manifest serialport@~10.4.0
53 http fetch GET 200 https://registry.npmjs.org/debug 31ms (cache hit)
54 http fetch GET 200 https://registry.npmjs.org/jsmodbus 92ms (cache miss)
55 http fetch GET 200 https://registry.npmjs.org/source-map-support 102ms (cache miss)
56 http fetch GET 200 https://registry.npmjs.org/vm2 111ms (cache miss)
57 http fetch GET 200 https://registry.npmjs.org/@xstate%2ffsm 116ms (cache miss)
58 http fetch GET 200 https://registry.npmjs.org/bson 137ms (cache miss)
59 http fetch GET 200 https://registry.npmjs.org/line-by-line 350ms (cache miss)
60 http fetch GET 200 https://registry.npmjs.org/modbus-serial 368ms (cache miss)
61 http fetch GET 200 https://registry.npmjs.org/serialport 382ms (cache miss)
62 http fetch GET 200 https://registry.npmjs.org/@serialport%2flist 1117ms (cache miss)
63 timing idealTree:#root Completed in 1602ms
64 silly placeDep ROOT @serialport/list@10.4.0 OK for: node-red-contrib-modbus@5.23.1 want: ~10.4.0
65 silly placeDep ROOT @xstate/fsm@1.6.5 OK for: node-red-contrib-modbus@5.23.1 want: ~1.6.5
66 silly placeDep ROOT bson@4.6.5 OK for: node-red-contrib-modbus@5.23.1 want: ~4.6.4
67 silly placeDep node_modules/node-red-contrib-modbus debug@4.3.4 OK for: node-red-contrib-modbus@5.23.1 want: ~4.3.4
68 silly placeDep ROOT jsmodbus@4.0.6 OK for: node-red-contrib-modbus@5.23.1 want: ~4.0.6
69 silly placeDep ROOT line-by-line@0.1.6 OK for: node-red-contrib-modbus@5.23.1 want: ~0.1.6
70 silly placeDep ROOT modbus-serial@8.0.5 OK for: node-red-contrib-modbus@5.23.1 want: ~8.0.5
71 silly placeDep ROOT serialport@10.4.0 OK for: node-red-contrib-modbus@5.23.1 want: ~10.4.0
72 silly placeDep ROOT source-map-support@0.5.21 OK for: node-red-contrib-modbus@5.23.1 want: ~0.5.21
73 silly placeDep ROOT vm2@3.9.11 OK for: node-red-contrib-modbus@5.23.1 want: ~3.9.10
74 silly fetch manifest @serialport/bindings-cpp@10.7.0
75 silly fetch manifest commander@^9.0.0
76 silly fetch manifest buffer@^5.6.0
77 silly fetch manifest ms@2.1.2
78 silly fetch manifest crc@3.4.0
79 silly fetch manifest debug@^3.1.0
80 silly fetch manifest debug@^4.1.1
81 silly fetch manifest serialport@^9.0.0
82 silly fetch manifest @serialport/binding-mock@10.2.2
83 silly fetch manifest @serialport/parser-byte-length@10.3.0
84 silly fetch manifest @serialport/parser-cctalk@10.3.0
85 silly fetch manifest @serialport/parser-delimiter@10.3.0
86 silly fetch manifest @serialport/parser-inter-byte-timeout@10.3.0
87 silly fetch manifest @serialport/parser-packet-length@10.3.0
88 silly fetch manifest @serialport/parser-readline@10.3.0
89 silly fetch manifest @serialport/parser-ready@10.3.0
90 silly fetch manifest @serialport/parser-regex@10.3.0
91 silly fetch manifest @serialport/parser-slip-encoder@10.3.0
92 silly fetch manifest @serialport/parser-spacepacket@10.3.0
93 silly fetch manifest @serialport/stream@10.3.0
94 silly fetch manifest debug@^4.3.3
95 silly fetch manifest buffer-from@^1.0.0
96 silly fetch manifest source-map@^0.6.0
97 silly fetch manifest acorn@^8.7.0
98 silly fetch manifest acorn-walk@^8.2.0
99 http fetch GET 200 https://registry.npmjs.org/ms 41ms (cache hit)
100 http fetch GET 200 https://registry.npmjs.org/crc 72ms (cache miss)
101 http fetch GET 200 https://registry.npmjs.org/buffer 81ms (cache miss)
102 http fetch GET 200 https://registry.npmjs.org/commander 88ms (cache miss)
103 http fetch GET 200 https://registry.npmjs.org/buffer-from 106ms (cache miss)
104 http fetch GET 200 https://registry.npmjs.org/source-map 118ms (cache miss)
105 http fetch GET 200 https://registry.npmjs.org/acorn-walk 154ms (cache miss)
106 http fetch GET 200 https://registry.npmjs.org/acorn 163ms (cache miss)
107 http fetch GET 200 https://registry.npmjs.org/@serialport%2fparser-inter-byte-timeout 541ms (cache miss)
108 http fetch GET 200 https://registry.npmjs.org/@serialport%2fbindings-cpp 1042ms (cache miss)
109 http fetch GET 200 https://registry.npmjs.org/@serialport%2fbinding-mock 1045ms (cache miss)
110 http fetch GET 200 https://registry.npmjs.org/@serialport%2fparser-delimiter 1044ms (cache miss)
111 http fetch GET 200 https://registry.npmjs.org/@serialport%2fparser-cctalk 1048ms (cache miss)
112 http fetch GET 200 https://registry.npmjs.org/@serialport%2fparser-byte-length 1049ms (cache miss)
113 http fetch GET 200 https://registry.npmjs.org/@serialport%2fparser-regex 1079ms (cache miss)
114 http fetch GET 200 https://registry.npmjs.org/@serialport%2fparser-readline 1083ms (cache miss)
115 http fetch GET 200 https://registry.npmjs.org/@serialport%2fparser-packet-length 1084ms (cache miss)
116 http fetch GET 200 https://registry.npmjs.org/@serialport%2fstream 1082ms (cache miss)
117 http fetch GET 200 https://registry.npmjs.org/@serialport%2fparser-spacepacket 1092ms (cache miss)
118 http fetch GET 200 https://registry.npmjs.org/@serialport%2fparser-ready 1304ms (cache miss)
119 http fetch GET 200 https://registry.npmjs.org/@serialport%2fparser-slip-encoder 1634ms (cache miss)
120 timing idealTree:node_modules/node-red-contrib-modbus Completed in 1653ms
121 silly placeDep ROOT @serialport/bindings-cpp@10.7.0 OK for: @serialport/list@10.4.0 want: 10.7.0
122 silly placeDep ROOT commander@9.4.0 OK for: @serialport/list@10.4.0 want: ^9.0.0
123 silly fetch manifest @serialport/bindings-interface@1.2.1
124 silly fetch manifest @serialport/parser-readline@^10.2.1
125 silly fetch manifest debug@^4.3.2
126 silly fetch manifest node-addon-api@^4.3.0
127 silly fetch manifest node-gyp-build@^4.3.0
128 http fetch GET 200 https://registry.npmjs.org/node-gyp-build 44ms (cache miss)
129 http fetch GET 200 https://registry.npmjs.org/node-addon-api 45ms (cache miss)
130 http fetch GET 200 https://registry.npmjs.org/@serialport%2fbindings-interface 509ms (cache miss)
131 timing idealTree:node_modules/@serialport/list Completed in 514ms
132 silly placeDep ROOT @serialport/bindings-interface@1.2.1 OK for: @serialport/bindings-cpp@10.7.0 want: 1.2.1
133 silly placeDep ROOT @serialport/parser-readline@10.3.0 OK for: @serialport/bindings-cpp@10.7.0 want: ^10.2.1
134 silly placeDep node_modules/@serialport/bindings-cpp debug@4.3.4 OK for: @serialport/bindings-cpp@10.7.0 want: ^4.3.2
135 silly placeDep ROOT node-addon-api@4.3.0 OK for: @serialport/bindings-cpp@10.7.0 want: ^4.3.0
136 silly placeDep ROOT node-gyp-build@4.5.0 OK for: @serialport/bindings-cpp@10.7.0 want: ^4.3.0
137 timing idealTree:node_modules/@serialport/bindings-cpp Completed in 4ms
138 timing idealTree:node_modules/@serialport/bindings-interface Completed in 0ms
139 silly placeDep ROOT @serialport/parser-delimiter@10.3.0 OK for: @serialport/parser-readline@10.3.0 want: 10.3.0
140 timing idealTree:node_modules/@serialport/parser-readline Completed in 1ms
141 timing idealTree:node_modules/@serialport/parser-delimiter Completed in 1ms
142 timing idealTree:node_modules/@xstate/fsm Completed in 0ms
143 silly placeDep ROOT buffer@5.7.1 OK for: bson@4.6.5 want: ^5.6.0
144 silly fetch manifest base64-js@^1.3.1
145 silly fetch manifest ieee754@^1.1.13
146 http fetch GET 200 https://registry.npmjs.org/base64-js 40ms (cache miss)
147 http fetch GET 200 https://registry.npmjs.org/ieee754 40ms (cache miss)
148 timing idealTree:node_modules/bson Completed in 43ms
149 silly placeDep ROOT base64-js@1.5.1 OK for: buffer@5.7.1 want: ^1.3.1
150 silly placeDep ROOT ieee754@1.2.1 OK for: buffer@5.7.1 want: ^1.1.13
151 timing idealTree:node_modules/buffer Completed in 1ms
152 timing idealTree:node_modules/base64-js Completed in 0ms
153 timing idealTree:node_modules/commander Completed in 0ms
154 timing idealTree:node_modules/ieee754 Completed in 0ms
155 silly placeDep ROOT crc@3.4.0 OK for: jsmodbus@4.0.6 want: 3.4.0
156 silly placeDep node_modules/jsmodbus debug@3.2.7 OK for: jsmodbus@4.0.6 want: ^3.1.0
157 silly fetch manifest ms@^2.1.1
158 timing idealTree:node_modules/jsmodbus Completed in 2ms
159 timing idealTree:node_modules/crc Completed in 0ms
160 timing idealTree:node_modules/line-by-line Completed in 0ms
161 silly placeDep node_modules/modbus-serial debug@4.3.4 OK for: modbus-serial@8.0.5 want: ^4.1.1
162 silly placeDep node_modules/modbus-serial serialport@9.2.8 OK for: modbus-serial@8.0.5 want: ^9.0.0
163 silly fetch manifest @serialport/binding-mock@9.2.4
164 silly fetch manifest @serialport/bindings@9.2.8
165 silly fetch manifest @serialport/parser-byte-length@9.2.4
166 silly fetch manifest @serialport/parser-cctalk@9.2.4
167 silly fetch manifest @serialport/parser-delimiter@9.2.4
168 silly fetch manifest @serialport/parser-inter-byte-timeout@9.2.4
169 silly fetch manifest @serialport/parser-readline@9.2.4
170 silly fetch manifest @serialport/parser-ready@9.2.4
171 silly fetch manifest @serialport/parser-regex@9.2.4
172 silly fetch manifest @serialport/stream@9.2.4
173 http fetch GET 200 https://registry.npmjs.org/@serialport%2fbindings 1053ms (cache miss)
174 timing idealTree:node_modules/modbus-serial Completed in 1057ms
175 timing idealTree:node_modules/node-addon-api Completed in 0ms
176 timing idealTree:node_modules/node-gyp-build Completed in 0ms
177 silly placeDep ROOT @serialport/binding-mock@10.2.2 OK for: serialport@10.4.0 want: 10.2.2
178 silly placeDep ROOT @serialport/parser-byte-length@10.3.0 OK for: serialport@10.4.0 want: 10.3.0
179 silly placeDep ROOT @serialport/parser-cctalk@10.3.0 OK for: serialport@10.4.0 want: 10.3.0
180 silly placeDep ROOT @serialport/parser-inter-byte-timeout@10.3.0 OK for: serialport@10.4.0 want: 10.3.0
181 silly placeDep ROOT @serialport/parser-packet-length@10.3.0 OK for: serialport@10.4.0 want: 10.3.0
182 silly placeDep ROOT @serialport/parser-ready@10.3.0 OK for: serialport@10.4.0 want: 10.3.0
183 silly placeDep ROOT @serialport/parser-regex@10.3.0 OK for: serialport@10.4.0 want: 10.3.0
184 silly placeDep ROOT @serialport/parser-slip-encoder@10.3.0 OK for: serialport@10.4.0 want: 10.3.0
185 silly placeDep ROOT @serialport/parser-spacepacket@10.3.0 OK for: serialport@10.4.0 want: 10.3.0
186 silly placeDep ROOT @serialport/stream@10.3.0 OK for: serialport@10.4.0 want: 10.3.0
187 silly placeDep node_modules/serialport debug@4.3.4 OK for: serialport@10.4.0 want: ^4.3.3
188 timing idealTree:node_modules/serialport Completed in 11ms
189 silly placeDep node_modules/@serialport/binding-mock debug@4.3.4 OK for: @serialport/binding-mock@10.2.2 want: ^4.3.3
190 timing idealTree:node_modules/@serialport/binding-mock Completed in 1ms
191 timing idealTree:node_modules/@serialport/parser-byte-length Completed in 0ms
192 timing idealTree:node_modules/@serialport/parser-cctalk Completed in 0ms
193 timing idealTree:node_modules/@serialport/parser-inter-byte-timeout Completed in 0ms
194 timing idealTree:node_modules/@serialport/parser-packet-length Completed in 0ms
195 timing idealTree:node_modules/@serialport/parser-ready Completed in 0ms
196 timing idealTree:node_modules/@serialport/parser-regex Completed in 0ms
197 timing idealTree:node_modules/@serialport/parser-slip-encoder Completed in 0ms
198 timing idealTree:node_modules/@serialport/parser-spacepacket Completed in 0ms
199 silly placeDep node_modules/@serialport/stream debug@4.3.4 OK for: @serialport/stream@10.3.0 want: ^4.3.2
200 timing idealTree:node_modules/@serialport/stream Completed in 1ms
201 silly placeDep ROOT buffer-from@1.1.2 OK for: source-map-support@0.5.21 want: ^1.0.0
202 silly placeDep ROOT source-map@0.6.1 OK for: source-map-support@0.5.21 want: ^0.6.0
203 timing idealTree:node_modules/source-map-support Completed in 1ms
204 timing idealTree:node_modules/buffer-from Completed in 0ms
205 timing idealTree:node_modules/source-map Completed in 0ms
206 silly placeDep ROOT acorn@8.8.0 OK for: vm2@3.9.11 want: ^8.7.0
207 silly placeDep ROOT acorn-walk@8.2.0 OK for: vm2@3.9.11 want: ^8.2.0
208 timing idealTree:node_modules/vm2 Completed in 2ms
209 timing idealTree:node_modules/acorn Completed in 0ms
210 timing idealTree:node_modules/acorn-walk Completed in 0ms
211 silly placeDep node_modules/@serialport/binding-mock ms@2.1.2 OK for: debug@4.3.4 want: 2.1.2
212 timing idealTree:node_modules/@serialport/binding-mock/node_modules/debug Completed in 1ms
213 timing idealTree:node_modules/@serialport/binding-mock/node_modules/ms Completed in 0ms
214 silly placeDep node_modules/@serialport/bindings-cpp ms@2.1.2 OK for: debug@4.3.4 want: 2.1.2
215 timing idealTree:node_modules/@serialport/bindings-cpp/node_modules/debug Completed in 1ms
216 timing idealTree:node_modules/@serialport/bindings-cpp/node_modules/ms Completed in 0ms
217 silly placeDep node_modules/@serialport/stream ms@2.1.2 OK for: debug@4.3.4 want: 2.1.2
218 timing idealTree:node_modules/@serialport/stream/node_modules/debug Completed in 1ms
219 timing idealTree:node_modules/@serialport/stream/node_modules/ms Completed in 0ms
220 silly placeDep node_modules/jsmodbus ms@2.1.3 OK for: debug@3.2.7 want: ^2.1.1
221 timing idealTree:node_modules/jsmodbus/node_modules/debug Completed in 1ms
222 timing idealTree:node_modules/jsmodbus/node_modules/ms Completed in 0ms
223 silly placeDep node_modules/modbus-serial ms@2.1.2 OK for: debug@4.3.4 want: 2.1.2
224 timing idealTree:node_modules/modbus-serial/node_modules/debug Completed in 1ms
225 timing idealTree:node_modules/modbus-serial/node_modules/ms Completed in 0ms
226 silly placeDep node_modules/modbus-serial @serialport/binding-mock@9.2.4 OK for: serialport@9.2.8 want: 9.2.4
227 silly placeDep ROOT @serialport/bindings@9.2.8 OK for: serialport@9.2.8 want: 9.2.8
228 silly placeDep node_modules/modbus-serial @serialport/parser-byte-length@9.2.4 OK for: serialport@9.2.8 want: 9.2.4
229 silly placeDep node_modules/modbus-serial @serialport/parser-cctalk@9.2.4 OK for: serialport@9.2.8 want: 9.2.4
230 silly placeDep node_modules/modbus-serial @serialport/parser-delimiter@9.2.4 OK for: serialport@9.2.8 want: 9.2.4
231 silly placeDep node_modules/modbus-serial @serialport/parser-inter-byte-timeout@9.2.4 OK for: serialport@9.2.8 want: 9.2.4
232 silly placeDep node_modules/modbus-serial @serialport/parser-readline@9.2.4 OK for: serialport@9.2.8 want: 9.2.4
233 silly placeDep node_modules/modbus-serial @serialport/parser-ready@9.2.4 OK for: serialport@9.2.8 want: 9.2.4
234 silly placeDep node_modules/modbus-serial @serialport/parser-regex@9.2.4 OK for: serialport@9.2.8 want: 9.2.4
235 silly placeDep node_modules/modbus-serial @serialport/stream@9.2.4 OK for: serialport@9.2.8 want: 9.2.4
236 silly fetch manifest @serialport/binding-abstract@9.2.3
237 silly fetch manifest bindings@^1.5.0
238 silly fetch manifest nan@^2.15.0
239 silly fetch manifest prebuild-install@^7.0.0
240 http fetch GET 200 https://registry.npmjs.org/bindings 38ms (cache miss)
241 http fetch GET 200 https://registry.npmjs.org/nan 59ms (cache miss)
242 http fetch GET 200 https://registry.npmjs.org/prebuild-install 61ms (cache miss)
243 http fetch GET 200 https://registry.npmjs.org/@serialport%2fbinding-abstract 620ms (cache miss)
244 timing idealTree:node_modules/modbus-serial/node_modules/serialport Completed in 632ms
245 silly placeDep ROOT @serialport/binding-abstract@9.2.3 OK for: @serialport/bindings@9.2.8 want: 9.2.3
246 silly placeDep node_modules/@serialport/bindings @serialport/parser-readline@9.2.4 OK for: @serialport/bindings@9.2.8 want: 9.2.4
247 silly placeDep ROOT bindings@1.5.0 OK for: @serialport/bindings@9.2.8 want: ^1.5.0
248 silly placeDep node_modules/@serialport/bindings debug@4.3.4 OK for: @serialport/bindings@9.2.8 want: ^4.3.2
249 silly placeDep ROOT nan@2.16.0 OK for: @serialport/bindings@9.2.8 want: ^2.15.0
250 silly placeDep ROOT prebuild-install@7.1.1 OK for: @serialport/bindings@9.2.8 want: ^7.0.0
251 silly fetch manifest file-uri-to-path@1.0.0
252 silly fetch manifest detect-libc@^2.0.0
253 silly fetch manifest expand-template@^2.0.3
254 silly fetch manifest github-from-package@0.0.0
255 silly fetch manifest minimist@^1.2.3
256 silly fetch manifest mkdirp-classic@^0.5.3
257 silly fetch manifest napi-build-utils@^1.0.1
258 silly fetch manifest node-abi@^3.3.0
259 silly fetch manifest pump@^3.0.0
260 silly fetch manifest rc@^1.2.7
261 silly fetch manifest simple-get@^4.0.0
262 silly fetch manifest tar-fs@^2.0.0
263 silly fetch manifest tunnel-agent@^0.6.0
264 http fetch GET 200 https://registry.npmjs.org/file-uri-to-path 60ms (cache miss)
265 http fetch GET 200 https://registry.npmjs.org/mkdirp-classic 57ms (cache miss)
266 http fetch GET 200 https://registry.npmjs.org/github-from-package 58ms (cache miss)
267 http fetch GET 200 https://registry.npmjs.org/expand-template 59ms (cache miss)
268 http fetch GET 200 https://registry.npmjs.org/napi-build-utils 59ms (cache miss)
269 http fetch GET 200 https://registry.npmjs.org/detect-libc 64ms (cache miss)
270 http fetch GET 200 https://registry.npmjs.org/tunnel-agent 57ms (cache miss)
271 http fetch GET 200 https://registry.npmjs.org/pump 59ms (cache miss)
272 http fetch GET 200 https://registry.npmjs.org/rc 59ms (cache miss)
273 http fetch GET 200 https://registry.npmjs.org/simple-get 62ms (cache miss)
274 http fetch GET 200 https://registry.npmjs.org/minimist 71ms (cache miss)
275 http fetch GET 200 https://registry.npmjs.org/tar-fs 68ms (cache miss)
276 http fetch GET 200 https://registry.npmjs.org/node-abi 80ms (cache miss)
277 timing idealTree:node_modules/@serialport/bindings Completed in 95ms
278 silly placeDep node_modules/@serialport/binding-abstract debug@4.3.4 OK for: @serialport/binding-abstract@9.2.3 want: ^4.3.2
279 timing idealTree:node_modules/@serialport/binding-abstract Completed in 1ms
280 silly placeDep ROOT file-uri-to-path@1.0.0 OK for: bindings@1.5.0 want: 1.0.0
281 timing idealTree:node_modules/bindings Completed in 0ms
282 timing idealTree:node_modules/file-uri-to-path Completed in 0ms
283 timing idealTree:node_modules/nan Completed in 0ms
284 silly placeDep ROOT detect-libc@2.0.1 OK for: prebuild-install@7.1.1 want: ^2.0.0
285 silly placeDep ROOT expand-template@2.0.3 OK for: prebuild-install@7.1.1 want: ^2.0.3
286 silly placeDep ROOT github-from-package@0.0.0 OK for: prebuild-install@7.1.1 want: 0.0.0
287 silly placeDep ROOT minimist@1.2.6 OK for: prebuild-install@7.1.1 want: ^1.2.3
288 silly placeDep ROOT mkdirp-classic@0.5.3 OK for: prebuild-install@7.1.1 want: ^0.5.3
289 silly placeDep ROOT napi-build-utils@1.0.2 OK for: prebuild-install@7.1.1 want: ^1.0.1
290 silly placeDep ROOT node-abi@3.24.0 OK for: prebuild-install@7.1.1 want: ^3.3.0
291 silly placeDep ROOT pump@3.0.0 OK for: prebuild-install@7.1.1 want: ^3.0.0
292 silly placeDep ROOT rc@1.2.8 OK for: prebuild-install@7.1.1 want: ^1.2.7
293 silly placeDep ROOT simple-get@4.0.1 OK for: prebuild-install@7.1.1 want: ^4.0.0
294 silly placeDep ROOT tar-fs@2.1.1 OK for: prebuild-install@7.1.1 want: ^2.0.0
295 silly placeDep ROOT tunnel-agent@0.6.0 OK for: prebuild-install@7.1.1 want: ^0.6.0
296 silly fetch manifest semver@^7.3.5
297 silly fetch manifest end-of-stream@^1.1.0
298 silly fetch manifest once@^1.3.1
299 silly fetch manifest deep-extend@^0.6.0
300 silly fetch manifest ini@~1.3.0
301 silly fetch manifest strip-json-comments@~2.0.1
302 silly fetch manifest decompress-response@^6.0.0
303 silly fetch manifest simple-concat@^1.0.0
304 silly fetch manifest chownr@^1.1.1
305 silly fetch manifest tar-stream@^2.1.4
306 http fetch GET 200 https://registry.npmjs.org/simple-concat 50ms (cache miss)
307 http fetch GET 200 https://registry.npmjs.org/once 57ms (cache miss)
308 http fetch GET 200 https://registry.npmjs.org/chownr 56ms (cache miss)
309 http fetch GET 200 https://registry.npmjs.org/decompress-response 65ms (cache miss)
310 http fetch GET 200 https://registry.npmjs.org/ini 71ms (cache miss)
311 http fetch GET 200 https://registry.npmjs.org/strip-json-comments 72ms (cache miss)
312 http fetch GET 200 https://registry.npmjs.org/deep-extend 74ms (cache miss)
313 http fetch GET 200 https://registry.npmjs.org/end-of-stream 76ms (cache miss)
314 http fetch GET 200 https://registry.npmjs.org/tar-stream 69ms (cache miss)
315 http fetch GET 200 https://registry.npmjs.org/semver 87ms (cache miss)
316 timing idealTree:node_modules/prebuild-install Completed in 96ms
317 timing idealTree:node_modules/detect-libc Completed in 0ms
318 timing idealTree:node_modules/expand-template Completed in 0ms
319 timing idealTree:node_modules/github-from-package Completed in 0ms
320 timing idealTree:node_modules/minimist Completed in 0ms
321 timing idealTree:node_modules/mkdirp-classic Completed in 0ms
322 timing idealTree:node_modules/napi-build-utils Completed in 0ms
323 silly placeDep ROOT semver@7.3.7 OK for: node-abi@3.24.0 want: ^7.3.5
324 silly fetch manifest lru-cache@^6.0.0
325 http fetch GET 200 https://registry.npmjs.org/lru-cache 51ms (cache miss)
326 timing idealTree:node_modules/node-abi Completed in 53ms
327 silly placeDep ROOT end-of-stream@1.4.4 OK for: pump@3.0.0 want: ^1.1.0
328 silly placeDep ROOT once@1.4.0 OK for: pump@3.0.0 want: ^1.3.1
329 silly fetch manifest wrappy@1
330 http fetch GET 200 https://registry.npmjs.org/wrappy 31ms (cache miss)
331 timing idealTree:node_modules/pump Completed in 33ms
332 timing idealTree:node_modules/end-of-stream Completed in 0ms
333 silly placeDep ROOT wrappy@1.0.2 OK for: once@1.4.0 want: 1
334 timing idealTree:node_modules/once Completed in 1ms
335 silly placeDep ROOT deep-extend@0.6.0 OK for: rc@1.2.8 want: ^0.6.0
336 silly placeDep ROOT ini@1.3.8 OK for: rc@1.2.8 want: ~1.3.0
337 silly placeDep ROOT strip-json-comments@2.0.1 OK for: rc@1.2.8 want: ~2.0.1
338 timing idealTree:node_modules/rc Completed in 1ms
339 timing idealTree:node_modules/deep-extend Completed in 0ms
340 timing idealTree:node_modules/ini Completed in 0ms
341 silly placeDep ROOT lru-cache@6.0.0 OK for: semver@7.3.7 want: ^6.0.0
342 silly fetch manifest yallist@^4.0.0
343 http fetch GET 200 https://registry.npmjs.org/yallist 34ms (cache miss)
344 timing idealTree:node_modules/semver Completed in 36ms
345 silly placeDep ROOT yallist@4.0.0 OK for: lru-cache@6.0.0 want: ^4.0.0
346 timing idealTree:node_modules/lru-cache Completed in 0ms
347 silly placeDep ROOT decompress-response@6.0.0 OK for: simple-get@4.0.1 want: ^6.0.0
348 silly placeDep ROOT simple-concat@1.0.1 OK for: simple-get@4.0.1 want: ^1.0.0
349 silly fetch manifest mimic-response@^3.1.0
350 http fetch GET 200 https://registry.npmjs.org/mimic-response 64ms (cache miss)
351 timing idealTree:node_modules/simple-get Completed in 66ms
352 silly placeDep ROOT mimic-response@3.1.0 OK for: decompress-response@6.0.0 want: ^3.1.0
353 timing idealTree:node_modules/decompress-response Completed in 3ms
354 timing idealTree:node_modules/mimic-response Completed in 0ms
355 timing idealTree:node_modules/simple-concat Completed in 0ms
356 timing idealTree:node_modules/strip-json-comments Completed in 0ms
357 silly placeDep ROOT chownr@1.1.4 OK for: tar-fs@2.1.1 want: ^1.1.1
358 silly placeDep ROOT tar-stream@2.2.0 OK for: tar-fs@2.1.1 want: ^2.1.4
359 silly fetch manifest bl@^4.0.3
360 silly fetch manifest fs-constants@^1.0.0
361 silly fetch manifest readable-stream@^3.1.1
362 http fetch GET 200 https://registry.npmjs.org/fs-constants 45ms (cache miss)
363 http fetch GET 200 https://registry.npmjs.org/bl 55ms (cache miss)
364 http fetch GET 200 https://registry.npmjs.org/readable-stream 61ms (cache miss)
365 timing idealTree:node_modules/tar-fs Completed in 66ms
366 timing idealTree:node_modules/chownr Completed in 0ms
367 silly placeDep ROOT bl@4.1.0 OK for: tar-stream@2.2.0 want: ^4.0.3
368 silly placeDep ROOT fs-constants@1.0.0 OK for: tar-stream@2.2.0 want: ^1.0.0
369 silly placeDep ROOT readable-stream@3.6.0 OK for: tar-stream@2.2.0 want: ^3.1.1
370 silly fetch manifest string_decoder@^1.1.1
371 silly fetch manifest util-deprecate@^1.0.1
372 http fetch GET 200 https://registry.npmjs.org/util-deprecate 41ms (cache miss)
373 http fetch GET 200 https://registry.npmjs.org/string_decoder 53ms (cache miss)
374 timing idealTree:node_modules/tar-stream Completed in 56ms
375 timing idealTree:node_modules/bl Completed in 0ms
376 timing idealTree:node_modules/fs-constants Completed in 0ms
377 silly placeDep ROOT string_decoder@1.3.0 OK for: readable-stream@3.6.0 want: ^1.1.1
378 silly placeDep ROOT util-deprecate@1.0.2 OK for: readable-stream@3.6.0 want: ^1.0.1
379 silly fetch manifest safe-buffer@~5.2.0
380 http fetch GET 200 https://registry.npmjs.org/safe-buffer 4ms (cache hit)
381 timing idealTree:node_modules/readable-stream Completed in 7ms
382 silly placeDep node_modules/string_decoder safe-buffer@5.2.1 OK for: string_decoder@1.3.0 want: ~5.2.0
383 timing idealTree:node_modules/string_decoder Completed in 0ms
384 timing idealTree:node_modules/tunnel-agent Completed in 0ms
385 timing idealTree:node_modules/util-deprecate Completed in 0ms
386 timing idealTree:node_modules/wrappy Completed in 0ms
387 timing idealTree:node_modules/yallist Completed in 0ms
388 silly placeDep node_modules/@serialport/binding-abstract ms@2.1.2 OK for: debug@4.3.4 want: 2.1.2
389 timing idealTree:node_modules/@serialport/binding-abstract/node_modules/debug Completed in 0ms
390 timing idealTree:node_modules/@serialport/binding-abstract/node_modules/ms Completed in 0ms
391 silly placeDep node_modules/@serialport/bindings @serialport/parser-delimiter@9.2.4 OK for: @serialport/parser-readline@9.2.4 want: 9.2.4
392 timing idealTree:node_modules/@serialport/bindings/node_modules/@serialport/parser-readline Completed in 1ms
393 timing idealTree:node_modules/@serialport/bindings/node_modules/@serialport/parser-delimiter Completed in 0ms
394 silly placeDep node_modules/@serialport/bindings ms@2.1.2 OK for: debug@4.3.4 want: 2.1.2
395 timing idealTree:node_modules/@serialport/bindings/node_modules/debug Completed in 0ms
396 timing idealTree:node_modules/@serialport/bindings/node_modules/ms Completed in 0ms
397 timing idealTree:node_modules/modbus-serial/node_modules/@serialport/binding-mock Completed in 0ms
398 timing idealTree:node_modules/modbus-serial/node_modules/@serialport/parser-byte-length Completed in 0ms
399 timing idealTree:node_modules/modbus-serial/node_modules/@serialport/parser-cctalk Completed in 0ms
400 timing idealTree:node_modules/modbus-serial/node_modules/@serialport/parser-delimiter Completed in 0ms
401 timing idealTree:node_modules/modbus-serial/node_modules/@serialport/parser-inter-byte-timeout Completed in 0ms
402 timing idealTree:node_modules/modbus-serial/node_modules/@serialport/parser-readline Completed in 0ms
403 timing idealTree:node_modules/modbus-serial/node_modules/@serialport/parser-ready Completed in 0ms
404 timing idealTree:node_modules/modbus-serial/node_modules/@serialport/parser-regex Completed in 0ms
405 timing idealTree:node_modules/modbus-serial/node_modules/@serialport/stream Completed in 0ms
406 silly placeDep node_modules/node-red-contrib-modbus ms@2.1.2 OK for: debug@4.3.4 want: 2.1.2
407 timing idealTree:node_modules/node-red-contrib-modbus/node_modules/debug Completed in 0ms
408 timing idealTree:node_modules/node-red-contrib-modbus/node_modules/ms Completed in 0ms
409 silly placeDep node_modules/serialport ms@2.1.2 OK for: debug@4.3.4 want: 2.1.2
410 timing idealTree:node_modules/serialport/node_modules/debug Completed in 1ms
411 timing idealTree:node_modules/serialport/node_modules/ms Completed in 0ms
412 timing idealTree:node_modules/string_decoder/node_modules/safe-buffer Completed in 0ms
413 timing idealTree:buildDeps Completed in 6058ms
414 timing idealTree:fixDepFlags Completed in 1ms
415 timing idealTree Completed in 6110ms
416 timing reify:loadTrees Completed in 6111ms
417 timing reify:diffTrees Completed in 4ms
418 silly reify moves {}
419 timing reify:retireShallow Completed in 1ms
420 timing reify:createSparse Completed in 11ms
421 timing reify:trashOmits Completed in 0ms
422 timing reify:loadBundles Completed in 0ms
423 silly tarball no local data for util-deprecate@https://registry.npmjs.org/util-deprecate/-/util-deprecate-1.0.2.tgz. Extracting by manifest.
424 silly tarball no local data for string_decoder@https://registry.npmjs.org/string_decoder/-/string_decoder-1.3.0.tgz. Extracting by manifest.
425 silly tarball no local data for fs-constants@https://registry.npmjs.org/fs-constants/-/fs-constants-1.0.0.tgz. Extracting by manifest.
426 silly tarball no local data for bl@https://registry.npmjs.org/bl/-/bl-4.1.0.tgz. Extracting by manifest.
427 silly tarball no local data for readable-stream@https://registry.npmjs.org/readable-stream/-/readable-stream-3.6.0.tgz. Extracting by manifest.
428 silly tarball no local data for chownr@https://registry.npmjs.org/chownr/-/chownr-1.1.4.tgz. Extracting by manifest.
429 silly tarball no local data for tar-stream@https://registry.npmjs.org/tar-stream/-/tar-stream-2.2.0.tgz. Extracting by manifest.
430 silly tarball no local data for mimic-response@https://registry.npmjs.org/mimic-response/-/mimic-response-3.1.0.tgz. Extracting by manifest.
431 silly tarball no local data for simple-concat@https://registry.npmjs.org/simple-concat/-/simple-concat-1.0.1.tgz. Extracting by manifest.
432 silly tarball no local data for decompress-response@https://registry.npmjs.org/decompress-response/-/decompress-response-6.0.0.tgz. Extracting by manifest.
433 silly tarball no local data for lru-cache@https://registry.npmjs.org/lru-cache/-/lru-cache-6.0.0.tgz. Extracting by manifest.
434 silly tarball no local data for yallist@https://registry.npmjs.org/yallist/-/yallist-4.0.0.tgz. Extracting by manifest.
435 silly tarball no local data for ini@https://registry.npmjs.org/ini/-/ini-1.3.8.tgz. Extracting by manifest.
436 silly tarball no local data for deep-extend@https://registry.npmjs.org/deep-extend/-/deep-extend-0.6.0.tgz. Extracting by manifest.
437 silly tarball no local data for strip-json-comments@https://registry.npmjs.org/strip-json-comments/-/strip-json-comments-2.0.1.tgz. Extracting by manifest.
438 silly tarball no local data for wrappy@https://registry.npmjs.org/wrappy/-/wrappy-1.0.2.tgz. Extracting by manifest.
439 silly tarball no local data for once@https://registry.npmjs.org/once/-/once-1.4.0.tgz. Extracting by manifest.
440 silly tarball no local data for end-of-stream@https://registry.npmjs.org/end-of-stream/-/end-of-stream-1.4.4.tgz. Extracting by manifest.
441 silly tarball no local data for semver@https://registry.npmjs.org/semver/-/semver-7.3.7.tgz. Extracting by manifest.
442 silly tarball no local data for tunnel-agent@https://registry.npmjs.org/tunnel-agent/-/tunnel-agent-0.6.0.tgz. Extracting by manifest.
443 silly tarball no local data for tar-fs@https://registry.npmjs.org/tar-fs/-/tar-fs-2.1.1.tgz. Extracting by manifest.
444 silly tarball no local data for simple-get@https://registry.npmjs.org/simple-get/-/simple-get-4.0.1.tgz. Extracting by manifest.
445 silly tarball no local data for node-abi@https://registry.npmjs.org/node-abi/-/node-abi-3.24.0.tgz. Extracting by manifest.
446 silly tarball no local data for pump@https://registry.npmjs.org/pump/-/pump-3.0.0.tgz. Extracting by manifest.
447 silly tarball no local data for napi-build-utils@https://registry.npmjs.org/napi-build-utils/-/napi-build-utils-1.0.2.tgz. Extracting by manifest.
448 silly tarball no local data for rc@https://registry.npmjs.org/rc/-/rc-1.2.8.tgz. Extracting by manifest.
449 silly tarball no local data for minimist@https://registry.npmjs.org/minimist/-/minimist-1.2.6.tgz. Extracting by manifest.
450 silly tarball no local data for expand-template@https://registry.npmjs.org/expand-template/-/expand-template-2.0.3.tgz. Extracting by manifest.
451 silly tarball no local data for github-from-package@https://registry.npmjs.org/github-from-package/-/github-from-package-0.0.0.tgz. Extracting by manifest.
452 silly tarball no local data for mkdirp-classic@https://registry.npmjs.org/mkdirp-classic/-/mkdirp-classic-0.5.3.tgz. Extracting by manifest.
453 silly tarball no local data for detect-libc@https://registry.npmjs.org/detect-libc/-/detect-libc-2.0.1.tgz. Extracting by manifest.
454 silly tarball no local data for file-uri-to-path@https://registry.npmjs.org/file-uri-to-path/-/file-uri-to-path-1.0.0.tgz. Extracting by manifest.
455 silly tarball no local data for bindings@https://registry.npmjs.org/bindings/-/bindings-1.5.0.tgz. Extracting by manifest.
456 silly tarball no local data for prebuild-install@https://registry.npmjs.org/prebuild-install/-/prebuild-install-7.1.1.tgz. Extracting by manifest.
457 silly tarball no local data for nan@https://registry.npmjs.org/nan/-/nan-2.16.0.tgz. Extracting by manifest.
458 silly tarball no local data for @serialport/binding-abstract@https://registry.npmjs.org/@serialport/binding-abstract/-/binding-abstract-9.2.3.tgz. Extracting by manifest.
459 silly tarball no local data for @serialport/bindings@https://registry.npmjs.org/@serialport/bindings/-/bindings-9.2.8.tgz. Extracting by manifest.
460 silly tarball no local data for acorn@https://registry.npmjs.org/acorn/-/acorn-8.8.0.tgz. Extracting by manifest.
461 silly tarball no local data for acorn-walk@https://registry.npmjs.org/acorn-walk/-/acorn-walk-8.2.0.tgz. Extracting by manifest.
462 silly tarball no local data for source-map@https://registry.npmjs.org/source-map/-/source-map-0.6.1.tgz. Extracting by manifest.
463 silly tarball no local data for buffer-from@https://registry.npmjs.org/buffer-from/-/buffer-from-1.1.2.tgz. Extracting by manifest.
464 silly tarball no local data for @serialport/parser-slip-encoder@https://registry.npmjs.org/@serialport/parser-slip-encoder/-/parser-slip-encoder-10.3.0.tgz. Extracting by manifest.
465 silly tarball no local data for @serialport/parser-regex@https://registry.npmjs.org/@serialport/parser-regex/-/parser-regex-10.3.0.tgz. Extracting by manifest.
466 silly tarball no local data for @serialport/stream@https://registry.npmjs.org/@serialport/stream/-/stream-10.3.0.tgz. Extracting by manifest.
467 silly tarball no local data for @serialport/parser-spacepacket@https://registry.npmjs.org/@serialport/parser-spacepacket/-/parser-spacepacket-10.3.0.tgz. Extracting by manifest.
468 silly tarball no local data for @serialport/parser-ready@https://registry.npmjs.org/@serialport/parser-ready/-/parser-ready-10.3.0.tgz. Extracting by manifest.
469 silly tarball no local data for @serialport/parser-packet-length@https://registry.npmjs.org/@serialport/parser-packet-length/-/parser-packet-length-10.3.0.tgz. Extracting by manifest.
470 silly tarball no local data for @serialport/parser-cctalk@https://registry.npmjs.org/@serialport/parser-cctalk/-/parser-cctalk-10.3.0.tgz. Extracting by manifest.
471 silly tarball no local data for @serialport/parser-inter-byte-timeout@https://registry.npmjs.org/@serialport/parser-inter-byte-timeout/-/parser-inter-byte-timeout-10.3.0.tgz. Extracting by manifest.
472 silly tarball no local data for @serialport/parser-byte-length@https://registry.npmjs.org/@serialport/parser-byte-length/-/parser-byte-length-10.3.0.tgz. Extracting by manifest.
473 silly tarball no local data for @serialport/binding-mock@https://registry.npmjs.org/@serialport/binding-mock/-/binding-mock-10.2.2.tgz. Extracting by manifest.
474 silly tarball no local data for crc@https://registry.npmjs.org/crc/-/crc-3.4.0.tgz. Extracting by manifest.
475 silly tarball no local data for ieee754@https://registry.npmjs.org/ieee754/-/ieee754-1.2.1.tgz. Extracting by manifest.
476 silly tarball no local data for base64-js@https://registry.npmjs.org/base64-js/-/base64-js-1.5.1.tgz. Extracting by manifest.
477 silly tarball no local data for buffer@https://registry.npmjs.org/buffer/-/buffer-5.7.1.tgz. Extracting by manifest.
478 silly tarball no local data for node-addon-api@https://registry.npmjs.org/node-addon-api/-/node-addon-api-4.3.0.tgz. Extracting by manifest.
479 silly tarball no local data for node-gyp-build@https://registry.npmjs.org/node-gyp-build/-/node-gyp-build-4.5.0.tgz. Extracting by manifest.
480 silly tarball no local data for @serialport/parser-readline@https://registry.npmjs.org/@serialport/parser-readline/-/parser-readline-10.3.0.tgz. Extracting by manifest.
481 silly tarball no local data for @serialport/parser-delimiter@https://registry.npmjs.org/@serialport/parser-delimiter/-/parser-delimiter-10.3.0.tgz. Extracting by manifest.
482 silly tarball no local data for @serialport/bindings-interface@https://registry.npmjs.org/@serialport/bindings-interface/-/bindings-interface-1.2.1.tgz. Extracting by manifest.
483 silly tarball no local data for @serialport/bindings-cpp@https://registry.npmjs.org/@serialport/bindings-cpp/-/bindings-cpp-10.7.0.tgz. Extracting by manifest.
484 silly tarball no local data for commander@https://registry.npmjs.org/commander/-/commander-9.4.0.tgz. Extracting by manifest.
485 silly tarball no local data for vm2@https://registry.npmjs.org/vm2/-/vm2-3.9.11.tgz. Extracting by manifest.
486 silly tarball no local data for source-map-support@https://registry.npmjs.org/source-map-support/-/source-map-support-0.5.21.tgz. Extracting by manifest.
487 silly tarball no local data for serialport@https://registry.npmjs.org/serialport/-/serialport-10.4.0.tgz. Extracting by manifest.
488 silly tarball no local data for modbus-serial@https://registry.npmjs.org/modbus-serial/-/modbus-serial-8.0.5.tgz. Extracting by manifest.
489 silly tarball no local data for jsmodbus@https://registry.npmjs.org/jsmodbus/-/jsmodbus-4.0.6.tgz. Extracting by manifest.
490 silly tarball no local data for bson@https://registry.npmjs.org/bson/-/bson-4.6.5.tgz. Extracting by manifest.
491 silly tarball no local data for line-by-line@https://registry.npmjs.org/line-by-line/-/line-by-line-0.1.6.tgz. Extracting by manifest.
492 silly tarball no local data for @serialport/list@https://registry.npmjs.org/@serialport/list/-/list-10.4.0.tgz. Extracting by manifest.
493 silly tarball no local data for node-red-contrib-modbus@https://registry.npmjs.org/node-red-contrib-modbus/-/node-red-contrib-modbus-5.23.1.tgz. Extracting by manifest.
494 silly tarball no local data for @xstate/fsm@https://registry.npmjs.org/@xstate/fsm/-/fsm-1.6.5.tgz. Extracting by manifest.
495 silly tarball no local data for safe-buffer@https://registry.npmjs.org/safe-buffer/-/safe-buffer-5.2.1.tgz. Extracting by manifest.
496 silly tarball no local data for @serialport/parser-delimiter@https://registry.npmjs.org/@serialport/parser-delimiter/-/parser-delimiter-9.2.4.tgz. Extracting by manifest.
497 silly tarball no local data for @serialport/parser-readline@https://registry.npmjs.org/@serialport/parser-readline/-/parser-readline-9.2.4.tgz. Extracting by manifest.
498 silly tarball no local data for @serialport/stream@https://registry.npmjs.org/@serialport/stream/-/stream-9.2.4.tgz. Extracting by manifest.
499 silly tarball no local data for @serialport/parser-regex@https://registry.npmjs.org/@serialport/parser-regex/-/parser-regex-9.2.4.tgz. Extracting by manifest.
500 silly tarball no local data for @serialport/parser-inter-byte-timeout@https://registry.npmjs.org/@serialport/parser-inter-byte-timeout/-/parser-inter-byte-timeout-9.2.4.tgz. Extracting by manifest.
501 silly tarball no local data for @serialport/parser-readline@https://registry.npmjs.org/@serialport/parser-readline/-/parser-readline-9.2.4.tgz. Extracting by manifest.
502 silly tarball no local data for @serialport/parser-delimiter@https://registry.npmjs.org/@serialport/parser-delimiter/-/parser-delimiter-9.2.4.tgz. Extracting by manifest.
503 silly tarball no local data for @serialport/parser-ready@https://registry.npmjs.org/@serialport/parser-ready/-/parser-ready-9.2.4.tgz. Extracting by manifest.
504 silly tarball no local data for @serialport/parser-cctalk@https://registry.npmjs.org/@serialport/parser-cctalk/-/parser-cctalk-9.2.4.tgz. Extracting by manifest.
505 silly tarball no local data for @serialport/binding-mock@https://registry.npmjs.org/@serialport/binding-mock/-/binding-mock-9.2.4.tgz. Extracting by manifest.
506 silly tarball no local data for @serialport/parser-byte-length@https://registry.npmjs.org/@serialport/parser-byte-length/-/parser-byte-length-9.2.4.tgz. Extracting by manifest.
507 silly tarball no local data for serialport@https://registry.npmjs.org/serialport/-/serialport-9.2.8.tgz. Extracting by manifest.
508 silly tarball no local data for debug@https://registry.npmjs.org/debug/-/debug-3.2.7.tgz. Extracting by manifest.
509 timing reifyNode:node_modules/@serialport/bindings/node_modules/ms Completed in 504ms
510 timing reifyNode:node_modules/@serialport/binding-mock/node_modules/ms Completed in 503ms
511 timing reifyNode:node_modules/@serialport/binding-abstract/node_modules/ms Completed in 504ms
512 timing reifyNode:node_modules/@serialport/stream/node_modules/ms Completed in 503ms
513 timing reifyNode:node_modules/serialport/node_modules/ms Completed in 504ms
514 timing reifyNode:node_modules/@serialport/bindings-cpp/node_modules/ms Completed in 504ms
515 timing reifyNode:node_modules/modbus-serial/node_modules/ms Completed in 503ms
516 timing reifyNode:node_modules/node-red-contrib-modbus/node_modules/ms Completed in 502ms
517 timing reifyNode:node_modules/jsmodbus/node_modules/ms Completed in 503ms
518 timing reifyNode:node_modules/@serialport/binding-mock/node_modules/debug Completed in 535ms
519 timing reifyNode:node_modules/@serialport/stream/node_modules/debug Completed in 535ms
520 timing reifyNode:node_modules/serialport/node_modules/debug Completed in 535ms
521 timing reifyNode:node_modules/@serialport/bindings/node_modules/debug Completed in 535ms
522 timing reifyNode:node_modules/@serialport/bindings-cpp/node_modules/debug Completed in 535ms
523 timing reifyNode:node_modules/modbus-serial/node_modules/debug Completed in 534ms
524 timing reifyNode:node_modules/@serialport/binding-abstract/node_modules/debug Completed in 536ms
525 timing reifyNode:node_modules/node-red-contrib-modbus/node_modules/debug Completed in 536ms
526 http fetch GET 200 https://registry.npmjs.org/util-deprecate/-/util-deprecate-1.0.2.tgz 523ms (cache miss)
527 timing reifyNode:node_modules/util-deprecate Completed in 555ms
528 http fetch GET 200 https://registry.npmjs.org/string_decoder/-/string_decoder-1.3.0.tgz 529ms (cache miss)
529 timing reifyNode:node_modules/string_decoder Completed in 563ms
530 http fetch GET 200 https://registry.npmjs.org/end-of-stream/-/end-of-stream-1.4.4.tgz 469ms (cache miss)
531 timing reifyNode:node_modules/end-of-stream Completed in 568ms
532 http fetch GET 200 https://registry.npmjs.org/tunnel-agent/-/tunnel-agent-0.6.0.tgz 471ms (cache miss)
533 timing reifyNode:node_modules/tunnel-agent Completed in 575ms
534 http fetch GET 200 https://registry.npmjs.org/fs-constants/-/fs-constants-1.0.0.tgz 539ms (cache miss)
535 timing reifyNode:node_modules/fs-constants Completed in 578ms
536 http fetch GET 200 https://registry.npmjs.org/decompress-response/-/decompress-response-6.0.0.tgz 519ms (cache miss)
537 timing reifyNode:node_modules/decompress-response Completed in 581ms
538 http fetch GET 200 https://registry.npmjs.org/expand-template/-/expand-template-2.0.3.tgz 452ms (cache miss)
539 timing reifyNode:node_modules/expand-template Completed in 583ms
540 http fetch GET 200 https://registry.npmjs.org/strip-json-comments/-/strip-json-comments-2.0.1.tgz 512ms (cache miss)
541 timing reifyNode:node_modules/strip-json-comments Completed in 591ms
542 http fetch GET 200 https://registry.npmjs.org/deep-extend/-/deep-extend-0.6.0.tgz 524ms (cache miss)
543 timing reifyNode:node_modules/deep-extend Completed in 600ms
544 http fetch GET 200 https://registry.npmjs.org/mimic-response/-/mimic-response-3.1.0.tgz 553ms (cache miss)
545 timing reifyNode:node_modules/mimic-response Completed in 609ms
546 http fetch GET 200 https://registry.npmjs.org/chownr/-/chownr-1.1.4.tgz 565ms (cache miss)
547 timing reifyNode:node_modules/chownr Completed in 612ms
548 http fetch GET 200 https://registry.npmjs.org/minimist/-/minimist-1.2.6.tgz 484ms (cache miss)
549 http fetch GET 200 https://registry.npmjs.org/yallist/-/yallist-4.0.0.tgz 552ms (cache miss)
550 timing reifyNode:node_modules/yallist Completed in 623ms
551 http fetch GET 200 https://registry.npmjs.org/wrappy/-/wrappy-1.0.2.tgz 539ms (cache miss)
552 timing reifyNode:node_modules/wrappy Completed in 625ms
553 http fetch GET 200 https://registry.npmjs.org/once/-/once-1.4.0.tgz 531ms (cache miss)
554 timing reifyNode:node_modules/once Completed in 628ms
555 http fetch GET 200 https://registry.npmjs.org/simple-get/-/simple-get-4.0.1.tgz 523ms (cache miss)
556 timing reifyNode:node_modules/simple-get Completed in 632ms
557 http fetch GET 200 https://registry.npmjs.org/tar-fs/-/tar-fs-2.1.1.tgz 532ms (cache miss)
558 http fetch GET 200 https://registry.npmjs.org/github-from-package/-/github-from-package-0.0.0.tgz 506ms (cache miss)
559 timing reifyNode:node_modules/github-from-package Completed in 644ms
560 http fetch GET 200 https://registry.npmjs.org/bl/-/bl-4.1.0.tgz 607ms (cache miss)
561 timing reifyNode:node_modules/bl Completed in 649ms
562 http fetch GET 200 https://registry.npmjs.org/ini/-/ini-1.3.8.tgz 578ms (cache miss)
563 timing reifyNode:node_modules/ini Completed in 652ms
564 http fetch GET 200 https://registry.npmjs.org/rc/-/rc-1.2.8.tgz 528ms (cache miss)
565 timing reifyNode:node_modules/rc Completed in 654ms
566 http fetch GET 200 https://registry.npmjs.org/buffer-from/-/buffer-from-1.1.2.tgz 480ms (cache miss)
567 timing reifyNode:node_modules/buffer-from Completed in 656ms
568 http fetch GET 200 https://registry.npmjs.org/@serialport/binding-abstract/-/binding-abstract-9.2.3.tgz 499ms (cache miss)
569 timing reifyNode:node_modules/@serialport/binding-abstract Completed in 659ms
570 http fetch GET 200 https://registry.npmjs.org/simple-concat/-/simple-concat-1.0.1.tgz 610ms (cache miss)
571 timing reifyNode:node_modules/simple-concat Completed in 669ms
572 http fetch GET 200 https://registry.npmjs.org/lru-cache/-/lru-cache-6.0.0.tgz 605ms (cache miss)
573 timing reifyNode:node_modules/lru-cache Completed in 675ms
574 http fetch GET 200 https://registry.npmjs.org/file-uri-to-path/-/file-uri-to-path-1.0.0.tgz 535ms (cache miss)
575 timing reifyNode:node_modules/file-uri-to-path Completed in 676ms
576 http fetch GET 200 https://registry.npmjs.org/detect-libc/-/detect-libc-2.0.1.tgz 543ms (cache miss)
577 timing reifyNode:node_modules/detect-libc Completed in 683ms
578 http fetch GET 200 https://registry.npmjs.org/prebuild-install/-/prebuild-install-7.1.1.tgz 535ms (cache miss)
579 http fetch GET 200 https://registry.npmjs.org/mkdirp-classic/-/mkdirp-classic-0.5.3.tgz 552ms (cache miss)
580 timing reifyNode:node_modules/mkdirp-classic Completed in 688ms
581 http fetch GET 200 https://registry.npmjs.org/napi-build-utils/-/napi-build-utils-1.0.2.tgz 573ms (cache miss)
582 timing reifyNode:node_modules/napi-build-utils Completed in 693ms
583 http fetch GET 200 https://registry.npmjs.org/pump/-/pump-3.0.0.tgz 582ms (cache miss)
584 timing reifyNode:node_modules/pump Completed in 697ms
585 http fetch GET 200 https://registry.npmjs.org/bindings/-/bindings-1.5.0.tgz 552ms (cache miss)
586 timing reifyNode:node_modules/bindings Completed in 699ms
587 http fetch GET 200 https://registry.npmjs.org/tar-stream/-/tar-stream-2.2.0.tgz 658ms (cache miss)
588 timing reifyNode:node_modules/tar-stream Completed in 708ms
589 timing reifyNode:node_modules/prebuild-install Completed in 707ms
590 http fetch GET 200 https://registry.npmjs.org/acorn-walk/-/acorn-walk-8.2.0.tgz 543ms (cache miss)
591 timing reifyNode:node_modules/acorn-walk Completed in 710ms
592 http fetch GET 200 https://registry.npmjs.org/node-abi/-/node-abi-3.24.0.tgz 610ms (cache miss)
593 timing reifyNode:node_modules/node-abi Completed in 722ms
594 http fetch GET 200 https://registry.npmjs.org/ieee754/-/ieee754-1.2.1.tgz 505ms (cache miss)
595 timing reifyNode:node_modules/ieee754 Completed in 725ms
596 timing reifyNode:node_modules/minimist Completed in 727ms
597 http fetch GET 200 https://registry.npmjs.org/base64-js/-/base64-js-1.5.1.tgz 509ms (cache miss)
598 timing reifyNode:node_modules/base64-js Completed in 732ms
599 http fetch GET 200 https://registry.npmjs.org/node-gyp-build/-/node-gyp-build-4.5.0.tgz 492ms (cache miss)
600 timing reifyNode:node_modules/node-gyp-build Completed in 735ms
601 http fetch GET 200 https://registry.npmjs.org/crc/-/crc-3.4.0.tgz 527ms (cache miss)
602 timing reifyNode:node_modules/crc Completed in 747ms
603 http fetch GET 200 https://registry.npmjs.org/buffer/-/buffer-5.7.1.tgz 528ms (cache miss)
604 timing reifyNode:node_modules/buffer Completed in 754ms
605 timing reifyNode:node_modules/tar-fs Completed in 761ms
606 http fetch GET 200 https://registry.npmjs.org/acorn/-/acorn-8.8.0.tgz 599ms (cache miss)
607 timing reifyNode:node_modules/acorn Completed in 764ms
608 http fetch GET 200 https://registry.npmjs.org/readable-stream/-/readable-stream-3.6.0.tgz 729ms (cache miss)
609 timing reifyNode:node_modules/readable-stream Completed in 773ms
610 http fetch GET 200 https://registry.npmjs.org/@serialport/parser-spacepacket/-/parser-spacepacket-10.3.0.tgz 584ms (cache miss)
611 timing reifyNode:node_modules/@serialport/parser-spacepacket Completed in 774ms
612 http fetch GET 200 https://registry.npmjs.org/node-addon-api/-/node-addon-api-4.3.0.tgz 549ms (cache miss)
613 timing reifyNode:node_modules/node-addon-api Completed in 784ms
614 http fetch GET 200 https://registry.npmjs.org/semver/-/semver-7.3.7.tgz 690ms (cache miss)
615 timing reifyNode:node_modules/semver Completed in 791ms
616 http fetch GET 200 https://registry.npmjs.org/nan/-/nan-2.16.0.tgz 644ms (cache miss)
617 timing reifyNode:node_modules/nan Completed in 801ms
618 http fetch GET 200 https://registry.npmjs.org/source-map/-/source-map-0.6.1.tgz 634ms (cache miss)
619 timing reifyNode:node_modules/source-map Completed in 804ms
620 http fetch GET 200 https://registry.npmjs.org/commander/-/commander-9.4.0.tgz 551ms (cache miss)
621 timing reifyNode:node_modules/commander Completed in 806ms
622 http fetch GET 200 https://registry.npmjs.org/@serialport/parser-readline/-/parser-readline-10.3.0.tgz 590ms (cache miss)
623 timing reifyNode:node_modules/@serialport/parser-readline Completed in 835ms
624 http fetch GET 200 https://registry.npmjs.org/source-map-support/-/source-map-support-0.5.21.tgz 607ms (cache miss)
625 timing reifyNode:node_modules/source-map-support Completed in 867ms
626 http fetch GET 200 https://registry.npmjs.org/vm2/-/vm2-3.9.11.tgz 629ms (cache miss)
627 timing reifyNode:node_modules/vm2 Completed in 886ms
628 http fetch GET 200 https://registry.npmjs.org/serialport/-/serialport-10.4.0.tgz 629ms (cache miss)
629 timing reifyNode:node_modules/serialport Completed in 895ms
630 http fetch GET 200 https://registry.npmjs.org/modbus-serial/-/modbus-serial-8.0.5.tgz 677ms (cache miss)
631 timing reifyNode:node_modules/modbus-serial Completed in 952ms
632 http fetch GET 200 https://registry.npmjs.org/jsmodbus/-/jsmodbus-4.0.6.tgz 694ms (cache miss)
633 timing reifyNode:node_modules/jsmodbus Completed in 969ms
634 http fetch GET 200 https://registry.npmjs.org/line-by-line/-/line-by-line-0.1.6.tgz 692ms (cache miss)
635 timing reifyNode:node_modules/line-by-line Completed in 973ms
636 http fetch GET 200 https://registry.npmjs.org/bson/-/bson-4.6.5.tgz 784ms (cache miss)
637 timing reifyNode:node_modules/bson Completed in 1060ms
638 http fetch GET 200 https://registry.npmjs.org/@serialport/parser-slip-encoder/-/parser-slip-encoder-10.3.0.tgz 1072ms (cache miss)
639 timing reifyNode:node_modules/@serialport/parser-slip-encoder Completed in 1250ms
640 http fetch GET 200 https://registry.npmjs.org/@serialport/bindings/-/bindings-9.2.8.tgz 1105ms (cache miss)
641 timing reifyNode:node_modules/@serialport/bindings Completed in 1272ms
642 http fetch GET 200 https://registry.npmjs.org/@serialport/parser-cctalk/-/parser-cctalk-10.3.0.tgz 1117ms (cache miss)
643 timing reifyNode:node_modules/@serialport/parser-cctalk Completed in 1315ms
644 http fetch GET 200 https://registry.npmjs.org/@serialport/parser-byte-length/-/parser-byte-length-10.3.0.tgz 1111ms (cache miss)
645 timing reifyNode:node_modules/@serialport/parser-byte-length Completed in 1318ms
646 http fetch GET 200 https://registry.npmjs.org/@serialport/parser-regex/-/parser-regex-10.3.0.tgz 1141ms (cache miss)
647 timing reifyNode:node_modules/@serialport/parser-regex Completed in 1323ms
648 http fetch GET 200 https://registry.npmjs.org/@serialport/parser-packet-length/-/parser-packet-length-10.3.0.tgz 1129ms (cache miss)
649 timing reifyNode:node_modules/@serialport/parser-packet-length Completed in 1325ms
650 http fetch GET 200 https://registry.npmjs.org/@serialport/parser-inter-byte-timeout/-/parser-inter-byte-timeout-10.3.0.tgz 1127ms (cache miss)
651 timing reifyNode:node_modules/@serialport/parser-inter-byte-timeout Completed in 1328ms
652 http fetch GET 200 https://registry.npmjs.org/@serialport/binding-mock/-/binding-mock-10.2.2.tgz 1126ms (cache miss)
653 timing reifyNode:node_modules/@serialport/binding-mock Completed in 1336ms
654 http fetch GET 200 https://registry.npmjs.org/@serialport/stream/-/stream-10.3.0.tgz 1152ms (cache miss)
655 timing reifyNode:node_modules/@serialport/stream Completed in 1340ms
656 http fetch GET 200 https://registry.npmjs.org/@serialport/parser-ready/-/parser-ready-10.3.0.tgz 1155ms (cache miss)
657 timing reifyNode:node_modules/@serialport/parser-ready Completed in 1348ms
658 http fetch GET 200 https://registry.npmjs.org/@serialport/parser-delimiter/-/parser-delimiter-9.2.4.tgz 1060ms (cache miss)
659 timing reifyNode:node_modules/@serialport/bindings/node_modules/@serialport/parser-delimiter Completed in 1358ms
660 http fetch GET 200 https://registry.npmjs.org/safe-buffer/-/safe-buffer-5.2.1.tgz 1070ms (cache miss)
661 timing reifyNode:node_modules/string_decoder/node_modules/safe-buffer Completed in 1365ms
662 http fetch GET 200 https://registry.npmjs.org/@serialport/parser-regex/-/parser-regex-9.2.4.tgz 1056ms (cache miss)
663 timing reifyNode:node_modules/modbus-serial/node_modules/@serialport/parser-regex Completed in 1365ms
664 http fetch GET 200 https://registry.npmjs.org/@serialport/stream/-/stream-9.2.4.tgz 1064ms (cache miss)
665 timing reifyNode:node_modules/modbus-serial/node_modules/@serialport/stream Completed in 1370ms
666 http fetch GET 200 https://registry.npmjs.org/@serialport/parser-readline/-/parser-readline-9.2.4.tgz 1071ms (cache miss)
667 timing reifyNode:node_modules/@serialport/bindings/node_modules/@serialport/parser-readline Completed in 1375ms
668 http fetch GET 200 https://registry.npmjs.org/@serialport/parser-delimiter/-/parser-delimiter-9.2.4.tgz 1082ms (cache miss)
669 timing reifyNode:node_modules/modbus-serial/node_modules/@serialport/parser-delimiter Completed in 1398ms
670 http fetch GET 200 https://registry.npmjs.org/@serialport/parser-inter-byte-timeout/-/parser-inter-byte-timeout-9.2.4.tgz 1093ms (cache miss)
671 timing reifyNode:node_modules/modbus-serial/node_modules/@serialport/parser-inter-byte-timeout Completed in 1405ms
672 http fetch GET 200 https://registry.npmjs.org/@serialport/parser-readline/-/parser-readline-9.2.4.tgz 1100ms (cache miss)
673 timing reifyNode:node_modules/modbus-serial/node_modules/@serialport/parser-readline Completed in 1415ms
674 http fetch GET 200 https://registry.npmjs.org/serialport/-/serialport-9.2.8.tgz 1084ms (cache miss)
675 timing reifyNode:node_modules/modbus-serial/node_modules/serialport Completed in 1420ms
676 http fetch GET 200 https://registry.npmjs.org/debug/-/debug-3.2.7.tgz 1084ms (cache miss)
677 timing reifyNode:node_modules/jsmodbus/node_modules/debug Completed in 1424ms
678 http fetch GET 200 https://registry.npmjs.org/@serialport/parser-ready/-/parser-ready-9.2.4.tgz 1104ms (cache miss)
679 timing reifyNode:node_modules/modbus-serial/node_modules/@serialport/parser-ready Completed in 1426ms
680 http fetch GET 200 https://registry.npmjs.org/@serialport/parser-cctalk/-/parser-cctalk-9.2.4.tgz 1104ms (cache miss)
681 timing reifyNode:node_modules/modbus-serial/node_modules/@serialport/parser-cctalk Completed in 1429ms
682 http fetch GET 200 https://registry.npmjs.org/@serialport/bindings-interface/-/bindings-interface-1.2.1.tgz 1186ms (cache miss)
683 timing reifyNode:node_modules/@serialport/bindings-interface Completed in 1436ms
684 http fetch GET 200 https://registry.npmjs.org/@serialport/binding-mock/-/binding-mock-9.2.4.tgz 1110ms (cache miss)
685 timing reifyNode:node_modules/modbus-serial/node_modules/@serialport/binding-mock Completed in 1437ms
686 http fetch GET 200 https://registry.npmjs.org/@serialport/parser-delimiter/-/parser-delimiter-10.3.0.tgz 1194ms (cache miss)
687 timing reifyNode:node_modules/@serialport/parser-delimiter Completed in 1441ms
688 http fetch GET 200 https://registry.npmjs.org/@serialport/parser-byte-length/-/parser-byte-length-9.2.4.tgz 1109ms (cache miss)
689 timing reifyNode:node_modules/modbus-serial/node_modules/@serialport/parser-byte-length Completed in 1444ms
690 http fetch GET 200 https://registry.npmjs.org/@serialport/bindings-cpp/-/bindings-cpp-10.7.0.tgz 1410ms (cache miss)
691 timing reifyNode:node_modules/@serialport/bindings-cpp Completed in 1662ms
692 http fetch GET 200 https://registry.npmjs.org/@serialport/list/-/list-10.4.0.tgz 1477ms (cache miss)
693 timing reifyNode:node_modules/@serialport/list Completed in 1757ms
694 http fetch GET 200 https://registry.npmjs.org/node-red-contrib-modbus/-/node-red-contrib-modbus-5.23.1.tgz 1560ms (cache miss)
695 timing reifyNode:node_modules/node-red-contrib-modbus Completed in 1843ms
696 http fetch GET 200 https://registry.npmjs.org/@xstate/fsm/-/fsm-1.6.5.tgz 1833ms (cache miss)
697 timing reifyNode:node_modules/@xstate/fsm Completed in 2119ms
698 timing reify:unpack Completed in 2124ms
699 timing reify:unretire Completed in 1ms
700 timing build:queue Completed in 3ms
701 timing build:link:node_modules/jsmodbus Completed in 2ms
702 timing build:link:node_modules/prebuild-install Completed in 3ms
703 timing build:link:node_modules/acorn Completed in 3ms
704 timing build:link:node_modules/semver Completed in 3ms
705 timing build:link:node_modules/rc Completed in 3ms
706 timing build:link:node_modules/vm2 Completed in 3ms
707 timing build:link:node_modules/node-gyp-build Completed in 3ms
708 timing build:link:node_modules/@serialport/list Completed in 3ms
709 timing build:link Completed in 3ms
710 info run @serialport/bindings@9.2.8 install node_modules/@serialport/bindings prebuild-install --tag-prefix @serialport/bindings@ || node-gyp rebuild
711 info run @serialport/bindings-cpp@10.7.0 install node_modules/@serialport/bindings-cpp node-gyp-build
712 info run @serialport/bindings-cpp@10.7.0 install { code: 0, signal: null }
713 timing build:run:install:node_modules/@serialport/bindings-cpp Completed in 90ms
714 info run @serialport/bindings@9.2.8 install { code: 0, signal: null }
715 timing build:run:install:node_modules/@serialport/bindings Completed in 5510ms
716 timing build:run:install Completed in 5510ms
717 info run node-red-contrib-modbus@5.23.1 postinstall node_modules/node-red-contrib-modbus node ./supporter.js
718 info run node-red-contrib-modbus@5.23.1 postinstall { code: 0, signal: null }
719 timing build:run:postinstall:node_modules/node-red-contrib-modbus Completed in 43ms
720 timing build:run:postinstall Completed in 43ms
721 timing build:deps Completed in 5560ms
722 timing build Completed in 5560ms
723 timing reify:build Completed in 5560ms
724 timing reify:trash Completed in 0ms
725 timing reify:save Completed in 37ms
726 timing reify Completed in 13876ms
727 silly ADD node_modules/util-deprecate
728 silly ADD node_modules/string_decoder
729 silly ADD node_modules/string_decoder/node_modules/safe-buffer
730 silly ADD node_modules/readable-stream
731 silly ADD node_modules/fs-constants
732 silly ADD node_modules/bl
733 silly ADD node_modules/tar-stream
734 silly ADD node_modules/chownr
735 silly ADD node_modules/mimic-response
736 silly ADD node_modules/simple-concat
737 silly ADD node_modules/decompress-response
738 silly ADD node_modules/yallist
739 silly ADD node_modules/lru-cache
740 silly ADD node_modules/strip-json-comments
741 silly ADD node_modules/ini
742 silly ADD node_modules/deep-extend
743 silly ADD node_modules/wrappy
744 silly ADD node_modules/once
745 silly ADD node_modules/end-of-stream
746 silly ADD node_modules/semver
747 silly ADD node_modules/tunnel-agent
748 silly ADD node_modules/tar-fs
749 silly ADD node_modules/simple-get
750 silly ADD node_modules/rc
751 silly ADD node_modules/pump
752 silly ADD node_modules/node-abi
753 silly ADD node_modules/napi-build-utils
754 silly ADD node_modules/mkdirp-classic
755 silly ADD node_modules/minimist
756 silly ADD node_modules/github-from-package
757 silly ADD node_modules/expand-template
758 silly ADD node_modules/detect-libc
759 silly ADD node_modules/file-uri-to-path
760 silly ADD node_modules/prebuild-install
761 silly ADD node_modules/nan
762 silly ADD node_modules/bindings
763 silly ADD node_modules/@serialport/binding-abstract
764 silly ADD node_modules/@serialport/binding-abstract/node_modules/ms
765 silly ADD node_modules/@serialport/binding-abstract/node_modules/debug
766 silly ADD node_modules/@serialport/bindings
767 silly ADD node_modules/@serialport/bindings/node_modules/ms
768 silly ADD node_modules/@serialport/bindings/node_modules/@serialport/parser-delimiter
769 silly ADD node_modules/@serialport/bindings/node_modules/debug
770 silly ADD node_modules/@serialport/bindings/node_modules/@serialport/parser-readline
771 silly ADD node_modules/acorn-walk
772 silly ADD node_modules/acorn
773 silly ADD node_modules/source-map
774 silly ADD node_modules/buffer-from
775 silly ADD node_modules/@serialport/stream
776 silly ADD node_modules/@serialport/stream/node_modules/ms
777 silly ADD node_modules/@serialport/stream/node_modules/debug
778 silly ADD node_modules/@serialport/parser-spacepacket
779 silly ADD node_modules/@serialport/parser-slip-encoder
780 silly ADD node_modules/@serialport/parser-regex
781 silly ADD node_modules/@serialport/parser-ready
782 silly ADD node_modules/@serialport/parser-packet-length
783 silly ADD node_modules/@serialport/parser-inter-byte-timeout
784 silly ADD node_modules/@serialport/parser-cctalk
785 silly ADD node_modules/@serialport/parser-byte-length
786 silly ADD node_modules/@serialport/binding-mock
787 silly ADD node_modules/@serialport/binding-mock/node_modules/ms
788 silly ADD node_modules/@serialport/binding-mock/node_modules/debug
789 silly ADD node_modules/crc
790 silly ADD node_modules/ieee754
791 silly ADD node_modules/base64-js
792 silly ADD node_modules/buffer
793 silly ADD node_modules/@serialport/parser-delimiter
794 silly ADD node_modules/node-gyp-build
795 silly ADD node_modules/node-addon-api
796 silly ADD node_modules/@serialport/parser-readline
797 silly ADD node_modules/@serialport/bindings-interface
798 silly ADD node_modules/commander
799 silly ADD node_modules/@serialport/bindings-cpp
800 silly ADD node_modules/@serialport/bindings-cpp/node_modules/ms
801 silly ADD node_modules/@serialport/bindings-cpp/node_modules/debug
802 silly ADD node_modules/vm2
803 silly ADD node_modules/source-map-support
804 silly ADD node_modules/serialport
805 silly ADD node_modules/serialport/node_modules/ms
806 silly ADD node_modules/serialport/node_modules/debug
807 silly ADD node_modules/modbus-serial
808 silly ADD node_modules/modbus-serial/node_modules/@serialport/stream
809 silly ADD node_modules/modbus-serial/node_modules/@serialport/parser-regex
810 silly ADD node_modules/modbus-serial/node_modules/@serialport/parser-ready
811 silly ADD node_modules/modbus-serial/node_modules/@serialport/parser-readline
812 silly ADD node_modules/modbus-serial/node_modules/@serialport/parser-inter-byte-timeout
813 silly ADD node_modules/modbus-serial/node_modules/@serialport/parser-delimiter
814 silly ADD node_modules/modbus-serial/node_modules/@serialport/parser-cctalk
815 silly ADD node_modules/modbus-serial/node_modules/@serialport/parser-byte-length
816 silly ADD node_modules/modbus-serial/node_modules/@serialport/binding-mock
817 silly ADD node_modules/modbus-serial/node_modules/ms
818 silly ADD node_modules/modbus-serial/node_modules/serialport
819 silly ADD node_modules/modbus-serial/node_modules/debug
820 silly ADD node_modules/line-by-line
821 silly ADD node_modules/jsmodbus
822 silly ADD node_modules/jsmodbus/node_modules/ms
823 silly ADD node_modules/jsmodbus/node_modules/debug
824 silly ADD node_modules/bson
825 silly ADD node_modules/@xstate/fsm
826 silly ADD node_modules/@serialport/list
827 silly ADD node_modules/node-red-contrib-modbus
828 silly ADD node_modules/node-red-contrib-modbus/node_modules/ms
829 silly ADD node_modules/node-red-contrib-modbus/node_modules/debug
830 timing command:install Completed in 13882ms
831 verbose exit 0
832 timing npm Completed in 13958ms
833 info ok
